============================================================
  Generated by:           Genus(TM) Synthesis Solution 21.15-s080_1
  Generated on:           Aug 08 2024  09:09:43 pm
  Module:                 proj_kmer_buffer
  Operating conditions:   ss_typical_max_0p90v_125c 
  Interconnect mode:      global
  Area mode:              physical library
============================================================

Timing
--------

Clock Period 
-------------
clk   1650.0 


  Cost    Critical              Violating 
 Group   Path Slack     TNS       Paths   
------------------------------------------
clk        No paths        0.0            
default    No paths        0.0            
in2out       -515.0   -11587.0         28 
in2reg         17.7        0.0          0 
reg2out     -1828.7   -43441.7         32 
reg2reg       211.8        0.0          0 
------------------------------------------
Total                 -43441.7         60 

Instance Count
--------------
Leaf Instance Count             1998 
Physical Instance count            0 
Sequential Instance Count         36 
Combinational Instance Count    1962 
Hierarchical Instance Count        0 

Area
----
Cell Area                          10614.960
Physical Cell Area                 0.000
Total Cell Area (Cell+Physical)    10614.960
Net Area                           2847.001
Total Area (Cell+Physical+Net)     13461.961

Max Fanout                         36 (clk)
Min Fanout                         0 (n_19)
Average Fanout                     1.9
Terms to net ratio                 2.8987
Terms to instance ratio            2.9640
Runtime                            158.31771000000003 seconds
Elapsed Runtime                    212 seconds
Genus peak memory usage            6886.75 
Innovus peak memory usage          no_value 
Hostname                           ip-10-0-112-224.eu-central-1.compute.internal
