============================================================
  Generated by:           Genus(TM) Synthesis Solution 21.15-s080_1
  Generated on:           Aug 09 2024  12:48:36 pm
  Module:                 proj_sorter
  Operating conditions:   ss_typical_max_0p90v_125c 
  Interconnect mode:      global
  Area mode:              physical library
============================================================

                                        
       Gate         Instances    Area                        Library                      
------------------------------------------------------------------------------------------
A2DFFQ_X0P5M_A9TL          24   172.800    sc9_cln65lp_base_lvt_ss_typical_max_0p90v_125c 
ADDH_X1M_A9TL               4    18.720    sc9_cln65lp_base_lvt_ss_typical_max_0p90v_125c 
AND2_X1M_A9TL               3     5.400    sc9_cln65lp_base_lvt_ss_typical_max_0p90v_125c 
AND2_X2M_A9TL               4    10.080    sc9_cln65lp_base_lvt_ss_typical_max_0p90v_125c 
AND3_X1M_A9TL               3     7.560    sc9_cln65lp_base_lvt_ss_typical_max_0p90v_125c 
AO21B_X1M_A9TL             15    37.800    sc9_cln65lp_base_lvt_ss_typical_max_0p90v_125c 
AO21B_X2M_A9TL              1     3.600    sc9_cln65lp_base_lvt_ss_typical_max_0p90v_125c 
AO21_X1M_A9TL               3     8.640    sc9_cln65lp_base_lvt_ss_typical_max_0p90v_125c 
AO21_X2M_A9TL               1     4.680    sc9_cln65lp_base_lvt_ss_typical_max_0p90v_125c 
AOI211_X1M_A9TL            12    30.240    sc9_cln65lp_base_lvt_ss_typical_max_0p90v_125c 
AOI21_X1M_A9TL              6    12.960    sc9_cln65lp_base_lvt_ss_typical_max_0p90v_125c 
AOI21_X2M_A9TL              1     3.600    sc9_cln65lp_base_lvt_ss_typical_max_0p90v_125c 
AOI221_X1M_A9TL             3     9.720    sc9_cln65lp_base_lvt_ss_typical_max_0p90v_125c 
AOI222_X1M_A9TL            96   380.160    sc9_cln65lp_base_lvt_ss_typical_max_0p90v_125c 
AOI22_X1M_A9TL             18    45.360    sc9_cln65lp_base_lvt_ss_typical_max_0p90v_125c 
AOI2XB1_X1M_A9TL            6    17.280    sc9_cln65lp_base_lvt_ss_typical_max_0p90v_125c 
AOI2XB1_X3M_A9TL            1     5.760    sc9_cln65lp_base_lvt_ss_typical_max_0p90v_125c 
AOI32_X1M_A9TL             15    43.200    sc9_cln65lp_base_lvt_ss_typical_max_0p90v_125c 
BUFH_X0P7M_A9TL             3     4.320    sc9_cln65lp_base_lvt_ss_typical_max_0p90v_125c 
BUFH_X1M_A9TL               2     2.880    sc9_cln65lp_base_lvt_ss_typical_max_0p90v_125c 
BUFH_X2P5M_A9TL             1     2.880    sc9_cln65lp_base_lvt_ss_typical_max_0p90v_125c 
BUFH_X3M_A9TL               1     2.880    sc9_cln65lp_base_lvt_ss_typical_max_0p90v_125c 
BUFH_X4M_A9TL               4    15.840    sc9_cln65lp_base_lvt_ss_typical_max_0p90v_125c 
CGENCIN_X1M_A9TL            1     7.200    sc9_cln65lp_base_lvt_ss_typical_max_0p90v_125c 
CGENCIN_X2M_A9TL            1    10.800    sc9_cln65lp_base_lvt_ss_typical_max_0p90v_125c 
CGENI_X1M_A9TL             23    66.240    sc9_cln65lp_base_lvt_ss_typical_max_0p90v_125c 
CGENI_X1P4M_A9TL            1     5.400    sc9_cln65lp_base_lvt_ss_typical_max_0p90v_125c 
CGENI_X2M_A9TL              1     5.400    sc9_cln65lp_base_lvt_ss_typical_max_0p90v_125c 
DFFQ_X1M_A9TL             124   937.440    sc9_cln65lp_base_lvt_ss_typical_max_0p90v_125c 
INV_X0P7M_A9TL              1     1.080    sc9_cln65lp_base_lvt_ss_typical_max_0p90v_125c 
INV_X1M_A9TL              110   118.800    sc9_cln65lp_base_lvt_ss_typical_max_0p90v_125c 
INV_X2B_A9TL                4     5.760    sc9_cln65lp_base_lvt_ss_typical_max_0p90v_125c 
INV_X2M_A9TL               13    18.720    sc9_cln65lp_base_lvt_ss_typical_max_0p90v_125c 
INV_X4M_A9TL                1     2.520    sc9_cln65lp_base_lvt_ss_typical_max_0p90v_125c 
INV_X5M_A9TL                1     2.880    sc9_cln65lp_base_lvt_ss_typical_max_0p90v_125c 
LATNQ_X1M_A9TL             37   159.840    sc9_cln65lp_base_lvt_ss_typical_max_0p90v_125c 
MXIT2_X0P5M_A9TL           32   103.680    sc9_cln65lp_base_lvt_ss_typical_max_0p90v_125c 
MXT2_X0P7M_A9TL             5    18.000    sc9_cln65lp_base_lvt_ss_typical_max_0p90v_125c 
NAND2B_X1M_A9TL             1     2.160    sc9_cln65lp_base_lvt_ss_typical_max_0p90v_125c 
NAND2XB_X1M_A9TL            7    15.120    sc9_cln65lp_base_lvt_ss_typical_max_0p90v_125c 
NAND2_X1A_A9TL             37    53.280    sc9_cln65lp_base_lvt_ss_typical_max_0p90v_125c 
NAND2_X1B_A9TL              6     8.640    sc9_cln65lp_base_lvt_ss_typical_max_0p90v_125c 
NAND2_X1M_A9TL            122   175.680    sc9_cln65lp_base_lvt_ss_typical_max_0p90v_125c 
NAND2_X1P4M_A9TL            1     2.160    sc9_cln65lp_base_lvt_ss_typical_max_0p90v_125c 
NAND3XXB_X1M_A9TL           3     7.560    sc9_cln65lp_base_lvt_ss_typical_max_0p90v_125c 
NAND4B_X1M_A9TL             3     8.640    sc9_cln65lp_base_lvt_ss_typical_max_0p90v_125c 
NOR2B_X1M_A9TL              1     2.160    sc9_cln65lp_base_lvt_ss_typical_max_0p90v_125c 
NOR2XB_X1M_A9TL             4     8.640    sc9_cln65lp_base_lvt_ss_typical_max_0p90v_125c 
NOR2XB_X3M_A9TL             1     3.600    sc9_cln65lp_base_lvt_ss_typical_max_0p90v_125c 
NOR2XB_X4M_A9TL             2     8.640    sc9_cln65lp_base_lvt_ss_typical_max_0p90v_125c 
NOR2_X1A_A9TL               3     4.320    sc9_cln65lp_base_lvt_ss_typical_max_0p90v_125c 
NOR2_X1B_A9TL               7    10.080    sc9_cln65lp_base_lvt_ss_typical_max_0p90v_125c 
NOR2_X1M_A9TL               1     1.440    sc9_cln65lp_base_lvt_ss_typical_max_0p90v_125c 
NOR2_X2M_A9TL               1     2.520    sc9_cln65lp_base_lvt_ss_typical_max_0p90v_125c 
NOR2_X3A_A9TL               1     3.240    sc9_cln65lp_base_lvt_ss_typical_max_0p90v_125c 
NOR3_X1M_A9TL               3     6.480    sc9_cln65lp_base_lvt_ss_typical_max_0p90v_125c 
OA211_X0P7M_A9TL            9    29.160    sc9_cln65lp_base_lvt_ss_typical_max_0p90v_125c 
OA22_X1M_A9TL               3     9.720    sc9_cln65lp_base_lvt_ss_typical_max_0p90v_125c 
OAI21_X1M_A9TL              6    12.960    sc9_cln65lp_base_lvt_ss_typical_max_0p90v_125c 
OAI21_X4M_A9TL              1     6.120    sc9_cln65lp_base_lvt_ss_typical_max_0p90v_125c 
OAI222_X1M_A9TL            18    71.280    sc9_cln65lp_base_lvt_ss_typical_max_0p90v_125c 
OAI2XB1_X0P5M_A9TL         12    30.240    sc9_cln65lp_base_lvt_ss_typical_max_0p90v_125c 
OAI2XB1_X1M_A9TL           18    51.840    sc9_cln65lp_base_lvt_ss_typical_max_0p90v_125c 
OAI2XB1_X1P4M_A9TL          1     3.600    sc9_cln65lp_base_lvt_ss_typical_max_0p90v_125c 
OAI2XB1_X2M_A9TL            1     4.320    sc9_cln65lp_base_lvt_ss_typical_max_0p90v_125c 
OAI31_X1M_A9TL              3     7.560    sc9_cln65lp_base_lvt_ss_typical_max_0p90v_125c 
OR2_X0P5M_A9TL             12    21.600    sc9_cln65lp_base_lvt_ss_typical_max_0p90v_125c 
OR2_X1P4M_A9TL              1     2.520    sc9_cln65lp_base_lvt_ss_typical_max_0p90v_125c 
OR3_X0P5M_A9TL              3     7.560    sc9_cln65lp_base_lvt_ss_typical_max_0p90v_125c 
XOR2_X1M_A9TL               1     3.600    sc9_cln65lp_base_lvt_ss_typical_max_0p90v_125c 
------------------------------------------------------------------------------------------
total                     875  2896.560                                                   


                                         
     Type      Instances   Area   Area % 
-----------------------------------------
sequential           185 1270.080   43.8 
inverter             130  149.760    5.2 
buffer                11   28.800    1.0 
logic                549 1447.920   50.0 
physical_cells         0    0.000    0.0 
-----------------------------------------
total                875 2896.560  100.0 

