============================================================
  Generated by:           Genus(TM) Synthesis Solution 21.15-s080_1
  Generated on:           Aug 08 2024  09:09:42 pm
  Module:                 proj_kmer_buffer
  Operating conditions:   ss_typical_max_0p90v_125c 
  Interconnect mode:      global
  Area mode:              physical library
============================================================

Max_transition design rule: no violations.


Max_capacitance design rule: no violations.


Max_fanout design rule (violation total = 9.000)
Pin                                        Fanout           Max     Violation
-------------------------------------------------------------------------------
fopt14576/Y                                21.000        16.000         5.000
fopt14576/Y                                21.000        16.000         5.000
fopt14576/Y                                21.000        16.000         5.000
fopt14576/Y                                21.000        16.000         5.000
fopt14576/Y                                21.000        16.000         5.000
fopt14576/Y                                21.000        16.000         5.000
fopt14576/Y                                21.000        16.000         5.000
fopt14576/Y                                21.000        16.000         5.000
fopt14576/Y                                21.000        16.000         5.000
fopt14576/Y                                21.000        16.000         5.000
fopt14576/Y                                21.000        16.000         5.000
fopt14576/Y                                21.000        16.000         5.000
fopt14576/Y                                21.000        16.000         5.000
fopt14576/Y                                21.000        16.000         5.000
fopt14576/Y                                21.000        16.000         5.000
fopt14576/Y                                21.000        16.000         5.000
fopt14576/Y                                21.000        16.000         5.000
fopt14576/Y                                21.000        16.000         5.000
fopt14576/Y                                21.000        16.000         5.000
fopt14576/Y                                21.000        16.000         5.000
fopt14576/Y                                21.000        16.000         5.000
fopt14576/Y                                21.000        16.000         5.000
fopt14494/Y                                19.000        16.000         3.000
fopt14494/Y                                19.000        16.000         3.000
fopt14494/Y                                19.000        16.000         3.000
fopt14494/Y                                19.000        16.000         3.000
fopt14494/Y                                19.000        16.000         3.000
fopt14494/Y                                19.000        16.000         3.000
fopt14494/Y                                19.000        16.000         3.000
fopt14494/Y                                19.000        16.000         3.000
fopt14494/Y                                19.000        16.000         3.000
fopt14494/Y                                19.000        16.000         3.000
fopt14494/Y                                19.000        16.000         3.000
fopt14494/Y                                19.000        16.000         3.000
fopt14494/Y                                19.000        16.000         3.000
fopt14494/Y                                19.000        16.000         3.000
fopt14494/Y                                19.000        16.000         3.000
fopt14494/Y                                19.000        16.000         3.000
fopt14494/Y                                19.000        16.000         3.000
fopt14494/Y                                19.000        16.000         3.000
fopt14494/Y                                19.000        16.000         3.000
fopt14494/Y                                19.000        16.000         3.000
fopt14304/Y                                17.000        16.000         1.000
fopt14304/Y                                17.000        16.000         1.000
fopt14304/Y                                17.000        16.000         1.000
fopt14304/Y                                17.000        16.000         1.000
fopt14304/Y                                17.000        16.000         1.000
fopt14304/Y                                17.000        16.000         1.000
fopt14304/Y                                17.000        16.000         1.000
fopt14304/Y                                17.000        16.000         1.000
fopt14304/Y                                17.000        16.000         1.000
fopt14304/Y                                17.000        16.000         1.000
fopt14304/Y                                17.000        16.000         1.000
fopt14304/Y                                17.000        16.000         1.000
fopt14304/Y                                17.000        16.000         1.000
fopt14304/Y                                17.000        16.000         1.000
fopt14304/Y                                17.000        16.000         1.000
fopt14304/Y                                17.000        16.000         1.000
fopt14304/Y                                17.000        16.000         1.000
fopt14304/Y                                17.000        16.000         1.000



