============================================================
  Generated by:           Genus(TM) Synthesis Solution 21.15-s080_1
  Generated on:           Aug 09 2024  03:15:52 pm
  Module:                 proj_extender
  Operating conditions:   ss_typical_max_0p90v_125c 
  Interconnect mode:      global
  Area mode:              physical library
============================================================


Path 1: MET (7544 ps) Setup Check with Pin in_kmer_indices_r_reg[255][14]/clk->d
          Group: in2reg
     Startpoint: (R) valid_indices
          Clock: (R) clk
       Endpoint: (R) in_kmer_indices_r_reg[255][14]/d
          Clock: (R) clk

                     Capture       Launch     
        Clock Edge:+   10000            0     
        Drv Adjust:+       0          236     
       Src Latency:+       0            0     
       Net Latency:+       0 (I)        0 (I) 
           Arrival:=   10000          236     
                                              
             Setup:-      66                  
       Uncertainty:-      50                  
     Required Time:=    9884                  
      Launch Clock:-     236                  
       Input Delay:-    2000                  
         Data Path:-     104                  
             Slack:=    7544                  

Exceptions/Constraints:
  input_delay             2000            proj.sdc_line_15_4352_1 

#--------------------------------------------------------------------------------------------------------
#             Timing Point              Flags    Arc    Edge      Cell        Fanout Trans Delay Arrival 
#                                                                                     (ps)  (ps)   (ps)  
#--------------------------------------------------------------------------------------------------------
  valid_indices                         (u)     -       R     (arrival)         3840   203     0    2236 
  mux_in_kmer_indices_r[255]_84_13/g1/z (u)     sel0->z R     unmapped_bmux3       1     0   104    2340 
  in_kmer_indices_r_reg[255][14]/d      -       -       R     unmapped_d_flop      1     -     0    2340 
#--------------------------------------------------------------------------------------------------------

(u) : Net has unmapped pin(s).

