============================================================
  Generated by:           Genus(TM) Synthesis Solution 21.15-s080_1
  Generated on:           Aug 09 2024  03:15:52 pm
  Module:                 proj_extender
  Operating conditions:   ss_typical_max_0p90v_125c 
  Interconnect mode:      global
  Area mode:              physical library
============================================================


Path 1: MET (8812 ps) Setup Check with Pin indices_idx_reg[7]/clk->d
          Group: reg2reg
     Startpoint: (R) indices_idx_reg[0]/clk
          Clock: (R) clk
       Endpoint: (R) indices_idx_reg[7]/d
          Clock: (R) clk

                     Capture       Launch     
        Clock Edge:+   10000            0     
       Src Latency:+       0            0     
       Net Latency:+       0 (I)        0 (I) 
           Arrival:=   10000            0     
                                              
             Setup:-      66                  
       Uncertainty:-      50                  
     Required Time:=    9884                  
      Launch Clock:-       0                  
         Data Path:-    1072                  
             Slack:=    8812                  

#------------------------------------------------------------------------------------------
#     Timing Point       Flags     Arc    Edge      Cell        Fanout Trans Delay Arrival 
#                                                                       (ps)  (ps)   (ps)  
#------------------------------------------------------------------------------------------
  indices_idx_reg[0]/clk -       -        R     (arrival)         3854     0     0       0 
  indices_idx_reg[0]/q   (u)     clk->q   R     unmapped_d_flop     18     0   444     444 
  add_70_64/g2/z         (u)     in_0->z  F     unmapped_nand2       1     0    52     496 
  add_70_64/g86/z        (u)     in_0->z  R     unmapped_not         2     0    48     544 
  add_70_64/g21/z        (u)     in_0->z  F     unmapped_nand2       1     0    52     597 
  add_70_64/g88/z        (u)     in_0->z  R     unmapped_not         3     0    58     655 
  add_70_64/g38/z        (u)     in_1->z  F     unmapped_nand2       1     0    52     707 
  add_70_64/g90/z        (u)     in_0->z  R     unmapped_not         4     0    68     775 
  add_70_64/g56/z        (u)     in_0->z  F     unmapped_nand2       1     0    52     827 
  add_70_64/g93/z        (u)     in_0->z  R     unmapped_not         1     0    36     863 
  add_70_64/g77/z        (u)     in_0->z  R     unmapped_xnor2       1     0   104     968 
  mux_70_31/g1/z         (u)     data1->z R     unmapped_bmux3       1     0   104    1072 
  indices_idx_reg[7]/d   -       -        R     unmapped_d_flop      1     -     0    1072 
#------------------------------------------------------------------------------------------

(u) : Net has unmapped pin(s).

