============================================================
  Generated by:           Genus(TM) Synthesis Solution 21.15-s080_1
  Generated on:           Aug 10 2024  11:38:27 pm
  Module:                 proj_top
  Technology libraries:   sc9_cln65lp_base_rvt_ss_typical_max_0p90v_125c 1
                          sc9_cln65lp_base_lvt_ss_typical_max_0p90v_125c 1
                          sc9_cln65lp_base_hvt_ss_typical_max_0p90v_125c 1
                          physical_cells 
  Operating conditions:   ss_typical_max_0p90v_125c 
  Interconnect mode:      global
  Area mode:              physical library
============================================================

-------------------------------------------------------------------------------
Sequential clock pins without clock waveform

The following sequential clock pins have no clock waveform driving them.  No    
timing constraints will be derived for paths leading to or from these pins.     
(Pin | Source | Reason)                                                         

{pin:proj_top/u_sorter/smallest_idx_next_reg[0][index][0]/ena} constant:proj_top/1 {Case constant(1)}
{pin:proj_top/u_sorter/smallest_idx_next_reg[0][index][10]/ena} constant:proj_top/1 {Case constant(1)}
{pin:proj_top/u_sorter/smallest_idx_next_reg[0][index][11]/ena} constant:proj_top/1 {Case constant(1)}
{pin:proj_top/u_sorter/smallest_idx_next_reg[0][index][12]/ena} constant:proj_top/1 {Case constant(1)}
{pin:proj_top/u_sorter/smallest_idx_next_reg[0][index][13]/ena} constant:proj_top/1 {Case constant(1)}
{pin:proj_top/u_sorter/smallest_idx_next_reg[0][index][14]/ena} constant:proj_top/1 {Case constant(1)}
{pin:proj_top/u_sorter/smallest_idx_next_reg[0][index][1]/ena} constant:proj_top/1 {Case constant(1)}
{pin:proj_top/u_sorter/smallest_idx_next_reg[0][index][2]/ena} constant:proj_top/1 {Case constant(1)}
{pin:proj_top/u_sorter/smallest_idx_next_reg[0][index][3]/ena} constant:proj_top/1 {Case constant(1)}
{pin:proj_top/u_sorter/smallest_idx_next_reg[0][index][4]/ena} constant:proj_top/1 {Case constant(1)}
{pin:proj_top/u_sorter/smallest_idx_next_reg[0][index][5]/ena} constant:proj_top/1 {Case constant(1)}
{pin:proj_top/u_sorter/smallest_idx_next_reg[0][index][6]/ena} constant:proj_top/1 {Case constant(1)}
{pin:proj_top/u_sorter/smallest_idx_next_reg[0][index][7]/ena} constant:proj_top/1 {Case constant(1)}
{pin:proj_top/u_sorter/smallest_idx_next_reg[0][index][8]/ena} constant:proj_top/1 {Case constant(1)}
{pin:proj_top/u_sorter/smallest_idx_next_reg[0][index][9]/ena} constant:proj_top/1 {Case constant(1)}
{pin:proj_top/u_sorter/smallest_idx_next_reg[0][signature][0]/ena} constant:proj_top/1 {Case constant(1)}
{pin:proj_top/u_sorter/smallest_idx_next_reg[0][signature][10]/ena} constant:proj_top/1 {Case constant(1)}
{pin:proj_top/u_sorter/smallest_idx_next_reg[0][signature][11]/ena} constant:proj_top/1 {Case constant(1)}
{pin:proj_top/u_sorter/smallest_idx_next_reg[0][signature][12]/ena} constant:proj_top/1 {Case constant(1)}
{pin:proj_top/u_sorter/smallest_idx_next_reg[0][signature][13]/ena} constant:proj_top/1 {Case constant(1)}
{pin:proj_top/u_sorter/smallest_idx_next_reg[0][signature][14]/ena} constant:proj_top/1 {Case constant(1)}
{pin:proj_top/u_sorter/smallest_idx_next_reg[0][signature][15]/ena} constant:proj_top/1 {Case constant(1)}
{pin:proj_top/u_sorter/smallest_idx_next_reg[0][signature][16]/ena} constant:proj_top/1 {Case constant(1)}
{pin:proj_top/u_sorter/smallest_idx_next_reg[0][signature][17]/ena} constant:proj_top/1 {Case constant(1)}
{pin:proj_top/u_sorter/smallest_idx_next_reg[0][signature][18]/ena} constant:proj_top/1 {Case constant(1)}
{pin:proj_top/u_sorter/smallest_idx_next_reg[0][signature][19]/ena} constant:proj_top/1 {Case constant(1)}
{pin:proj_top/u_sorter/smallest_idx_next_reg[0][signature][1]/ena} constant:proj_top/1 {Case constant(1)}
{pin:proj_top/u_sorter/smallest_idx_next_reg[0][signature][20]/ena} constant:proj_top/1 {Case constant(1)}
{pin:proj_top/u_sorter/smallest_idx_next_reg[0][signature][21]/ena} constant:proj_top/1 {Case constant(1)}
{pin:proj_top/u_sorter/smallest_idx_next_reg[0][signature][22]/ena} constant:proj_top/1 {Case constant(1)}
{pin:proj_top/u_sorter/smallest_idx_next_reg[0][signature][23]/ena} constant:proj_top/1 {Case constant(1)}
{pin:proj_top/u_sorter/smallest_idx_next_reg[0][signature][24]/ena} constant:proj_top/1 {Case constant(1)}
{pin:proj_top/u_sorter/smallest_idx_next_reg[0][signature][25]/ena} constant:proj_top/1 {Case constant(1)}
{pin:proj_top/u_sorter/smallest_idx_next_reg[0][signature][26]/ena} constant:proj_top/1 {Case constant(1)}
{pin:proj_top/u_sorter/smallest_idx_next_reg[0][signature][27]/ena} constant:proj_top/1 {Case constant(1)}
{pin:proj_top/u_sorter/smallest_idx_next_reg[0][signature][28]/ena} constant:proj_top/1 {Case constant(1)}
{pin:proj_top/u_sorter/smallest_idx_next_reg[0][signature][29]/ena} constant:proj_top/1 {Case constant(1)}
{pin:proj_top/u_sorter/smallest_idx_next_reg[0][signature][2]/ena} constant:proj_top/1 {Case constant(1)}
{pin:proj_top/u_sorter/smallest_idx_next_reg[0][signature][30]/ena} constant:proj_top/1 {Case constant(1)}
{pin:proj_top/u_sorter/smallest_idx_next_reg[0][signature][31]/ena} constant:proj_top/1 {Case constant(1)}
{pin:proj_top/u_sorter/smallest_idx_next_reg[0][signature][3]/ena} constant:proj_top/1 {Case constant(1)}
{pin:proj_top/u_sorter/smallest_idx_next_reg[0][signature][4]/ena} constant:proj_top/1 {Case constant(1)}
{pin:proj_top/u_sorter/smallest_idx_next_reg[0][signature][5]/ena} constant:proj_top/1 {Case constant(1)}
{pin:proj_top/u_sorter/smallest_idx_next_reg[0][signature][6]/ena} constant:proj_top/1 {Case constant(1)}
{pin:proj_top/u_sorter/smallest_idx_next_reg[0][signature][7]/ena} constant:proj_top/1 {Case constant(1)}
{pin:proj_top/u_sorter/smallest_idx_next_reg[0][signature][8]/ena} constant:proj_top/1 {Case constant(1)}
{pin:proj_top/u_sorter/smallest_idx_next_reg[0][signature][9]/ena} constant:proj_top/1 {Case constant(1)}
-------------------------------------------------------------------------------

-------------------------------------------------------------------------------
Nets with multiple drivers

The following nets have multiple drivers and at least one of the drivers is     
non-tristate:                                                                   

hnet:proj_top/fm_fragment[0]
hnet:proj_top/fm_fragment[100]
hnet:proj_top/fm_fragment[101]
hnet:proj_top/fm_fragment[102]
hnet:proj_top/fm_fragment[103]
hnet:proj_top/fm_fragment[104]
hnet:proj_top/fm_fragment[105]
hnet:proj_top/fm_fragment[106]
hnet:proj_top/fm_fragment[107]
hnet:proj_top/fm_fragment[108]
hnet:proj_top/fm_fragment[109]
hnet:proj_top/fm_fragment[10]
hnet:proj_top/fm_fragment[110]
hnet:proj_top/fm_fragment[111]
hnet:proj_top/fm_fragment[112]
hnet:proj_top/fm_fragment[113]
hnet:proj_top/fm_fragment[114]
hnet:proj_top/fm_fragment[115]
hnet:proj_top/fm_fragment[116]
hnet:proj_top/fm_fragment[117]
hnet:proj_top/fm_fragment[118]
hnet:proj_top/fm_fragment[119]
hnet:proj_top/fm_fragment[11]
hnet:proj_top/fm_fragment[120]
hnet:proj_top/fm_fragment[121]
hnet:proj_top/fm_fragment[122]
hnet:proj_top/fm_fragment[123]
hnet:proj_top/fm_fragment[124]
hnet:proj_top/fm_fragment[125]
hnet:proj_top/fm_fragment[126]
hnet:proj_top/fm_fragment[127]
hnet:proj_top/fm_fragment[128]
hnet:proj_top/fm_fragment[129]
hnet:proj_top/fm_fragment[12]
hnet:proj_top/fm_fragment[130]
hnet:proj_top/fm_fragment[131]
hnet:proj_top/fm_fragment[132]
hnet:proj_top/fm_fragment[133]
hnet:proj_top/fm_fragment[134]
hnet:proj_top/fm_fragment[135]
hnet:proj_top/fm_fragment[136]
hnet:proj_top/fm_fragment[137]
hnet:proj_top/fm_fragment[138]
hnet:proj_top/fm_fragment[139]
hnet:proj_top/fm_fragment[13]
hnet:proj_top/fm_fragment[140]
hnet:proj_top/fm_fragment[141]
hnet:proj_top/fm_fragment[142]
hnet:proj_top/fm_fragment[143]
hnet:proj_top/fm_fragment[144]
hnet:proj_top/fm_fragment[145]
hnet:proj_top/fm_fragment[146]
hnet:proj_top/fm_fragment[147]
hnet:proj_top/fm_fragment[148]
hnet:proj_top/fm_fragment[149]
hnet:proj_top/fm_fragment[14]
hnet:proj_top/fm_fragment[150]
hnet:proj_top/fm_fragment[151]
hnet:proj_top/fm_fragment[152]
hnet:proj_top/fm_fragment[153]
hnet:proj_top/fm_fragment[154]
hnet:proj_top/fm_fragment[155]
hnet:proj_top/fm_fragment[156]
hnet:proj_top/fm_fragment[157]
hnet:proj_top/fm_fragment[158]
hnet:proj_top/fm_fragment[159]
hnet:proj_top/fm_fragment[15]
hnet:proj_top/fm_fragment[160]
hnet:proj_top/fm_fragment[161]
hnet:proj_top/fm_fragment[162]
hnet:proj_top/fm_fragment[163]
hnet:proj_top/fm_fragment[164]
hnet:proj_top/fm_fragment[165]
hnet:proj_top/fm_fragment[166]
hnet:proj_top/fm_fragment[167]
hnet:proj_top/fm_fragment[168]
hnet:proj_top/fm_fragment[169]
hnet:proj_top/fm_fragment[16]
hnet:proj_top/fm_fragment[170]
hnet:proj_top/fm_fragment[171]
hnet:proj_top/fm_fragment[172]
hnet:proj_top/fm_fragment[173]
hnet:proj_top/fm_fragment[174]
hnet:proj_top/fm_fragment[175]
hnet:proj_top/fm_fragment[176]
hnet:proj_top/fm_fragment[177]
hnet:proj_top/fm_fragment[178]
hnet:proj_top/fm_fragment[179]
hnet:proj_top/fm_fragment[17]
hnet:proj_top/fm_fragment[180]
hnet:proj_top/fm_fragment[181]
hnet:proj_top/fm_fragment[182]
hnet:proj_top/fm_fragment[183]
hnet:proj_top/fm_fragment[184]
hnet:proj_top/fm_fragment[185]
hnet:proj_top/fm_fragment[186]
hnet:proj_top/fm_fragment[187]
hnet:proj_top/fm_fragment[188]
hnet:proj_top/fm_fragment[189]
hnet:proj_top/fm_fragment[18]
hnet:proj_top/fm_fragment[190]
hnet:proj_top/fm_fragment[191]
hnet:proj_top/fm_fragment[192]
hnet:proj_top/fm_fragment[193]
hnet:proj_top/fm_fragment[194]
hnet:proj_top/fm_fragment[195]
hnet:proj_top/fm_fragment[196]
hnet:proj_top/fm_fragment[197]
hnet:proj_top/fm_fragment[198]
hnet:proj_top/fm_fragment[199]
hnet:proj_top/fm_fragment[19]
hnet:proj_top/fm_fragment[1]
hnet:proj_top/fm_fragment[200]
hnet:proj_top/fm_fragment[201]
hnet:proj_top/fm_fragment[202]
hnet:proj_top/fm_fragment[203]
hnet:proj_top/fm_fragment[204]
hnet:proj_top/fm_fragment[205]
hnet:proj_top/fm_fragment[206]
hnet:proj_top/fm_fragment[207]
hnet:proj_top/fm_fragment[208]
hnet:proj_top/fm_fragment[209]
hnet:proj_top/fm_fragment[20]
hnet:proj_top/fm_fragment[210]
hnet:proj_top/fm_fragment[211]
hnet:proj_top/fm_fragment[212]
hnet:proj_top/fm_fragment[213]
hnet:proj_top/fm_fragment[214]
hnet:proj_top/fm_fragment[215]
hnet:proj_top/fm_fragment[216]
hnet:proj_top/fm_fragment[217]
hnet:proj_top/fm_fragment[218]
hnet:proj_top/fm_fragment[219]
hnet:proj_top/fm_fragment[21]
hnet:proj_top/fm_fragment[220]
hnet:proj_top/fm_fragment[221]
hnet:proj_top/fm_fragment[222]
hnet:proj_top/fm_fragment[223]
hnet:proj_top/fm_fragment[224]
hnet:proj_top/fm_fragment[225]
hnet:proj_top/fm_fragment[226]
hnet:proj_top/fm_fragment[227]
hnet:proj_top/fm_fragment[228]
hnet:proj_top/fm_fragment[229]
hnet:proj_top/fm_fragment[22]
hnet:proj_top/fm_fragment[230]
hnet:proj_top/fm_fragment[231]
hnet:proj_top/fm_fragment[232]
hnet:proj_top/fm_fragment[233]
hnet:proj_top/fm_fragment[234]
hnet:proj_top/fm_fragment[235]
hnet:proj_top/fm_fragment[236]
hnet:proj_top/fm_fragment[237]
hnet:proj_top/fm_fragment[238]
hnet:proj_top/fm_fragment[239]
hnet:proj_top/fm_fragment[23]
hnet:proj_top/fm_fragment[240]
hnet:proj_top/fm_fragment[241]
hnet:proj_top/fm_fragment[242]
hnet:proj_top/fm_fragment[243]
hnet:proj_top/fm_fragment[244]
hnet:proj_top/fm_fragment[245]
hnet:proj_top/fm_fragment[246]
hnet:proj_top/fm_fragment[247]
hnet:proj_top/fm_fragment[248]
hnet:proj_top/fm_fragment[249]
hnet:proj_top/fm_fragment[24]
hnet:proj_top/fm_fragment[250]
hnet:proj_top/fm_fragment[251]
hnet:proj_top/fm_fragment[252]
hnet:proj_top/fm_fragment[253]
hnet:proj_top/fm_fragment[254]
hnet:proj_top/fm_fragment[255]
hnet:proj_top/fm_fragment[256]
hnet:proj_top/fm_fragment[257]
hnet:proj_top/fm_fragment[258]
hnet:proj_top/fm_fragment[259]
hnet:proj_top/fm_fragment[25]
hnet:proj_top/fm_fragment[260]
hnet:proj_top/fm_fragment[261]
hnet:proj_top/fm_fragment[262]
hnet:proj_top/fm_fragment[263]
hnet:proj_top/fm_fragment[264]
hnet:proj_top/fm_fragment[265]
hnet:proj_top/fm_fragment[266]
hnet:proj_top/fm_fragment[267]
hnet:proj_top/fm_fragment[268]
hnet:proj_top/fm_fragment[269]
hnet:proj_top/fm_fragment[26]
hnet:proj_top/fm_fragment[270]
hnet:proj_top/fm_fragment[271]
hnet:proj_top/fm_fragment[272]
hnet:proj_top/fm_fragment[273]
hnet:proj_top/fm_fragment[274]
hnet:proj_top/fm_fragment[275]
hnet:proj_top/fm_fragment[276]
hnet:proj_top/fm_fragment[277]
hnet:proj_top/fm_fragment[278]
hnet:proj_top/fm_fragment[279]
hnet:proj_top/fm_fragment[27]
hnet:proj_top/fm_fragment[280]
hnet:proj_top/fm_fragment[281]
hnet:proj_top/fm_fragment[282]
hnet:proj_top/fm_fragment[283]
hnet:proj_top/fm_fragment[284]
hnet:proj_top/fm_fragment[285]
hnet:proj_top/fm_fragment[286]
hnet:proj_top/fm_fragment[287]
hnet:proj_top/fm_fragment[288]
hnet:proj_top/fm_fragment[289]
hnet:proj_top/fm_fragment[28]
hnet:proj_top/fm_fragment[290]
hnet:proj_top/fm_fragment[291]
hnet:proj_top/fm_fragment[292]
hnet:proj_top/fm_fragment[293]
hnet:proj_top/fm_fragment[294]
hnet:proj_top/fm_fragment[295]
hnet:proj_top/fm_fragment[296]
hnet:proj_top/fm_fragment[297]
hnet:proj_top/fm_fragment[298]
hnet:proj_top/fm_fragment[299]
hnet:proj_top/fm_fragment[29]
hnet:proj_top/fm_fragment[2]
hnet:proj_top/fm_fragment[300]
hnet:proj_top/fm_fragment[301]
hnet:proj_top/fm_fragment[302]
hnet:proj_top/fm_fragment[303]
hnet:proj_top/fm_fragment[304]
hnet:proj_top/fm_fragment[305]
hnet:proj_top/fm_fragment[306]
hnet:proj_top/fm_fragment[307]
hnet:proj_top/fm_fragment[308]
hnet:proj_top/fm_fragment[309]
hnet:proj_top/fm_fragment[30]
hnet:proj_top/fm_fragment[310]
hnet:proj_top/fm_fragment[311]
hnet:proj_top/fm_fragment[312]
hnet:proj_top/fm_fragment[313]
hnet:proj_top/fm_fragment[314]
hnet:proj_top/fm_fragment[315]
hnet:proj_top/fm_fragment[316]
hnet:proj_top/fm_fragment[317]
hnet:proj_top/fm_fragment[318]
hnet:proj_top/fm_fragment[319]
hnet:proj_top/fm_fragment[31]
hnet:proj_top/fm_fragment[320]
hnet:proj_top/fm_fragment[321]
hnet:proj_top/fm_fragment[322]
hnet:proj_top/fm_fragment[323]
hnet:proj_top/fm_fragment[324]
hnet:proj_top/fm_fragment[325]
hnet:proj_top/fm_fragment[326]
hnet:proj_top/fm_fragment[327]
hnet:proj_top/fm_fragment[328]
hnet:proj_top/fm_fragment[329]
hnet:proj_top/fm_fragment[32]
hnet:proj_top/fm_fragment[330]
hnet:proj_top/fm_fragment[331]
hnet:proj_top/fm_fragment[332]
hnet:proj_top/fm_fragment[333]
hnet:proj_top/fm_fragment[334]
hnet:proj_top/fm_fragment[335]
hnet:proj_top/fm_fragment[336]
hnet:proj_top/fm_fragment[337]
hnet:proj_top/fm_fragment[338]
hnet:proj_top/fm_fragment[339]
hnet:proj_top/fm_fragment[33]
hnet:proj_top/fm_fragment[340]
hnet:proj_top/fm_fragment[341]
hnet:proj_top/fm_fragment[342]
hnet:proj_top/fm_fragment[343]
hnet:proj_top/fm_fragment[344]
hnet:proj_top/fm_fragment[345]
hnet:proj_top/fm_fragment[346]
hnet:proj_top/fm_fragment[347]
hnet:proj_top/fm_fragment[348]
hnet:proj_top/fm_fragment[349]
hnet:proj_top/fm_fragment[34]
hnet:proj_top/fm_fragment[350]
hnet:proj_top/fm_fragment[351]
hnet:proj_top/fm_fragment[352]
hnet:proj_top/fm_fragment[353]
hnet:proj_top/fm_fragment[354]
hnet:proj_top/fm_fragment[355]
hnet:proj_top/fm_fragment[356]
hnet:proj_top/fm_fragment[357]
hnet:proj_top/fm_fragment[358]
hnet:proj_top/fm_fragment[359]
hnet:proj_top/fm_fragment[35]
hnet:proj_top/fm_fragment[360]
hnet:proj_top/fm_fragment[361]
hnet:proj_top/fm_fragment[362]
hnet:proj_top/fm_fragment[363]
hnet:proj_top/fm_fragment[364]
hnet:proj_top/fm_fragment[365]
hnet:proj_top/fm_fragment[366]
hnet:proj_top/fm_fragment[367]
hnet:proj_top/fm_fragment[368]
hnet:proj_top/fm_fragment[369]
hnet:proj_top/fm_fragment[36]
hnet:proj_top/fm_fragment[370]
hnet:proj_top/fm_fragment[371]
hnet:proj_top/fm_fragment[372]
hnet:proj_top/fm_fragment[373]
hnet:proj_top/fm_fragment[374]
hnet:proj_top/fm_fragment[375]
hnet:proj_top/fm_fragment[376]
hnet:proj_top/fm_fragment[377]
hnet:proj_top/fm_fragment[378]
hnet:proj_top/fm_fragment[379]
hnet:proj_top/fm_fragment[37]
hnet:proj_top/fm_fragment[380]
hnet:proj_top/fm_fragment[381]
hnet:proj_top/fm_fragment[382]
hnet:proj_top/fm_fragment[383]
hnet:proj_top/fm_fragment[384]
hnet:proj_top/fm_fragment[385]
hnet:proj_top/fm_fragment[386]
hnet:proj_top/fm_fragment[387]
hnet:proj_top/fm_fragment[388]
hnet:proj_top/fm_fragment[389]
hnet:proj_top/fm_fragment[38]
hnet:proj_top/fm_fragment[390]
hnet:proj_top/fm_fragment[391]
hnet:proj_top/fm_fragment[392]
hnet:proj_top/fm_fragment[393]
hnet:proj_top/fm_fragment[394]
hnet:proj_top/fm_fragment[395]
hnet:proj_top/fm_fragment[396]
hnet:proj_top/fm_fragment[397]
hnet:proj_top/fm_fragment[398]
hnet:proj_top/fm_fragment[399]
hnet:proj_top/fm_fragment[39]
hnet:proj_top/fm_fragment[3]
hnet:proj_top/fm_fragment[400]
hnet:proj_top/fm_fragment[401]
hnet:proj_top/fm_fragment[402]
hnet:proj_top/fm_fragment[403]
hnet:proj_top/fm_fragment[404]
hnet:proj_top/fm_fragment[405]
hnet:proj_top/fm_fragment[406]
hnet:proj_top/fm_fragment[407]
hnet:proj_top/fm_fragment[408]
hnet:proj_top/fm_fragment[409]
hnet:proj_top/fm_fragment[40]
hnet:proj_top/fm_fragment[410]
hnet:proj_top/fm_fragment[411]
hnet:proj_top/fm_fragment[412]
hnet:proj_top/fm_fragment[413]
hnet:proj_top/fm_fragment[414]
hnet:proj_top/fm_fragment[415]
hnet:proj_top/fm_fragment[416]
hnet:proj_top/fm_fragment[417]
hnet:proj_top/fm_fragment[418]
hnet:proj_top/fm_fragment[419]
hnet:proj_top/fm_fragment[41]
hnet:proj_top/fm_fragment[420]
hnet:proj_top/fm_fragment[421]
hnet:proj_top/fm_fragment[422]
hnet:proj_top/fm_fragment[423]
hnet:proj_top/fm_fragment[424]
hnet:proj_top/fm_fragment[425]
hnet:proj_top/fm_fragment[426]
hnet:proj_top/fm_fragment[427]
hnet:proj_top/fm_fragment[428]
hnet:proj_top/fm_fragment[429]
hnet:proj_top/fm_fragment[42]
hnet:proj_top/fm_fragment[430]
hnet:proj_top/fm_fragment[431]
hnet:proj_top/fm_fragment[432]
hnet:proj_top/fm_fragment[433]
hnet:proj_top/fm_fragment[434]
hnet:proj_top/fm_fragment[435]
hnet:proj_top/fm_fragment[436]
hnet:proj_top/fm_fragment[437]
hnet:proj_top/fm_fragment[438]
hnet:proj_top/fm_fragment[439]
hnet:proj_top/fm_fragment[43]
hnet:proj_top/fm_fragment[440]
hnet:proj_top/fm_fragment[441]
hnet:proj_top/fm_fragment[442]
hnet:proj_top/fm_fragment[443]
hnet:proj_top/fm_fragment[444]
hnet:proj_top/fm_fragment[445]
hnet:proj_top/fm_fragment[446]
hnet:proj_top/fm_fragment[447]
hnet:proj_top/fm_fragment[448]
hnet:proj_top/fm_fragment[449]
hnet:proj_top/fm_fragment[44]
hnet:proj_top/fm_fragment[450]
hnet:proj_top/fm_fragment[451]
hnet:proj_top/fm_fragment[452]
hnet:proj_top/fm_fragment[453]
hnet:proj_top/fm_fragment[454]
hnet:proj_top/fm_fragment[455]
hnet:proj_top/fm_fragment[456]
hnet:proj_top/fm_fragment[457]
hnet:proj_top/fm_fragment[458]
hnet:proj_top/fm_fragment[459]
hnet:proj_top/fm_fragment[45]
hnet:proj_top/fm_fragment[460]
hnet:proj_top/fm_fragment[461]
hnet:proj_top/fm_fragment[462]
hnet:proj_top/fm_fragment[463]
hnet:proj_top/fm_fragment[464]
hnet:proj_top/fm_fragment[465]
hnet:proj_top/fm_fragment[466]
hnet:proj_top/fm_fragment[467]
hnet:proj_top/fm_fragment[468]
hnet:proj_top/fm_fragment[469]
hnet:proj_top/fm_fragment[46]
hnet:proj_top/fm_fragment[470]
hnet:proj_top/fm_fragment[471]
hnet:proj_top/fm_fragment[472]
hnet:proj_top/fm_fragment[473]
hnet:proj_top/fm_fragment[474]
hnet:proj_top/fm_fragment[475]
hnet:proj_top/fm_fragment[476]
hnet:proj_top/fm_fragment[477]
hnet:proj_top/fm_fragment[478]
hnet:proj_top/fm_fragment[479]
hnet:proj_top/fm_fragment[47]
hnet:proj_top/fm_fragment[480]
hnet:proj_top/fm_fragment[481]
hnet:proj_top/fm_fragment[482]
hnet:proj_top/fm_fragment[483]
hnet:proj_top/fm_fragment[484]
hnet:proj_top/fm_fragment[485]
hnet:proj_top/fm_fragment[486]
hnet:proj_top/fm_fragment[487]
hnet:proj_top/fm_fragment[488]
hnet:proj_top/fm_fragment[489]
hnet:proj_top/fm_fragment[48]
hnet:proj_top/fm_fragment[490]
hnet:proj_top/fm_fragment[491]
hnet:proj_top/fm_fragment[492]
hnet:proj_top/fm_fragment[493]
hnet:proj_top/fm_fragment[494]
hnet:proj_top/fm_fragment[495]
hnet:proj_top/fm_fragment[496]
hnet:proj_top/fm_fragment[497]
hnet:proj_top/fm_fragment[498]
hnet:proj_top/fm_fragment[499]
hnet:proj_top/fm_fragment[49]
hnet:proj_top/fm_fragment[4]
hnet:proj_top/fm_fragment[500]
hnet:proj_top/fm_fragment[501]
hnet:proj_top/fm_fragment[502]
hnet:proj_top/fm_fragment[503]
hnet:proj_top/fm_fragment[504]
hnet:proj_top/fm_fragment[505]
hnet:proj_top/fm_fragment[506]
hnet:proj_top/fm_fragment[507]
hnet:proj_top/fm_fragment[508]
hnet:proj_top/fm_fragment[509]
hnet:proj_top/fm_fragment[50]
hnet:proj_top/fm_fragment[510]
hnet:proj_top/fm_fragment[511]
hnet:proj_top/fm_fragment[51]
hnet:proj_top/fm_fragment[52]
hnet:proj_top/fm_fragment[53]
hnet:proj_top/fm_fragment[54]
hnet:proj_top/fm_fragment[55]
hnet:proj_top/fm_fragment[56]
hnet:proj_top/fm_fragment[57]
hnet:proj_top/fm_fragment[58]
hnet:proj_top/fm_fragment[59]
hnet:proj_top/fm_fragment[5]
hnet:proj_top/fm_fragment[60]
hnet:proj_top/fm_fragment[61]
hnet:proj_top/fm_fragment[62]
hnet:proj_top/fm_fragment[63]
hnet:proj_top/fm_fragment[64]
hnet:proj_top/fm_fragment[65]
hnet:proj_top/fm_fragment[66]
hnet:proj_top/fm_fragment[67]
hnet:proj_top/fm_fragment[68]
hnet:proj_top/fm_fragment[69]
hnet:proj_top/fm_fragment[6]
hnet:proj_top/fm_fragment[70]
hnet:proj_top/fm_fragment[71]
hnet:proj_top/fm_fragment[72]
hnet:proj_top/fm_fragment[73]
hnet:proj_top/fm_fragment[74]
hnet:proj_top/fm_fragment[75]
hnet:proj_top/fm_fragment[76]
hnet:proj_top/fm_fragment[77]
hnet:proj_top/fm_fragment[78]
hnet:proj_top/fm_fragment[79]
hnet:proj_top/fm_fragment[7]
hnet:proj_top/fm_fragment[80]
hnet:proj_top/fm_fragment[81]
hnet:proj_top/fm_fragment[82]
hnet:proj_top/fm_fragment[83]
hnet:proj_top/fm_fragment[84]
hnet:proj_top/fm_fragment[85]
hnet:proj_top/fm_fragment[86]
hnet:proj_top/fm_fragment[87]
hnet:proj_top/fm_fragment[88]
hnet:proj_top/fm_fragment[89]
hnet:proj_top/fm_fragment[8]
hnet:proj_top/fm_fragment[90]
hnet:proj_top/fm_fragment[91]
hnet:proj_top/fm_fragment[92]
hnet:proj_top/fm_fragment[93]
hnet:proj_top/fm_fragment[94]
hnet:proj_top/fm_fragment[95]
hnet:proj_top/fm_fragment[96]
hnet:proj_top/fm_fragment[97]
hnet:proj_top/fm_fragment[98]
hnet:proj_top/fm_fragment[99]
hnet:proj_top/fm_fragment[9]
-------------------------------------------------------------------------------

-------------------------------------------------------------------------------
Timing exceptions with no effect

The following timing exceptions are not currently affecting timing in the       
design.  Either no paths in the design satisfy the exception's path             
specification, or all paths that satisfy the path specification also satisfy an 
exception with a higher priority.  You can improve runtime and memory usage by  
removing these exceptions if they are not truly needed.  To see if there is a   
path in the design that satisfies the path specification for an exception, or   
to see what other exception is overriding an exception because of priority, use 
the command:                                                                    
  report timing -paths [eval [::legacy::get_attribute paths <exception>]]

exception:proj_top/proj.sdc_line_18
-------------------------------------------------------------------------------


Lint summary
 Unconnected/logic driven clocks                                  0
 Sequential data pins driven by a clock signal                    0
 Sequential clock pins without clock waveform                    47
 Sequential clock pins with multiple clock waveforms              0
 Generated clocks without clock waveform                          0
 Generated clocks with incompatible options                       0
 Generated clocks with multi-master clock                         0
 Paths constrained with different clocks                          0
 Loop-breaking cells for combinational feedback                   0
 Nets with multiple drivers                                     512
 Timing exceptions with no effect                                 1
 Suspicious multi_cycle exceptions                                0
 Pins/ports with conflicting case constants                       0
 Inputs without clocked external delays                           0
 Outputs without clocked external delays                          0
 Inputs without external driver/transition                        0
 Outputs without external load                                    0
 Exceptions with invalid timing start-/endpoints                  0

                                                  Total:        560

