============================================================
  Generated by:           Genus(TM) Synthesis Solution 21.15-s080_1
  Generated on:           Aug 13 2024  10:39:24 am
  Module:                 proj_top
  Operating conditions:   ss_typical_max_0p90v_125c 
  Interconnect mode:      global
  Area mode:              physical library
============================================================


Path 1: MET (1963 ps) Setup Check with Pin u_sorter/smallest_idx_curr_reg[7][signature][31]/clk->d
          Group: reg2reg
     Startpoint: (R) u_sorter/new_pack_r_reg[signature][1]/clk
          Clock: (R) clk
       Endpoint: (R) u_sorter/smallest_idx_curr_reg[7][signature][31]/d
          Clock: (R) clk

                     Capture       Launch     
        Clock Edge:+   10000            0     
       Src Latency:+       0            0     
       Net Latency:+       0 (I)        0 (I) 
           Arrival:=   10000            0     
                                              
             Setup:-     199                  
       Uncertainty:-      50                  
     Required Time:=    9751                  
      Launch Clock:-       0                  
         Data Path:-    7788                  
             Slack:=    1963                  

#--------------------------------------------------------------------------------------------------------------------------
#                      Timing Point                       Flags    Arc    Edge      Cell        Fanout Trans Delay Arrival 
#                                                                                                       (ps)  (ps)   (ps)  
#--------------------------------------------------------------------------------------------------------------------------
  u_sorter/new_pack_r_reg[signature][1]/clk               -       -       R     (arrival)         3754     0     0       0 
  u_sorter/new_pack_r_reg[signature][1]/q                 (u)     clk->q  F     unmapped_d_flop     96     0   468     468 
  u_sorter/lt_40_71_I2/g36/z                              (u)     in_0->z R     unmapped_nor2        1     0    52     520 
  u_sorter/lt_40_71_I2/g98/z                              (u)     in_0->z F     unmapped_not         1     0    36     556 
  u_sorter/lt_40_71_I2/g99/z                              (u)     in_1->z R     unmapped_nand2       1     0    52     608 
  u_sorter/lt_40_71_I2/g100/z                             (u)     in_1->z F     unmapped_nand2       1     0    52     660 
  u_sorter/lt_40_71_I2/g164/z                             (u)     in_1->z R     unmapped_nand2       1     0    52     713 
  u_sorter/lt_40_71_I2/g165/z                             (u)     in_1->z F     unmapped_nand2       1     0    52     765 
  u_sorter/lt_40_71_I2/g245/z                             (u)     in_0->z R     unmapped_nand2       1     0    52     817 
  u_sorter/lt_40_71_I2/g246/z                             (u)     in_1->z F     unmapped_nand2       1     0    52     870 
  u_sorter/lt_40_71_I2/g315/z                             (u)     in_1->z R     unmapped_nand2       1     0    52     922 
  u_sorter/lt_40_71_I2/g316/z                             (u)     in_1->z F     unmapped_nand2       1     0    52     974 
  u_sorter/lt_40_71_I2/g398/z                             (u)     in_0->z R     unmapped_nand2       1     0    52    1026 
  u_sorter/lt_40_71_I2/g399/z                             (u)     in_1->z F     unmapped_nand2       1     0    52    1079 
  u_sorter/lt_40_71_I2/g34/z                              (u)     in_0->z R     unmapped_not         1     0    36    1114 
  u_sorter/mux_40_109/g1/z                                (u)     sel0->z F     unmapped_bmux3       2     0   117    1231 
  u_sorter/add_41_35_I2/g2/z                              (u)     in_1->z R     unmapped_nand2       1     0    52    1284 
  u_sorter/add_41_35_I2/g55/z                             (u)     in_0->z F     unmapped_not         2     0    48    1332 
  u_sorter/add_41_35_I2/g38/z                             (u)     in_0->z F     unmapped_xnor2       3     0   127    1459 
  u_sorter/add_41_35_I3/g17/z                             (u)     in_1->z R     unmapped_nand2       1     0    52    1511 
  u_sorter/add_41_35_I3/g57/z                             (u)     in_0->z F     unmapped_not         3     0    58    1570 
  u_sorter/add_41_35_I3/g40/z                             (u)     in_0->z F     unmapped_xnor2       3     0   127    1697 
  u_sorter/add_41_35_I4/g51/z                             (u)     in_0->z R     unmapped_not         2     0    48    1745 
  u_sorter/add_41_35_I4/g40/z                             (u)     in_1->z F     unmapped_xnor2       3     0   127    1872 
  u_sorter/add_41_35_I5/g51/z                             (u)     in_0->z R     unmapped_not         2     0    48    1921 
  u_sorter/add_41_35_I5/g40/z                             (u)     in_1->z F     unmapped_xnor2       3     0   127    2048 
  u_sorter/add_41_35_I6/g51/z                             (u)     in_0->z R     unmapped_not         2     0    48    2096 
  u_sorter/add_41_35_I6/g40/z                             (u)     in_1->z F     unmapped_xnor2       3     0   127    2223 
  u_sorter/add_41_35_I7/g51/z                             (u)     in_0->z R     unmapped_not         2     0    48    2272 
  u_sorter/add_41_35_I7/g40/z                             (u)     in_1->z F     unmapped_xnor2       3     0   127    2399 
  u_sorter/add_41_35_I8/g51/z                             (u)     in_0->z R     unmapped_not         2     0    48    2447 
  u_sorter/add_41_35_I8/g40/z                             (u)     in_1->z F     unmapped_xnor2       3     0   127    2574 
  u_sorter/add_41_35_I9/g51/z                             (u)     in_0->z R     unmapped_not         2     0    48    2622 
  u_sorter/add_41_35_I9/g40/z                             (u)     in_1->z F     unmapped_xnor2       3     0   127    2750 
  u_sorter/add_41_35_I10/g51/z                            (u)     in_0->z R     unmapped_not         2     0    48    2798 
  u_sorter/add_41_35_I10/g40/z                            (u)     in_1->z F     unmapped_xnor2       3     0   127    2925 
  u_sorter/add_41_35_I11/g51/z                            (u)     in_0->z R     unmapped_not         2     0    48    2973 
  u_sorter/add_41_35_I11/g40/z                            (u)     in_1->z F     unmapped_xnor2       3     0   127    3100 
  u_sorter/add_41_35_I12/g51/z                            (u)     in_0->z R     unmapped_not         2     0    48    3148 
  u_sorter/add_41_35_I12/g40/z                            (u)     in_1->z F     unmapped_xnor2       3     0   127    3276 
  u_sorter/add_41_35_I13/g51/z                            (u)     in_0->z R     unmapped_not         2     0    48    3324 
  u_sorter/add_41_35_I13/g40/z                            (u)     in_1->z F     unmapped_xnor2       3     0   127    3451 
  u_sorter/add_41_35_I14/g51/z                            (u)     in_0->z R     unmapped_not         2     0    48    3499 
  u_sorter/add_41_35_I14/g40/z                            (u)     in_1->z F     unmapped_xnor2       3     0   127    3626 
  u_sorter/add_41_35_I15/g51/z                            (u)     in_0->z R     unmapped_not         2     0    48    3675 
  u_sorter/add_41_35_I15/g40/z                            (u)     in_1->z F     unmapped_xnor2       3     0   127    3802 
  u_sorter/add_41_35_I16/g51/z                            (u)     in_0->z R     unmapped_not         2     0    48    3850 
  u_sorter/add_41_35_I16/g40/z                            (u)     in_1->z F     unmapped_xnor2       3     0   127    3977 
  u_sorter/add_41_35_I17/g51/z                            (u)     in_0->z R     unmapped_not         2     0    48    4026 
  u_sorter/add_41_35_I17/g40/z                            (u)     in_1->z F     unmapped_xnor2       3     0   127    4153 
  u_sorter/add_41_35_I18/g51/z                            (u)     in_0->z R     unmapped_not         2     0    48    4201 
  u_sorter/add_41_35_I18/g40/z                            (u)     in_1->z F     unmapped_xnor2       3     0   127    4328 
  u_sorter/add_41_35_I19/g51/z                            (u)     in_0->z R     unmapped_not         2     0    48    4376 
  u_sorter/add_41_35_I19/g40/z                            (u)     in_1->z F     unmapped_xnor2       3     0   127    4504 
  u_sorter/add_41_35_I20/g51/z                            (u)     in_0->z R     unmapped_not         2     0    48    4552 
  u_sorter/add_41_35_I20/g40/z                            (u)     in_1->z F     unmapped_xnor2       3     0   127    4679 
  u_sorter/add_41_35_I21/g51/z                            (u)     in_0->z R     unmapped_not         2     0    48    4727 
  u_sorter/add_41_35_I21/g40/z                            (u)     in_1->z F     unmapped_xnor2       3     0   127    4854 
  u_sorter/add_41_35_I22/g51/z                            (u)     in_0->z R     unmapped_not         2     0    48    4902 
  u_sorter/add_41_35_I22/g40/z                            (u)     in_1->z F     unmapped_xnor2       3     0   127    5030 
  u_sorter/add_41_35_I23/g51/z                            (u)     in_0->z R     unmapped_not         2     0    48    5078 
  u_sorter/add_41_35_I23/g40/z                            (u)     in_1->z F     unmapped_xnor2       3     0   127    5205 
  u_sorter/add_41_35_I24/g51/z                            (u)     in_0->z R     unmapped_not         2     0    48    5253 
  u_sorter/add_41_35_I24/g40/z                            (u)     in_1->z F     unmapped_xnor2       3     0   127    5380 
  u_sorter/add_41_35_I25/g51/z                            (u)     in_0->z R     unmapped_not         2     0    48    5429 
  u_sorter/add_41_35_I25/g40/z                            (u)     in_1->z F     unmapped_xnor2       3     0   127    5556 
  u_sorter/add_41_35_I26/g51/z                            (u)     in_0->z R     unmapped_not         2     0    48    5604 
  u_sorter/add_41_35_I26/g40/z                            (u)     in_1->z F     unmapped_xnor2       3     0   127    5731 
  u_sorter/add_41_35_I27/g51/z                            (u)     in_0->z R     unmapped_not         2     0    48    5780 
  u_sorter/add_41_35_I27/g40/z                            (u)     in_1->z F     unmapped_xnor2       3     0   127    5907 
  u_sorter/add_41_35_I28/g51/z                            (u)     in_0->z R     unmapped_not         2     0    48    5955 
  u_sorter/add_41_35_I28/g40/z                            (u)     in_1->z F     unmapped_xnor2       3     0   127    6082 
  u_sorter/add_41_35_I29/g51/z                            (u)     in_0->z R     unmapped_not         2     0    48    6130 
  u_sorter/add_41_35_I29/g40/z                            (u)     in_1->z F     unmapped_xnor2       3     0   127    6258 
  u_sorter/add_41_35_I30/g51/z                            (u)     in_0->z R     unmapped_not         2     0    48    6306 
  u_sorter/add_41_35_I30/g40/z                            (u)     in_1->z R     unmapped_xnor2       3     0   127    6433 
  u_sorter/add_41_35_I31/g28/z                            (u)     in_1->z F     unmapped_nand2       1     0    52    6485 
  u_sorter/add_41_35_I31/g58/z                            (u)     in_0->z R     unmapped_not         1     0    36    6521 
  u_sorter/add_41_35_I31/g43/z                            (u)     in_0->z R     unmapped_xnor2       2     0   117    6638 
  u_sorter/add_41_35_I32/g52/z                            (u)     in_0->z F     unmapped_not         2     0    48    6686 
  u_sorter/add_41_35_I32/g22/z                            (u)     in_1->z R     unmapped_nor2        1     0    52    6738 
  u_sorter/add_41_35_I32/g30/z                            (u)     in_0->z F     unmapped_nand2       1     0    52    6791 
  u_sorter/add_41_35_I32/g59/z                            (u)     in_0->z R     unmapped_not         2     0    48    6839 
  u_sorter/add_41_35_I32/g45/z                            (u)     in_0->z R     unmapped_xnor2       2     0   117    6956 
  u_sorter/sub_55_43/g3/z                                 (u)     in_0->z F     unmapped_not         2     0    48    7004 
  u_sorter/sub_55_43/g16/z                                (u)     in_1->z R     unmapped_nor2        1     0    52    7056 
  u_sorter/sub_55_43/g36/z                                (u)     in_0->z F     unmapped_not         2     0    48    7104 
  u_sorter/sub_55_43/g48/z                                (u)     in_0->z R     unmapped_nand2       1     0    52    7157 
  u_sorter/sub_55_43/g49/z                                (u)     in_1->z F     unmapped_xnor2       6     0   153    7310 
  u_sorter/g414/z                                         (u)     in_0->z R     unmapped_nor2        4     0    84    7394 
  u_sorter/g433/z                                         (u)     in_3->z F     unmapped_nand4       1     0    99    7493 
  u_sorter/g434/z                                         (u)     in_0->z R     unmapped_not         1     0    36    7529 
  u_sorter/g11/z                                          (u)     in_0->z R     unmapped_and2       41     0   155    7684 
  u_sorter/mux_smallest_idx_curr[7][signature]_78_41/g1/z (u)     sel0->z R     unmapped_bmux3       1     0   104    7788 
  u_sorter/smallest_idx_curr_reg[7][signature][31]/d      -       -       R     unmapped_d_flop      1     -     0    7788 
#--------------------------------------------------------------------------------------------------------------------------

(u) : Net has unmapped pin(s).

