============================================================
  Generated by:           Genus(TM) Synthesis Solution 21.15-s080_1
  Generated on:           Aug 11 2024  07:36:10 pm
  Module:                 proj_sorter
  Operating conditions:   ss_typical_max_0p90v_125c 
  Interconnect mode:      global
  Area mode:              physical library
============================================================


Path 1: MET (6 ps) Setup Check with Pin smallest_idx_curr_reg[3][signature][1]/CK->B
          Group: in2reg
     Startpoint: (R) in_signature[5]
          Clock: (R) clk
       Endpoint: (F) smallest_idx_curr_reg[3][signature][1]/B
          Clock: (R) clk

                     Capture       Launch     
        Clock Edge:+   10000            0     
        Drv Adjust:+       0           54     
       Src Latency:+       0            0     
       Net Latency:+       0 (I)        0 (I) 
           Arrival:=   10000           54     
                                              
             Setup:-     158                  
       Uncertainty:-      50                  
     Required Time:=    9792                  
      Launch Clock:-      54                  
       Input Delay:-    2000                  
         Data Path:-    7733                  
             Slack:=       6                  

Exceptions/Constraints:
  input_delay             2000            proj.sdc_line_15_26_1 

#-------------------------------------------------------------------------------------------------------------
#              Timing Point                Flags    Arc   Edge        Cell         Fanout Trans Delay Arrival 
#                                                                                          (ps)  (ps)   (ps)  
#-------------------------------------------------------------------------------------------------------------
  in_signature[5]                          -       -      R     (arrival)              11   111     0    2054 
  lt_39_68_I3_g2/Y                         -       BN->Y  R     NAND2XB_X3M_A9TL        2    86   140    2194 
  lt_39_68_I3_g1285/Y                      -       B->Y   F     NAND2_X2M_A9TL          1    70    66    2261 
  lt_39_68_I3_g1271/Y                      -       A1->Y  R     OAI21_X2M_A9TL          1   132   117    2378 
  lt_39_68_I3_g1262/Y                      -       B->Y   F     NAND2_X2A_A9TL          1    61    74    2452 
  lt_39_68_I3_g1253/Y                      -       C0->Y  R     OAI221_X1M_A9TL         1   228   102    2554 
  lt_39_68_I3_g1246/Y                      -       B0N->Y R     OAI21B_X2M_A9TL         1   152   192    2746 
  lt_39_68_I3_g1245/Y                      -       C0->Y  F     OAI211_X4M_A9TL         1    98    93    2839 
  lt_39_68_I3_g1244/Y                      -       A0->Y  R     OAI2XB1_X4M_A9TL        1   112   108    2947 
  lt_39_68_I3_g1243/Y                      -       A0->Y  F     OAI211_X4M_A9TL         1   116    94    3041 
  lt_39_68_I3_g1242/Y                      -       C0->Y  F     OA211_X4M_A9TL          3    62   142    3183 
  g49804/Y                                 -       A->Y   R     NAND2_X3M_A9TL          4   128    98    3280 
  g49760/Y                                 -       B->Y   F     NAND2_X3B_A9TL          1    84    90    3370 
  g49752/Y                                 -       A->Y   R     XOR2_X4M_A9TL           3   215   113    3484 
  g53914/Y                                 -       A->Y   R     XNOR2_X4M_A9TL          3   183   140    3624 
  g49741/Y                                 -       B->Y   R     XOR2_X3M_A9TL           3   229   180    3804 
  g49735/Y                                 -       A->Y   R     XOR2_X4M_A9TL           3   214   152    3956 
  g49729/Y                                 -       A->Y   R     XOR2_X4M_A9TL           3   207   150    4106 
  g49719/Y                                 -       A->Y   R     XOR2_X4M_A9TL           3   215   146    4251 
  g49710/Y                                 -       A->Y   R     XOR2_X4M_A9TL           3   213   147    4398 
  g49695/Y                                 -       A->Y   R     XOR2_X3M_A9TL           3   244   158    4556 
  g49685/Y                                 -       A->Y   R     XOR2_X4M_A9TL           3   214   156    4713 
  g49672/Y                                 -       A->Y   R     XOR2_X4M_A9TL           3   214   147    4860 
  g49663/Y                                 -       A->Y   R     XOR2_X4M_A9TL           3   220   150    5011 
  g49652/Y                                 -       A->Y   R     XOR2_X4M_A9TL           3   215   150    5160 
  g49636/Y                                 -       A->Y   R     XOR2_X4M_A9TL           3   208   145    5305 
  g53907/Y                                 -       A->Y   R     AND2_X2M_A9TL           3   135   198    5504 
  g49616/Y                                 -       A->Y   F     INV_X3M_A9TL            1    50    53    5557 
  g49607/Y                                 -       B->Y   F     MXT2_X6M_A9TL           3    64   141    5698 
  g49589/Y                                 -       A->Y   R     XOR2_X4M_A9TL           3   207   104    5802 
  g49569/Y                                 -       S0->Y  F     MXT2_X4M_A9TL           3    74   192    5994 
  g49555/Y                                 -       A->Y   R     XOR2_X4M_A9TL           3   211   111    6105 
  g49538/Y                                 -       A->Y   R     XOR2_X4M_A9TL           3   189   142    6247 
  g53890/Y                                 -       B->Y   R     XOR2_X3M_A9TL           3   249   191    6438 
  g49508/Y                                 -       A->Y   R     XOR2_X3M_A9TL           3   245   175    6614 
  g53978/Y                                 -       B->Y   R     XOR2_X4M_A9TL           3   234   186    6799 
  g49471/Y                                 -       A->Y   R     XOR2_X4M_A9TL           3   210   159    6958 
  g53877/Y                                 -       A->Y   R     XOR2_X4M_A9TL           3   217   155    7113 
  g49441/Y                                 -       B->Y   R     XOR2_X4M_A9TL           3   216   172    7286 
  g53976/Y                                 -       B->Y   R     XOR2_X3M_A9TL           3   268   206    7491 
  g49407/Y                                 -       A->Y   R     XOR2_X4M_A9TL           3   218   173    7664 
  g49391/Y                                 -       S0->Y  F     MXT2_X4M_A9TL           3    65   184    7848 
  g53965/Y                                 -       B->Y   R     XOR2_X1M_A9TL           2   273   166    8015 
  g49357/CO                                -       A->CO  R     ADDH_X2M_A9TL           1    69   193    8208 
  g49345/CO                                -       A->CO  R     ADDH_X2M_A9TL           2   117   168    8376 
  g49340/Y                                 -       B->Y   R     AND2_X6M_A9TL           2    54   116    8492 
  g49317/Y                                 -       B->Y   R     XOR2_X4M_A9TL           2   196   126    8618 
  g53962/Y                                 -       B->Y   R     XOR2_X4M_A9TL           4   321   217    8836 
  g49304/Y                                 -       A->Y   F     NOR2XB_X8M_A9TL         2   110   114    8950 
  g49299/Y                                 -       A->Y   R     NAND2_X8M_A9TL          3    87    90    9040 
  g49253/Y                                 -       A->Y   F     NOR2_X6A_A9TL           1    69    42    9082 
  g53930/Y                                 -       A->Y   R     INV_X1M_A9TL            3   329   211    9292 
  g48636/Y                                 -       A->Y   F     INV_X6M_A9TL           15   131   134    9426 
  fopt51494/Y                              -       A->Y   R     INV_X5M_A9TL            2    79    85    9512 
  fopt51493/Y                              -       A->Y   F     INV_X4M_A9TL           11    71    70    9582 
  g47895/Y                                 -       A->Y   R     NAND2XB_X1M_A9TL        1   124    96    9678 
  g43500__4733/Y                           -       C->Y   F     NAND4XXXB_X2M_A9TL      1    92   109    9787 
  smallest_idx_curr_reg[3][signature][1]/B -       -      F     A2DFFQ_X0P5M_A9TL       1     -     0    9787 
#-------------------------------------------------------------------------------------------------------------

