============================================================
  Generated by:           Genus(TM) Synthesis Solution 21.15-s080_1
  Generated on:           Aug 11 2024  11:18:49 am
  Module:                 proj_sorter
  Operating conditions:   ss_typical_max_0p90v_125c 
  Interconnect mode:      global
  Area mode:              physical library
============================================================


Path 1: MET (1746 ps) Setup Check with Pin smallest_idx_curr_reg[0][signature][1]/CK->B
          Group: reg2reg
     Startpoint: (R) smallest_idx_curr_reg[5][signature][0]/CK
          Clock: (R) clk
       Endpoint: (F) smallest_idx_curr_reg[0][signature][1]/B
          Clock: (R) clk

                     Capture       Launch     
        Clock Edge:+   10000            0     
       Src Latency:+       0            0     
       Net Latency:+       0 (I)        0 (I) 
           Arrival:=   10000            0     
                                              
             Setup:-     178                  
       Uncertainty:-      50                  
     Required Time:=    9772                  
      Launch Clock:-       0                  
         Data Path:-    8026                  
             Slack:=    1746                  

#--------------------------------------------------------------------------------------------------------------
#               Timing Point                Flags    Arc    Edge       Cell         Fanout Trans Delay Arrival 
#                                                                                           (ps)  (ps)   (ps)  
#--------------------------------------------------------------------------------------------------------------
  smallest_idx_curr_reg[5][signature][0]/CK -       -       R     (arrival)            352     0     0       0 
  smallest_idx_curr_reg[5][signature][0]/Q  -       CK->Q   R     DFFQ_X1M_A9TL          4   174   310     310 
  lt_39_68_I6_g577/Y                        -       A1N->Y  R     OAI2XB1_X1M_A9TL       1   188   233     543 
  lt_39_68_I6_g575/Y                        -       A1N->Y  R     OAI2XB1_X4M_A9TL       1    93   177     720 
  lt_39_68_I6_g574/Y                        -       B0N->Y  F     AO21B_X2M_A9TL         1    72    68     789 
  lt_39_68_I6_g573/CO                       -       CIN->CO R     CGENCIN_X2M_A9TL       1   162    96     884 
  lt_39_68_I6_g572/CO                       -       CIN->CO F     CGENCIN_X2M_A9TL       1   138   104     988 
  lt_39_68_I6_g571/CO                       -       CIN->CO R     CGENCIN_X2M_A9TL       1   162   119    1107 
  lt_39_68_I6_g570/CO                       -       CIN->CO F     CGENCIN_X2M_A9TL       1   138   104    1211 
  lt_39_68_I6_g569/CO                       -       CIN->CO R     CGENCIN_X2M_A9TL       1   198   135    1346 
  lt_39_68_I6_g568/CON                      -       A->CON  F     CGENI_X2M_A9TL         1   106   122    1468 
  lt_39_68_I6_g567/CON                      -       A->CON  R     CGENI_X1M_A9TL         1   204   171    1640 
  lt_39_68_I6_g566/CON                      -       A->CON  F     CGENI_X1M_A9TL         1   147   156    1795 
  lt_39_68_I6_g565/CON                      -       A->CON  R     CGENI_X1M_A9TL         1   208   186    1981 
  lt_39_68_I6_g564/CON                      -       A->CON  F     CGENI_X1M_A9TL         1   147   157    2138 
  lt_39_68_I6_g563/CON                      -       A->CON  R     CGENI_X1M_A9TL         1   208   186    2324 
  lt_39_68_I6_g562/CON                      -       A->CON  F     CGENI_X1M_A9TL         1   147   157    2480 
  lt_39_68_I6_g561/CON                      -       A->CON  R     CGENI_X1M_A9TL         1   208   186    2666 
  lt_39_68_I6_g560/CON                      -       A->CON  F     CGENI_X1M_A9TL         1   147   157    2823 
  lt_39_68_I6_g559/CON                      -       A->CON  R     CGENI_X1M_A9TL         1   208   186    3009 
  lt_39_68_I6_g558/CON                      -       A->CON  F     CGENI_X1M_A9TL         1   147   157    3165 
  lt_39_68_I6_g557/CON                      -       A->CON  R     CGENI_X1M_A9TL         1   208   186    3351 
  lt_39_68_I6_g556/CON                      -       A->CON  F     CGENI_X1M_A9TL         1   147   157    3508 
  lt_39_68_I6_g555/CON                      -       A->CON  R     CGENI_X1M_A9TL         1   208   186    3694 
  lt_39_68_I6_g554/CON                      -       A->CON  F     CGENI_X1M_A9TL         1   147   157    3850 
  lt_39_68_I6_g553/CON                      -       A->CON  R     CGENI_X1M_A9TL         1   208   186    4036 
  lt_39_68_I6_g552/CON                      -       A->CON  F     CGENI_X1M_A9TL         1   147   157    4193 
  lt_39_68_I6_g551/CON                      -       A->CON  R     CGENI_X1M_A9TL         1   208   186    4379 
  lt_39_68_I6_g550/CON                      -       A->CON  F     CGENI_X1M_A9TL         1   147   157    4535 
  lt_39_68_I6_g549/CON                      -       A->CON  R     CGENI_X1M_A9TL         1   208   186    4721 
  lt_39_68_I6_g548/CON                      -       A->CON  F     CGENI_X1M_A9TL         1   147   157    4878 
  lt_39_68_I6_g547/CON                      -       A->CON  R     CGENI_X1M_A9TL         1   218   186    5064 
  lt_39_68_I6_g546/CON                      -       A->CON  F     CGENI_X1M_A9TL         1   149   160    5223 
  lt_39_68_I6_g545/CON                      -       A->CON  R     CGENI_X1M_A9TL         1   202   183    5406 
  g11637__7410/CO                           -       A->CO   R     ADDH_X1M_A9TL          1    96   185    5592 
  g11634__2883/CO                           -       A->CO   R     ADDH_X1M_A9TL          1    96   155    5747 
  g11630__6161/S                            -       B->S    F     ADDH_X1M_A9TL          2    96   216    5962 
  g11626__5115/S                            -       B->S    F     ADDH_X1M_A9TL          2   108   204    6166 
  g11622__8246/S                            -       B->S    R     ADDH_X1M_A9TL          7   301   337    6503 
  g11620__1705/Y                            -       B->Y    F     NOR2_X1B_A9TL          2   215   231    6734 
  g2__5122/Y                                -       BN->Y   F     NOR2XB_X1M_A9TL        2   177   257    6991 
  g11593__5107/Y                            -       AN->Y   F     NOR2B_X2M_A9TL         3   142   197    7188 
  g11563__6161/Y                            -       B->Y    R     NOR2_X1B_A9TL          1   254   205    7393 
  g2/Y                                      -       B->Y    F     NAND2_X4A_A9TL        19   342   282    7675 
  g11527_0/Y                                -       A->Y    R     INV_X5M_A9TL          16   178   193    7868 
  g10874__2398/Y                            -       B1->Y   F     OAI221_X1M_A9TL        1   144   158    8026 
  smallest_idx_curr_reg[0][signature][1]/B  -       -       F     A2DFFQ_X0P5M_A9TL      1     -     0    8026 
#--------------------------------------------------------------------------------------------------------------

