xrun(64): 21.09-s007: (c) Copyright 1995-2022 Cadence Design Systems, Inc.
TOOL:	xrun(64)	21.09-s007: Started on Aug 11, 2024 at 14:06:34 UTC
xrun
	./design/proj_pkg.sv
	./design/proj_hasher.sv
	./design/proj_fm.sv
	./design/proj_extender.sv
	./design/proj_counter.sv
	./design/proj_sorter.sv
	./design/proj_kmer_buffer.sv
	./design/proj_top.sv
	-sv
	./verification/proj_kmer_buffer_tb.sv
	-access +rw-c
	-INPUT ./simulation.tcl
SOFTINCLUDE $XPEDION/aa/cds.lib
|
xrun: *W,DLCVAR (/apps/cadence/IC/6.18.350/tools/dfII/local/cds.lib,10): cds.lib Invalid environment variable ''.
SOFTINCLUDE $EMXHOME/emxinterface/cds.lib
|
xrun: *W,DLCVAR (/apps/cadence/IC/6.18.350/tools/dfII/local/cds.lib,12): cds.lib Invalid environment variable ''.
SOFTINCLUDE $XPEDION/aa/cds.lib
|
xrun: *W,DLCVAR (/apps/cadence/IC/6.18.350/tools/dfII/local/cds.lib,10): cds.lib Invalid environment variable ''.
SOFTINCLUDE $EMXHOME/emxinterface/cds.lib
|
xrun: *W,DLCVAR (/apps/cadence/IC/6.18.350/tools/dfII/local/cds.lib,12): cds.lib Invalid environment variable ''.
SOFTINCLUDE $XPEDION/aa/cds.lib
|
xrun: *W,DLCVAR (/apps/cadence/IC/6.18.350/tools/dfII/local/cds.lib,10): cds.lib Invalid environment variable ''.
SOFTINCLUDE $EMXHOME/emxinterface/cds.lib
|
xrun: *W,DLCVAR (/apps/cadence/IC/6.18.350/tools/dfII/local/cds.lib,12): cds.lib Invalid environment variable ''.
SOFTINCLUDE $XPEDION/aa/cds.lib
|
xrun: *W,DLCVAR (/apps/cadence/IC/6.18.350/tools/dfII/local/cds.lib,10): cds.lib Invalid environment variable ''.
SOFTINCLUDE $EMXHOME/emxinterface/cds.lib
|
xrun: *W,DLCVAR (/apps/cadence/IC/6.18.350/tools/dfII/local/cds.lib,12): cds.lib Invalid environment variable ''.
SOFTINCLUDE $XPEDION/aa/cds.lib
|
xmvlog: *W,DLCVAR (/apps/cadence/IC/6.18.350/tools/dfII/local/cds.lib,10): cds.lib Invalid environment variable ''.
SOFTINCLUDE $EMXHOME/emxinterface/cds.lib
|
xmvlog: *W,DLCVAR (/apps/cadence/IC/6.18.350/tools/dfII/local/cds.lib,12): cds.lib Invalid environment variable ''.
file: ./design/proj_hasher.sv
	module worklib.proj_hasher:sv
		errors: 0, warnings: 0
file: ./design/proj_fm.sv
    logic clk, rst_n;
            |
xmvlog: *E,DUPIDN (./design/proj_fm.sv,32|12): identifier 'clk' previously declared [12.5(IEEE)].
    logic clk, rst_n;
                   |
xmvlog: *E,DUPIDN (./design/proj_fm.sv,32|19): identifier 'rst_n' previously declared [12.5(IEEE)].
	module worklib.proj_fm:sv
		errors: 2, warnings: 0
file: ./design/proj_extender.sv
	module worklib.proj_extender:sv
		errors: 0, warnings: 0
file: ./design/proj_counter.sv
	module worklib.proj_counter:sv
		errors: 0, warnings: 0
file: ./design/proj_sorter.sv
	module worklib.proj_sorter:sv
		errors: 0, warnings: 0
file: ./design/proj_kmer_buffer.sv
	module worklib.proj_kmer_buffer:sv
		errors: 0, warnings: 0
file: ./design/proj_top.sv
	module worklib.proj_top:sv
		errors: 0, warnings: 0
file: ./verification/proj_kmer_buffer_tb.sv
	module worklib.proj_kmer_buffer_tb:sv
		errors: 0, warnings: 0
	Total errors/warnings found outside modules and primitives:
		errors: 0, warnings: 2
xrun: *E,VLGERR: An error occurred during parsing.  Review the log file for errors with the code *E and fix those identified problems to proceed.  Exiting with code (status 1).
TOOL:	xrun(64)	21.09-s007: Exiting on Aug 11, 2024 at 14:06:35 UTC  (total: 00:00:01)
