============================================================
  Generated by:           Genus(TM) Synthesis Solution 21.15-s080_1
  Generated on:           Aug 10 2024  11:40:11 pm
  Module:                 proj_top
  Operating conditions:   ss_typical_max_0p90v_125c 
  Interconnect mode:      global
  Area mode:              physical library
============================================================

Timing
--------

Clock  Period 
--------------
clk   10000.0 


        Cost          Critical         Violating 
       Group         Path Slack  TNS     Paths   
-------------------------------------------------
cg_enable_group_clk      7304.3   0.0          0 
clk                    No paths   0.0            
default                No paths   0.0            
in2out                 No paths   0.0            
in2reg                   7214.9   0.0          0 
reg2out                  6612.9   0.0          0 
reg2reg                  6366.2   0.0          0 
-------------------------------------------------
Total                             0.0          0 

Instance Count
--------------
Leaf Instance Count             86 
Physical Instance count          0 
Sequential Instance Count       23 
Combinational Instance Count    63 
Hierarchical Instance Count      3 

Area
----
Cell Area                          380.880
Physical Cell Area                 0.000
Total Cell Area (Cell+Physical)    380.880
Net Area                           130.529
Total Area (Cell+Physical+Net)     511.409

Max Fanout                         256 (out_fragment[255])
Min Fanout                         0 (counter_index[0])
Average Fanout                     0.7
Terms to net ratio                 0.4939
Terms to instance ratio            3.7442
Runtime                            237.597462 seconds
Elapsed Runtime                    298 seconds
Genus peak memory usage            6882.72 
Innovus peak memory usage          no_value 
Hostname                           ip-10-0-112-224.eu-central-1.compute.internal
