============================================================
  Generated by:           Genus(TM) Synthesis Solution 21.15-s080_1
  Generated on:           Aug 10 2024  11:40:10 pm
  Module:                 proj_top
  Operating conditions:   ss_typical_max_0p90v_125c 
  Interconnect mode:      global
  Area mode:              physical library
============================================================

                                       
       Gate         Instances   Area                        Library                      
-----------------------------------------------------------------------------------------
ADDH_X1M_A9TL              14   65.520    sc9_cln65lp_base_lvt_ss_typical_max_0p90v_125c 
AND2_X1M_A9TL               3    5.400    sc9_cln65lp_base_lvt_ss_typical_max_0p90v_125c 
AND3_X1M_A9TL              13   32.760    sc9_cln65lp_base_lvt_ss_typical_max_0p90v_125c 
AND4_X0P5M_A9TL             4   11.520    sc9_cln65lp_base_lvt_ss_typical_max_0p90v_125c 
AO21_X1M_A9TL               3    8.640    sc9_cln65lp_base_lvt_ss_typical_max_0p90v_125c 
DFFRPQ_X1M_A9TL            20  172.800    sc9_cln65lp_base_lvt_ss_typical_max_0p90v_125c 
INV_X0P5M_A9TL              2    2.160    sc9_cln65lp_base_lvt_ss_typical_max_0p90v_125c 
INV_X1M_A9TL                4    4.320    sc9_cln65lp_base_lvt_ss_typical_max_0p90v_125c 
INV_X2M_A9TL                3    4.320    sc9_cln65lp_base_lvt_ss_typical_max_0p90v_125c 
NAND2XB_X3M_A9TL            1    3.960    sc9_cln65lp_base_lvt_ss_typical_max_0p90v_125c 
NAND2_X1A_A9TL              2    2.880    sc9_cln65lp_base_lvt_ss_typical_max_0p90v_125c 
NAND2_X1B_A9TL              1    1.440    sc9_cln65lp_base_lvt_ss_typical_max_0p90v_125c 
NAND3XXB_X1M_A9TL           1    2.520    sc9_cln65lp_base_lvt_ss_typical_max_0p90v_125c 
NAND3_X1A_A9TL              1    2.160    sc9_cln65lp_base_lvt_ss_typical_max_0p90v_125c 
NAND4XXXB_X3M_A9TL          1    6.120    sc9_cln65lp_base_lvt_ss_typical_max_0p90v_125c 
NOR3_X1M_A9TL               3    6.480    sc9_cln65lp_base_lvt_ss_typical_max_0p90v_125c 
OR2_X0P5M_A9TL              1    1.800    sc9_cln65lp_base_lvt_ss_typical_max_0p90v_125c 
OR2_X1P4M_A9TL              1    2.520    sc9_cln65lp_base_lvt_ss_typical_max_0p90v_125c 
PREICG_X0P5B_A9TR           1    6.480    sc9_cln65lp_base_rvt_ss_typical_max_0p90v_125c 
SDFFRPQ_X1M_A9TL            2   20.880    sc9_cln65lp_base_lvt_ss_typical_max_0p90v_125c 
XNOR2_X0P7M_A9TL            3    9.720    sc9_cln65lp_base_lvt_ss_typical_max_0p90v_125c 
XOR2_X0P7M_A9TL             2    6.480    sc9_cln65lp_base_lvt_ss_typical_max_0p90v_125c 
-----------------------------------------------------------------------------------------
total                      86  380.880                                                   


                    Library                    Instances   Area  Instances % 
-----------------------------------------------------------------------------
sc9_cln65lp_base_lvt_ss_typical_max_0p90v_125c        85 374.400        98.8 
sc9_cln65lp_base_rvt_ss_typical_max_0p90v_125c         1   6.480         1.2 

                                                      
            Type             Instances   Area  Area % 
------------------------------------------------------
sequential                          22 193.680   50.9 
inverter                             9  10.800    2.8 
clock_gating_integrated_cell         1   6.480    1.7 
logic                               54 169.920   44.6 
physical_cells                       0   0.000    0.0 
------------------------------------------------------
total                               86 380.880  100.0 

