============================================================
  Generated by:           Genus(TM) Synthesis Solution 21.15-s080_1
  Generated on:           Aug 11 2024  07:35:58 pm
  Module:                 proj_sorter
  Operating conditions:   ss_typical_max_0p90v_125c 
  Interconnect mode:      global
  Area mode:              physical library
============================================================


Path 1: MET (0 ps) Setup Check with Pin smallest_idx_curr_reg[31][signature][27]/CK->D
          Group: in2reg
     Startpoint: (F) in_signature[0]
          Clock: (R) clk
       Endpoint: (R) smallest_idx_curr_reg[31][signature][27]/D
          Clock: (R) clk

                     Capture       Launch     
        Clock Edge:+   10000            0     
        Drv Adjust:+       0           23     
       Src Latency:+       0            0     
       Net Latency:+       0 (I)        0 (I) 
           Arrival:=   10000           23     
                                              
             Setup:-      87                  
       Uncertainty:-      50                  
     Required Time:=    9863                  
      Launch Clock:-      23                  
       Input Delay:-    2000                  
         Data Path:-    7840                  
             Slack:=       0                  

Exceptions/Constraints:
  input_delay             2000            proj.sdc_line_15_31_1 

#--------------------------------------------------------------------------------------------------------------
#               Timing Point                 Flags   Arc   Edge        Cell         Fanout Trans Delay Arrival 
#                                                                                           (ps)  (ps)   (ps)  
#--------------------------------------------------------------------------------------------------------------
  in_signature[0]                            -       -     F     (arrival)               1    62     0    2023 
  g19399/Y                                   -       A->Y  R     INV_X9M_A9TL            2    55    56    2079 
  g19397/Y                                   -       A->Y  F     INV_X9M_A9TL           11    44    47    2126 
  g19396/Y                                   -       A->Y  F     BUF_X6M_A9TL            5    46    98    2224 
  g19395/Y                                   -       A->Y  F     BUFH_X2M_A9TL           7    98   114    2338 
  lt_39_68_I9_g1274/Y                        -       A2->Y R     OAI31_X1M_A9TL          1   263   222    2560 
  lt_39_68_I9_g1260/Y                        -       B0->Y F     AOI221_X1P4M_A9TL       1   154   160    2719 
  lt_39_68_I9_g1258/Y                        -       B0->Y R     AOI2XB1_X1M_A9TL        1   165   149    2868 
  lt_39_68_I9_g1248/Y                        -       A1->Y F     AOI211_X1M_A9TL         1   160   158    3026 
  lt_39_68_I9_g1247/Y                        -       A1->Y R     OAI21_X1M_A9TL          1   169   167    3193 
  lt_39_68_I9_g1246/Y                        -       B0->Y F     AOI2XB1_X1M_A9TL        1   110   106    3299 
  lt_39_68_I9_g1245/Y                        -       A->Y  F     AND3_X1M_A9TL           1    59   146    3445 
  lt_39_68_I9_g1244/Y                        -       C0->Y R     AOI211_X1M_A9TL         1   231   161    3606 
  lt_39_68_I9_g1243/Y                        -       B->Y  R     OR6_X0P7M_A9TL          1   136   222    3827 
  lt_39_68_I9_g1242/Y                        -       C0->Y R     OA211_X0P7M_A9TL        2   222   250    4077 
  g49719/Y                                   -       B->Y  R     XOR2_X4M_A9TL           3   214   169    4245 
  g49710/Y                                   -       A->Y  R     XOR2_X4M_A9TL           3   215   148    4393 
  g49695/Y                                   -       A->Y  R     XOR2_X3M_A9TL           3   244   159    4552 
  g49685/Y                                   -       A->Y  R     XOR2_X4M_A9TL           3   214   156    4709 
  g49672/Y                                   -       A->Y  R     XOR2_X4M_A9TL           3   214   147    4856 
  g49663/Y                                   -       A->Y  R     XOR2_X4M_A9TL           3   220   150    5006 
  g49652/Y                                   -       A->Y  R     XOR2_X4M_A9TL           3   215   150    5156 
  g49636/Y                                   -       A->Y  R     XOR2_X4M_A9TL           3   208   145    5301 
  g53907/Y                                   -       A->Y  R     AND2_X2M_A9TL           3   135   198    5500 
  g49616/Y                                   -       A->Y  F     INV_X3M_A9TL            1    50    53    5553 
  g49607/Y                                   -       B->Y  F     MXT2_X6M_A9TL           3    64   141    5694 
  g49589/Y                                   -       A->Y  R     XOR2_X4M_A9TL           3   207   104    5798 
  g49569/Y                                   -       S0->Y F     MXT2_X4M_A9TL           3    74   192    5990 
  g49555/Y                                   -       A->Y  R     XOR2_X4M_A9TL           3   211   111    6101 
  g49538/Y                                   -       A->Y  R     XOR2_X4M_A9TL           3   189   142    6243 
  g53887/Y                                   -       A->Y  R     AND2_X3M_A9TL           2    84   154    6397 
  g49509/Y                                   -       B->Y  R     XOR2_X4M_A9TL           3   178   127    6524 
  g53883/Y                                   -       B->Y  R     XNOR2_X2M_A9TL          3   341   231    6755 
  g53879/Y                                   -       B->Y  F     NAND2B_X3M_A9TL         3   133   148    6903 
  g49465/Y                                   -       A->Y  R     INV_X2M_A9TL            1    72    78    6981 
  g49455/Y                                   -       A->Y  R     MXT2_X4M_A9TL           3    83   144    7125 
  g49439/Y                                   -       A->Y  R     XOR2_X4M_A9TL           3   204   111    7235 
  g49425/Y                                   -       S0->Y F     MXT2_X3M_A9TL           3    87   207    7442 
  g49408/Y                                   -       A->Y  R     XOR2_X4M_A9TL           3   207   113    7555 
  g49390/Y                                   -       S0->Y F     MXT2_X6M_A9TL           3    70   189    7744 
  g49382/Y                                   -       A->Y  R     NAND2_X6M_A9TL          3    78    71    7815 
  g53926/Y                                   -       A->Y  R     DLY2_X0P5M_A9TR         1   318   373    8188 
  g49347/Y                                   -       B->Y  R     XNOR2_X4M_A9TL          2   222   186    8374 
  g49330/Y                                   -       A->Y  R     XOR2_X4M_A9TL           2   187   146    8520 
  g49316/Y                                   -       A->Y  R     XNOR2_X4M_A9TL          2   207   131    8651 
  g49309/Y                                   -       A->Y  R     XNOR2_X4M_A9TL          1   202   137    8788 
  g49306/Y                                   -       A->Y  F     NAND2_X8M_A9TL          3    83    77    8865 
  g53929/Y                                   -       A->Y  F     DLY4_X4M_A9TL           4   138   652    9517 
  g48632_53409/Y                             -       A->Y  R     INV_X3M_A9TL           10   148   132    9650 
  g46826/Y                                   -       B->Y  F     NAND2_X1A_A9TL          1   106   110    9759 
  g44779__6783/Y                             -       A->Y  R     NAND4XXXB_X2M_A9TL      1   141   104    9863 
  smallest_idx_curr_reg[31][signature][27]/D -       -     R     DFFQ_X1M_A9TL           1     -     0    9863 
#--------------------------------------------------------------------------------------------------------------

