============================================================
  Generated by:           Genus(TM) Synthesis Solution 21.15-s080_1
  Generated on:           Aug 11 2024  07:35:58 pm
  Module:                 proj_sorter
  Operating conditions:   ss_typical_max_0p90v_125c 
  Interconnect mode:      global
  Area mode:              physical library
============================================================


Path 1: MET (1655 ps) Setup Check with Pin smallest_idx_curr_reg[31][signature][27]/CK->D
          Group: reg2reg
     Startpoint: (R) smallest_idx_curr_reg[2][signature][30]/CK
          Clock: (R) clk
       Endpoint: (R) smallest_idx_curr_reg[31][signature][27]/D
          Clock: (R) clk

                     Capture       Launch     
        Clock Edge:+   10000            0     
       Src Latency:+       0            0     
       Net Latency:+       0 (I)        0 (I) 
           Arrival:=   10000            0     
                                              
             Setup:-      87                  
       Uncertainty:-      50                  
     Required Time:=    9863                  
      Launch Clock:-       0                  
         Data Path:-    8208                  
             Slack:=    1655                  

#---------------------------------------------------------------------------------------------------------------
#               Timing Point                 Flags    Arc   Edge        Cell         Fanout Trans Delay Arrival 
#                                                                                            (ps)  (ps)   (ps)  
#---------------------------------------------------------------------------------------------------------------
  smallest_idx_curr_reg[2][signature][30]/CK -       -      R     (arrival)            1312     0     0       0 
  smallest_idx_curr_reg[2][signature][30]/QN -       CK->QN F     DFFQN_X1M_A9TL          3   148   288     288 
  g50835/Y                                   -       A->Y   R     INV_X2M_A9TL            2    77    84     372 
  lt_39_68_I3_g1337/Y                        -       A->Y   F     INV_X1M_A9TL            1    50    57     428 
  lt_39_68_I3_g1298/Y                        -       A0->Y  R     OAI22_X1M_A9TL          2   263   176     605 
  lt_39_68_I3_g1291/Y                        -       A->Y   F     INV_X1M_A9TL            1    97   106     711 
  lt_39_68_I3_g1274/Y                        -       C0->Y  F     OA211_X0P7M_A9TL        2   110   180     891 
  lt_39_68_I3_g1265/Y                        -       B0->Y  R     OAI2XB1_X0P5M_A9TL      1   308   171    1062 
  lt_39_68_I3_g1259/Y                        -       A->Y   F     NOR3_X2M_A9TL           2   155   174    1236 
  lt_39_68_I3_g1258/Y                        -       A->Y   R     INV_X1M_A9TL            1   145   135    1371 
  lt_39_68_I3_g1242/Y                        -       A0->Y  R     OA211_X4M_A9TL          3    66   151    1523 
  g53919/Y                                   -       A->Y   R     OR2_X3M_A9TL            2    71   112    1635 
  g49760/Y                                   -       A->Y   F     NAND2_X3B_A9TL          1    84    73    1708 
  g49752/Y                                   -       A->Y   R     XOR2_X4M_A9TL           3   215   113    1821 
  g53914/Y                                   -       A->Y   R     XNOR2_X4M_A9TL          3   183   140    1961 
  g49741/Y                                   -       B->Y   R     XOR2_X3M_A9TL           3   229   180    2141 
  g49735/Y                                   -       A->Y   R     XOR2_X4M_A9TL           3   215   152    2294 
  g49729/Y                                   -       A->Y   R     XOR2_X4M_A9TL           3   209   151    2444 
  g49719/Y                                   -       A->Y   R     XOR2_X4M_A9TL           3   214   146    2590 
  g49710/Y                                   -       A->Y   R     XOR2_X4M_A9TL           3   215   148    2738 
  g49695/Y                                   -       A->Y   R     XOR2_X3M_A9TL           3   244   159    2897 
  g49685/Y                                   -       A->Y   R     XOR2_X4M_A9TL           3   214   156    3054 
  g49672/Y                                   -       A->Y   R     XOR2_X4M_A9TL           3   214   147    3201 
  g49663/Y                                   -       A->Y   R     XOR2_X4M_A9TL           3   220   150    3351 
  g49652/Y                                   -       A->Y   R     XOR2_X4M_A9TL           3   215   150    3501 
  g49636/Y                                   -       A->Y   R     XOR2_X4M_A9TL           3   208   145    3646 
  g53907/Y                                   -       A->Y   R     AND2_X2M_A9TL           3   135   198    3844 
  g49616/Y                                   -       A->Y   F     INV_X3M_A9TL            1    50    53    3898 
  g49607/Y                                   -       B->Y   F     MXT2_X6M_A9TL           3    64   141    4038 
  g49589/Y                                   -       A->Y   R     XOR2_X4M_A9TL           3   207   104    4143 
  g49569/Y                                   -       S0->Y  F     MXT2_X4M_A9TL           3    74   192    4335 
  g49555/Y                                   -       A->Y   R     XOR2_X4M_A9TL           3   211   111    4446 
  g49538/Y                                   -       A->Y   R     XOR2_X4M_A9TL           3   189   142    4588 
  g53887/Y                                   -       A->Y   R     AND2_X3M_A9TL           2    84   154    4742 
  g49509/Y                                   -       B->Y   R     XOR2_X4M_A9TL           3   178   127    4869 
  g53883/Y                                   -       B->Y   R     XNOR2_X2M_A9TL          3   341   231    5100 
  g53879/Y                                   -       B->Y   F     NAND2B_X3M_A9TL         3   133   148    5248 
  g49465/Y                                   -       A->Y   R     INV_X2M_A9TL            1    72    78    5326 
  g49455/Y                                   -       A->Y   R     MXT2_X4M_A9TL           3    83   144    5470 
  g49439/Y                                   -       A->Y   R     XOR2_X4M_A9TL           3   204   111    5580 
  g49425/Y                                   -       S0->Y  F     MXT2_X3M_A9TL           3    87   207    5787 
  g49408/Y                                   -       A->Y   R     XOR2_X4M_A9TL           3   207   113    5900 
  g49390/Y                                   -       S0->Y  F     MXT2_X6M_A9TL           3    70   189    6089 
  g49382/Y                                   -       A->Y   R     NAND2_X6M_A9TL          3    78    71    6160 
  g53926/Y                                   -       A->Y   R     DLY2_X0P5M_A9TR         1   318   373    6533 
  g49347/Y                                   -       B->Y   R     XNOR2_X4M_A9TL          2   222   186    6719 
  g49330/Y                                   -       A->Y   R     XOR2_X4M_A9TL           2   187   146    6865 
  g49316/Y                                   -       A->Y   R     XNOR2_X4M_A9TL          2   207   131    6996 
  g49309/Y                                   -       A->Y   R     XNOR2_X4M_A9TL          1   202   137    7133 
  g49306/Y                                   -       A->Y   F     NAND2_X8M_A9TL          3    83    77    7210 
  g53929/Y                                   -       A->Y   F     DLY4_X4M_A9TL           4   138   652    7862 
  g48632_53409/Y                             -       A->Y   R     INV_X3M_A9TL           10   148   132    7994 
  g46826/Y                                   -       B->Y   F     NAND2_X1A_A9TL          1   106   110    8104 
  g44779__6783/Y                             -       A->Y   R     NAND4XXXB_X2M_A9TL      1   141   104    8208 
  smallest_idx_curr_reg[31][signature][27]/D -       -      R     DFFQ_X1M_A9TL           1     -     0    8208 
#---------------------------------------------------------------------------------------------------------------

