============================================================
  Generated by:           Genus(TM) Synthesis Solution 21.15-s080_1
  Generated on:           Aug 11 2024  05:27:00 pm
  Module:                 proj_fm
  Operating conditions:   ss_typical_max_0p90v_125c 
  Interconnect mode:      global
  Area mode:              physical library
============================================================


Path 1: MET (4750 ps) Late External Delay Assertion at pin out_wait
          Group: in2out
     Startpoint: (R) chg_idx
          Clock: (R) clk
       Endpoint: (F) out_wait
          Clock: (R) clk

                        Capture       Launch     
           Path Delay:+    9000            -     
           Drv Adjust:+       0           30     
          Src Latency:+       0            0     
          Net Latency:+       0 (I)        0 (I) 
        Capture Clock:+       0                  
              Arrival:=    9000           30     
                                                 
         Output Delay:-    2000                  
          Uncertainty:-      50                  
        Required Time:=    6950                  
         Launch Clock:-      30                  
          Input Delay:-    2000                  
            Data Path:-     170                  
                Slack:=    4750                  

Exceptions/Constraints:
  max_delay                9000            proj.sdc_line_18      
  input_delay              2000            proj.sdc_line_15_3_1  
  output_delay             2000            proj.sdc_line_17_76_1 

#-------------------------------------------------------------------------------
# Timing Point   Flags    Arc    Edge     Cell       Fanout Trans Delay Arrival 
#                                                            (ps)  (ps)   (ps)  
#-------------------------------------------------------------------------------
  chg_idx        (u)     -       R     (arrival)          3    73     0    2030 
  g1/z           (u)     in_0->z F     unmapped_not       1     0    36    2066 
  g2/z           (u)     in_1->z F     unmapped_and2     13     0   134    2200 
  out_wait       -       -       F     (port)             -     -     0    2200 
#-------------------------------------------------------------------------------

(u) : Net has unmapped pin(s).

