============================================================
  Generated by:           Genus(TM) Synthesis Solution 21.15-s080_1
  Generated on:           Aug 11 2024  01:28:27 pm
  Module:                 proj_fm
  Operating conditions:   ss_typical_max_0p90v_125c 
  Interconnect mode:      global
  Area mode:              physical library
============================================================


Path 1: MET (8396 ps) Setup Check with Pin FMbuffers_reg[1][127][1]/clk->d
          Group: reg2reg
     Startpoint: (R) waddr_reg[0]/clk
          Clock: (R) clk
       Endpoint: (R) FMbuffers_reg[1][127][1]/d
          Clock: (R) clk

                     Capture       Launch     
        Clock Edge:+   10000            0     
       Src Latency:+       0            0     
       Net Latency:+       0 (I)        0 (I) 
           Arrival:=   10000            0     
                                              
             Setup:-     150                  
       Uncertainty:-      50                  
     Required Time:=    9800                  
      Launch Clock:-       0                  
         Data Path:-    1404                  
             Slack:=    8396                  

#-------------------------------------------------------------------------------------------------------
#           Timing Point             Flags     Arc    Edge       Cell        Fanout Trans Delay Arrival 
#                                                                                    (ps)  (ps)   (ps)  
#-------------------------------------------------------------------------------------------------------
  waddr_reg[0]/clk                   -       -        R     (arrival)           520     0     0       0 
  waddr_reg[0]/q                     (u)     clk->q   R     unmapped_d_flop      18     0   444     444 
  mux_FMbuffers[1][waddr]_44_32/g1/z (u)     sel0->z  R     unmapped_bmux135      1     0   613    1057 
  mux_FMbuffers[wr_idx]_44_32/g1/z   (u)     data1->z R     unmapped_mux4         1     0    85    1142 
  mux_44_20/g1/z                     (u)     data1->z R     unmapped_bmux3      256     0   262    1404 
  FMbuffers_reg[1][127][1]/d         -       -        R     unmapped_d_flop     256     -     0    1404 
#-------------------------------------------------------------------------------------------------------

(u) : Net has unmapped pin(s).

