============================================================
  Generated by:           Genus(TM) Synthesis Solution 21.15-s080_1
  Generated on:           Aug 09 2024  03:37:53 pm
  Module:                 proj_extender
  Operating conditions:   ss_typical_max_0p90v_125c 
  Interconnect mode:      global
  Area mode:              physical library
============================================================


Path 1: MET (483 ps) Late External Delay Assertion at pin out_index[15]
          Group: reg2out
     Startpoint: (R) indices_idx_reg[5]/CK
          Clock: (R) clk
       Endpoint: (R) out_index[15]
          Clock: (R) clk

                     Capture       Launch     
        Clock Edge:+   10000            0     
       Src Latency:+       0            0     
       Net Latency:+       0 (I)        0 (I) 
           Arrival:=   10000            0     
                                              
      Output Delay:-    2000                  
       Uncertainty:-      50                  
     Required Time:=    7950                  
      Launch Clock:-       0                  
         Data Path:-    7467                  
             Slack:=     483                  

Exceptions/Constraints:
  output_delay             2000            proj.sdc_line_17 

#----------------------------------------------------------------------------------------
#     Timing Point      Flags   Arc   Edge       Cell         Fanout Trans Delay Arrival 
#                                                                     (ps)  (ps)   (ps)  
#----------------------------------------------------------------------------------------
  indices_idx_reg[5]/CK -       -     R     (arrival)             15     0     0       0 
  indices_idx_reg[5]/Q  -       CK->Q R     DFFRPQ_X1M_A9TL        5   229   391     391 
  g25389/Y              -       BN->Y R     NAND2XB_X1M_A9TL       3   320   305     696 
  g25087/Y              -       A->Y  F     INV_X1M_A9TL           2   146   159     856 
  g25020/Y              -       A->Y  R     NAND2_X3A_A9TL         6   184   157    1013 
  g24661/Y              -       A->Y  F     NOR2_X4A_A9TL         15   170   155    1168 
  g24355/Y              -       A1->Y R     AOI22_X1M_A9TL         1   170   188    1356 
  g22652__8428/Y        -       B->Y  F     NAND4_X1A_A9TL         1   161   148    1504 
  g22636__5115/Y        -       B0->Y R     AOI21_X1M_A9TL         1   196   172    1676 
  g22577__7098/Y        -       D->Y  R     AND4_X1M_A9TR          1   126   282    1957 
  g22516__1617/Y        -       D->Y  R     AND4_X1M_A9TR          1   126   259    2216 
  g22471__6161/Y        -       D->Y  R     AND4_X1M_A9TR          1   103   244    2461 
  g22414__4733/Y        -       D->Y  R     AND4_X0P5M_A9TL        1   123   202    2663 
  g22368__2398/Y        -       D->Y  R     AND4_X0P5M_A9TL        1   123   207    2870 
  g22313__5107/Y        -       D->Y  R     AND4_X0P5M_A9TL        1   123   207    3077 
  g22267__5122/Y        -       D->Y  R     AND4_X0P5M_A9TL        1   123   207    3284 
  g22213__7098/Y        -       D->Y  R     AND4_X0P5M_A9TL        1   123   207    3491 
  g22168__1666/Y        -       D->Y  R     AND4_X0P5M_A9TL        1   123   207    3698 
  g22114__6417/Y        -       D->Y  R     AND4_X0P5M_A9TL        1   123   207    3904 
  g22064__8428/Y        -       D->Y  R     AND4_X0P5M_A9TL        1   125   208    4113 
  g22035__4319/Y        -       C->Y  R     AND3_X1M_A9TL          1    81   157    4270 
  g21982__6783/Y        -       D->Y  F     NAND4_X1M_A9TL         1   177   136    4407 
  g21953__5526/Y        -       B0->Y R     AOI21_X1M_A9TL         1   162   155    4561 
  g21941__9945/Y        -       D->Y  F     NAND4_X1M_A9TL         1   165   155    4716 
  g21930__1705/Y        -       B0->Y R     AOI21_X1M_A9TL         1   161   151    4867 
  g21913__9945/Y        -       D->Y  F     NAND4_X1M_A9TL         1   165   155    5022 
  g21903__5122/Y        -       B0->Y R     AOI21_X1M_A9TL         1   161   151    5172 
  g21883__6161/Y        -       D->Y  F     NAND4_X1M_A9TL         1   165   155    5327 
  g21877__7098/Y        -       B0->Y R     AOI21_X1M_A9TL         1   161   151    5478 
  g21853__7482/Y        -       D->Y  F     NAND4_X1M_A9TL         1   163   153    5631 
  g21838__6260/Y        -       C0->Y R     AOI211_X1M_A9TL        1   230   191    5822 
  g21823__1881/Y        -       B->Y  F     NAND4_X1M_A9TL         1   163   159    5981 
  g21807__5477/Y        -       C0->Y R     AOI221_X1M_A9TL        1   258   209    6190 
  g21793__7098/Y        -       B->Y  R     AND4_X0P5M_A9TL        1   128   230    6420 
  g21792__8246/Y        -       B->Y  F     NAND2_X1M_A9TL         4   206   163    6583 
  g21771__9945/Y        -       A->Y  R     NAND3XXB_X1M_A9TL      2   204   190    6773 
  g21768__4733/Y        -       B->Y  R     AND2_X1M_A9TL          8   300   293    7066 
  g21760__1705/Y        -       B->Y  F     NAND2_X1M_A9TL         2   150   166    7232 
  g21751__5107/Y        -       C->Y  R     NOR3_X1M_A9TL          1   274   235    7467 
  out_index[15]         <<<     -     R     (port)                 -     -     0    7467 
#----------------------------------------------------------------------------------------

