============================================================
  Generated by:           Genus(TM) Synthesis Solution 21.15-s080_1
  Generated on:           Aug 11 2024  01:34:47 pm
  Module:                 proj_fm
  Operating conditions:   ss_typical_max_0p90v_125c 
  Interconnect mode:      global
  Area mode:              physical library
============================================================


Path 1: MET (4574 ps) Late External Delay Assertion at pin out_wait
          Group: in2out
     Startpoint: (R) chg_idx
          Clock: (R) clk
       Endpoint: (F) out_wait
          Clock: (R) clk

                        Capture       Launch     
           Path Delay:+    9000            -     
           Drv Adjust:+       0           14     
          Src Latency:+       0            0     
          Net Latency:+       0 (I)        0 (I) 
        Capture Clock:+       0                  
              Arrival:=    9000           14     
                                                 
         Output Delay:-    2000                  
          Uncertainty:-      50                  
        Required Time:=    6950                  
         Launch Clock:-      14                  
          Input Delay:-    2000                  
            Data Path:-     363                  
                Slack:=    4574                  

Exceptions/Constraints:
  max_delay                9000            proj.sdc_line_18      
  input_delay              2000            proj.sdc_line_15_3_1  
  output_delay             2000            proj.sdc_line_17_26_1 

#------------------------------------------------------------------------------
# Timing Point   Flags   Arc   Edge      Cell       Fanout Trans Delay Arrival 
#                                                           (ps)  (ps)   (ps)  
#------------------------------------------------------------------------------
  chg_idx        -       -     R     (arrival)           2    50     0    2014 
  g72863/Y       -       A->Y  R     OR2_X1P4M_A9TL     12   298   235    2249 
  g34025/Y       -       A->Y  F     INV_X1M_A9TL        1   116   128    2376 
  out_wait       <<<     -     F     (port)              -     -     0    2376 
#------------------------------------------------------------------------------

