
 	 Check Design Report (c)
	 ------------------- 
No subdesign's name is greater than 1.5k in length.

 Feedthrough Module(s)
 -------------------------
No feed through module in 'proj_sorter'

  Unresolved References & Empty Modules
  ------------------------------------- 
No unresolved references in design 'proj_sorter'

No empty modules in design 'proj_sorter'

 Unloaded Pin(s), Port(s)
 -------------------------
No unloaded sequential element in 'proj_sorter'

No unloaded port in 'proj_sorter'

 Unloaded Combinational Pin(s)
 -------------------------------
design 'proj_sorter' has the following unloaded combinational elements
pin:proj_sorter/sub_54_43/g52/z
Total number of unloaded combinational elements in design 'proj_sorter' : 1

 Assigns
 ------- 
Total number of assign statements in design 'proj_sorter' : 0

 Undriven Port(s)/Pin(s)
 ------------------------
No undriven combinational pin in 'proj_sorter'

No undriven sequential pin in 'proj_sorter'

No undriven hierarchical pin in 'proj_sorter'

No undriven port in 'proj_sorter'

 Multidriven Port(s)/Pin(s)
--------------------------

No multidriven combinational pin in 'proj_sorter'

No multidriven sequential pin in 'proj_sorter'

No multidriven hierarchical pin in 'proj_sorter'

No multidriven ports in 'proj_sorter'

No multidriven unloaded nets in 'proj_sorter'

  Constant Pin(s)
  ----------------
No constant combinational pin(s) in design 'proj_sorter'

No constant sequential pin(s) in design 'proj_sorter'

design 'proj_sorter' has the following constant input hierarchical pin(s)
hpin:proj_sorter/add_40_35_I2/A[5] 	 (fanout : 1)
hpin:proj_sorter/add_40_35_I2/A[4] 	 (fanout : 2)
hpin:proj_sorter/add_40_35_I2/A[3] 	 (fanout : 1)
hpin:proj_sorter/add_40_35_I2/A[2] 	 (fanout : 2)
hpin:proj_sorter/add_40_35_I2/A[1] 	 (fanout : 2)
hpin:proj_sorter/sub_54_43/A[5] 	 (fanout : 2)
hpin:proj_sorter/sub_54_43/A[4] 	 (fanout : 2)
hpin:proj_sorter/sub_54_43/A[3] 	 (fanout : 2)
hpin:proj_sorter/sub_54_43/A[2] 	 (fanout : 2)
hpin:proj_sorter/sub_54_43/A[1] 	 (fanout : 2)
hpin:proj_sorter/sub_54_43/A[0] 	 (fanout : 2)
hpin:proj_sorter/mux_39_68/in_0 	 (fanout : 1)
hpin:proj_sorter/mux_39_68/in_1 	 (fanout : 1)
hpin:proj_sorter/mux_39_107/in_0 	 (fanout : 1)
hpin:proj_sorter/mux_39_107/in_1 	 (fanout : 1)
hpin:proj_sorter/mux_39_111/in_0 	 (fanout : 1)
hpin:proj_sorter/mux_39_111/in_1 	 (fanout : 1)
hpin:proj_sorter/mux_39_115/in_0 	 (fanout : 1)
hpin:proj_sorter/mux_39_115/in_1 	 (fanout : 1)
hpin:proj_sorter/mux_39_119/in_0 	 (fanout : 1)
hpin:proj_sorter/mux_39_119/in_1 	 (fanout : 1)
hpin:proj_sorter/mux_39_123/in_0 	 (fanout : 1)
hpin:proj_sorter/mux_39_123/in_1 	 (fanout : 1)
hpin:proj_sorter/mux_39_127/in_0 	 (fanout : 1)
hpin:proj_sorter/mux_39_127/in_1 	 (fanout : 1)
hpin:proj_sorter/mux_39_131/in_0 	 (fanout : 1)
hpin:proj_sorter/mux_39_131/in_1 	 (fanout : 1)
hpin:proj_sorter/mux_39_135/in_0 	 (fanout : 1)
hpin:proj_sorter/mux_39_135/in_1 	 (fanout : 1)
hpin:proj_sorter/mux_39_139/in_0 	 (fanout : 1)
hpin:proj_sorter/mux_39_139/in_1 	 (fanout : 1)
hpin:proj_sorter/mux_39_143/in_0 	 (fanout : 1)
hpin:proj_sorter/mux_39_143/in_1 	 (fanout : 1)
hpin:proj_sorter/mux_39_147/in_0 	 (fanout : 1)
hpin:proj_sorter/mux_39_147/in_1 	 (fanout : 1)
hpin:proj_sorter/mux_39_151/in_0 	 (fanout : 1)
hpin:proj_sorter/mux_39_151/in_1 	 (fanout : 1)
hpin:proj_sorter/mux_39_155/in_0 	 (fanout : 1)
hpin:proj_sorter/mux_39_155/in_1 	 (fanout : 1)
hpin:proj_sorter/mux_39_159/in_0 	 (fanout : 1)
hpin:proj_sorter/mux_39_159/in_1 	 (fanout : 1)
hpin:proj_sorter/mux_39_163/in_0 	 (fanout : 1)
hpin:proj_sorter/mux_39_163/in_1 	 (fanout : 1)
hpin:proj_sorter/mux_39_167/in_0 	 (fanout : 1)
hpin:proj_sorter/mux_39_167/in_1 	 (fanout : 1)
hpin:proj_sorter/mux_39_171/in_0 	 (fanout : 1)
hpin:proj_sorter/mux_39_171/in_1 	 (fanout : 1)
hpin:proj_sorter/mux_39_175/in_0 	 (fanout : 1)
hpin:proj_sorter/mux_39_175/in_1 	 (fanout : 1)
hpin:proj_sorter/mux_39_179/in_0 	 (fanout : 1)
hpin:proj_sorter/mux_39_179/in_1 	 (fanout : 1)
hpin:proj_sorter/mux_39_183/in_0 	 (fanout : 1)
hpin:proj_sorter/mux_39_183/in_1 	 (fanout : 1)
hpin:proj_sorter/mux_39_187/in_0 	 (fanout : 1)
hpin:proj_sorter/mux_39_187/in_1 	 (fanout : 1)
hpin:proj_sorter/mux_39_191/in_0 	 (fanout : 1)
hpin:proj_sorter/mux_39_191/in_1 	 (fanout : 1)
hpin:proj_sorter/mux_39_195/in_0 	 (fanout : 1)
hpin:proj_sorter/mux_39_195/in_1 	 (fanout : 1)
hpin:proj_sorter/mux_39_199/in_0 	 (fanout : 1)
hpin:proj_sorter/mux_39_199/in_1 	 (fanout : 1)
hpin:proj_sorter/mux_39_203/in_0 	 (fanout : 1)
hpin:proj_sorter/mux_39_203/in_1 	 (fanout : 1)
hpin:proj_sorter/mux_39_207/in_0 	 (fanout : 1)
hpin:proj_sorter/mux_39_207/in_1 	 (fanout : 1)
hpin:proj_sorter/mux_39_211/in_0 	 (fanout : 1)
hpin:proj_sorter/mux_39_211/in_1 	 (fanout : 1)
hpin:proj_sorter/mux_39_215/in_0 	 (fanout : 1)
hpin:proj_sorter/mux_39_215/in_1 	 (fanout : 1)
hpin:proj_sorter/mux_39_219/in_0 	 (fanout : 1)
hpin:proj_sorter/mux_39_219/in_1 	 (fanout : 1)
hpin:proj_sorter/mux_39_223/in_0 	 (fanout : 1)
hpin:proj_sorter/mux_39_223/in_1 	 (fanout : 1)
hpin:proj_sorter/mux_39_225/in_0 	 (fanout : 1)
hpin:proj_sorter/mux_39_225/in_1 	 (fanout : 1)
hpin:proj_sorter/mux_66_25/in_0 	 (fanout : 1)
hpin:proj_sorter/mux_66_25/in_1 	 (fanout : 1)
Total number of constant hierarchical pins in design 'proj_sorter' : 77

No constant connected ports in design 'proj_sorter'

  Preserved instances(s)
  ----------------
No preserved combinational instance(s) in design 'proj_sorter'
No preserved sequential instance(s) in design 'proj_sorter'
No preserved hierarchical instance(s) in design 'proj_sorter'

  Physical only instances(s)
  ----------------
No physical only instance(s) in design 'proj_sorter'

  Logical only instance(s) and linked libcells
    -----------------------------------------
No logical only instance(s) in design 'proj_sorter'

Libcells with no corresponding LEF
----------------------------------
No libcell(s) found.

LEF cells with no corresponding libcell
---------------------------------------
lib_cell:default_emulate_libset_max/physical_cells/ENDCAPTIE2_A9TR
lib_cell:default_emulate_libset_max/physical_cells/FILL128_A9TR
lib_cell:default_emulate_libset_max/physical_cells/FILL16_A9TR
lib_cell:default_emulate_libset_max/physical_cells/FILL1_A9TR
lib_cell:default_emulate_libset_max/physical_cells/FILL2_A9TR
lib_cell:default_emulate_libset_max/physical_cells/FILL32_A9TR
lib_cell:default_emulate_libset_max/physical_cells/FILL4_A9TR
lib_cell:default_emulate_libset_max/physical_cells/FILL64_A9TR
lib_cell:default_emulate_libset_max/physical_cells/FILL8_A9TR
lib_cell:default_emulate_libset_max/physical_cells/FILLTIE128_A9TR
lib_cell:default_emulate_libset_max/physical_cells/FILLTIE16_A9TR
lib_cell:default_emulate_libset_max/physical_cells/FILLTIE2_A9TR
lib_cell:default_emulate_libset_max/physical_cells/FILLTIE32_A9TR
lib_cell:default_emulate_libset_max/physical_cells/FILLTIE4_A9TR
lib_cell:default_emulate_libset_max/physical_cells/FILLTIE64_A9TR
lib_cell:default_emulate_libset_max/physical_cells/FILLTIE8_A9TR
lib_cell:default_emulate_libset_max/physical_cells/WELLANTENNATIEPW2_A9TR
lib_cell:default_emulate_libset_max/physical_cells/ENDCAPTIE2_A9TL
lib_cell:default_emulate_libset_max/physical_cells/FILL128_A9TL
lib_cell:default_emulate_libset_max/physical_cells/FILL16_A9TL
lib_cell:default_emulate_libset_max/physical_cells/FILL1_A9TL
lib_cell:default_emulate_libset_max/physical_cells/FILL2_A9TL
lib_cell:default_emulate_libset_max/physical_cells/FILL32_A9TL
lib_cell:default_emulate_libset_max/physical_cells/FILL4_A9TL
lib_cell:default_emulate_libset_max/physical_cells/FILL64_A9TL
lib_cell:default_emulate_libset_max/physical_cells/FILL8_A9TL
lib_cell:default_emulate_libset_max/physical_cells/FILLTIE128_A9TL
lib_cell:default_emulate_libset_max/physical_cells/FILLTIE16_A9TL
lib_cell:default_emulate_libset_max/physical_cells/FILLTIE2_A9TL
lib_cell:default_emulate_libset_max/physical_cells/FILLTIE32_A9TL
lib_cell:default_emulate_libset_max/physical_cells/FILLTIE4_A9TL
lib_cell:default_emulate_libset_max/physical_cells/FILLTIE64_A9TL
lib_cell:default_emulate_libset_max/physical_cells/FILLTIE8_A9TL
lib_cell:default_emulate_libset_max/physical_cells/WELLANTENNATIEPW2_A9TL
lib_cell:default_emulate_libset_max/physical_cells/ENDCAPTIE2_A9TH
lib_cell:default_emulate_libset_max/physical_cells/FILL128_A9TH
lib_cell:default_emulate_libset_max/physical_cells/FILL16_A9TH
lib_cell:default_emulate_libset_max/physical_cells/FILL1_A9TH
lib_cell:default_emulate_libset_max/physical_cells/FILL2_A9TH
lib_cell:default_emulate_libset_max/physical_cells/FILL32_A9TH
lib_cell:default_emulate_libset_max/physical_cells/FILL4_A9TH
lib_cell:default_emulate_libset_max/physical_cells/FILL64_A9TH
lib_cell:default_emulate_libset_max/physical_cells/FILL8_A9TH
lib_cell:default_emulate_libset_max/physical_cells/FILLTIE128_A9TH
lib_cell:default_emulate_libset_max/physical_cells/FILLTIE16_A9TH
lib_cell:default_emulate_libset_max/physical_cells/FILLTIE2_A9TH
lib_cell:default_emulate_libset_max/physical_cells/FILLTIE32_A9TH
lib_cell:default_emulate_libset_max/physical_cells/FILLTIE4_A9TH
lib_cell:default_emulate_libset_max/physical_cells/FILLTIE64_A9TH
lib_cell:default_emulate_libset_max/physical_cells/FILLTIE8_A9TH
lib_cell:default_emulate_libset_max/physical_cells/WELLANTENNATIEPW2_A9TH
Total number cell(s) with only physical (LEF) Info : 51

 Summary
 ------- 

              Name                       Total
----------------------------------------------
Unresolved References                        0
Empty Modules                                0
Unloaded Port(s)                             0
Unloaded Sequential Pin(s)                   0
Unloaded Combinational Pin(s)                1
Assigns                                      0
Undriven Port(s)                             0
Undriven Leaf Pin(s)                         0
Undriven hierarchical pin(s)                 0
Multidriven Port(s)                          0
Multidriven Leaf Pin(s)                      0
Multidriven hierarchical Pin(s)              0
Multidriven unloaded net(s)                  0
Constant Port(s)                             0
Constant Leaf Pin(s)                         0
Constant hierarchical Pin(s)                77
Preserved leaf instance(s)                   0
Preserved hierarchical instance(s)           0
Feedthrough Modules(s)                       0
Libcells with no LEF cell                    0
Physical (LEF) cells with no libcell        51
Subdesigns with long module name             0
Physical only instance(s)                    0
Logical only instance(s)                     0

  Done Checking the design.
