============================================================
  Generated by:           Genus(TM) Synthesis Solution 21.15-s080_1
  Generated on:           Aug 11 2024  11:17:19 am
  Module:                 proj_sorter
  Operating conditions:   ss_typical_max_0p90v_125c 
  Interconnect mode:      global
  Area mode:              physical library
============================================================


Path 1: MET (4838 ps) Late External Delay Assertion at pin sort_valid
          Group: in2out
     Startpoint: (R) end_sorting
          Clock: (R) clk
       Endpoint: (R) sort_valid
          Clock: (R) clk

                        Capture       Launch     
           Path Delay:+    9000            -     
           Drv Adjust:+       0            8     
          Src Latency:+       0            0     
          Net Latency:+       0 (I)        0 (I) 
        Capture Clock:+       0                  
              Arrival:=    9000            8     
                                                 
         Output Delay:-    2000                  
          Uncertainty:-      50                  
        Required Time:=    6950                  
         Launch Clock:-       8                  
          Input Delay:-    2000                  
            Data Path:-     104                  
                Slack:=    4838                  

Exceptions/Constraints:
  max_delay                9000            proj.sdc_line_18       
  input_delay              2000            proj.sdc_line_15_45_1  
  output_delay             2000            proj.sdc_line_17_140_1 

#--------------------------------------------------------------------------------
# Timing Point   Flags    Arc    Edge      Cell       Fanout Trans Delay Arrival 
#                                                             (ps)  (ps)   (ps)  
#--------------------------------------------------------------------------------
  end_sorting    (u)     -       R     (arrival)           1    42     0    2008 
  mux_66_25/g1/z (u)     sel0->z R     unmapped_bmux3      1     0   104    2112 
  sort_valid     -       -       R     (port)              -     -     0    2112 
#--------------------------------------------------------------------------------

(u) : Net has unmapped pin(s).

