============================================================
  Generated by:           Genus(TM) Synthesis Solution 21.15-s080_1
  Generated on:           Aug 11 2024  07:30:54 pm
  Module:                 proj_sorter
  Operating conditions:   ss_typical_max_0p90v_125c 
  Interconnect mode:      global
  Area mode:              physical library
============================================================


Path 1: MET (295 ps) Setup Check with Pin smallest_idx_curr_reg[31][signature][31]/clk->d
          Group: in2reg
     Startpoint: (R) in_signature[1]
          Clock: (R) clk
       Endpoint: (R) smallest_idx_curr_reg[31][signature][31]/d
          Clock: (R) clk

                     Capture       Launch     
        Clock Edge:+   10000            0     
        Drv Adjust:+       0          123     
       Src Latency:+       0            0     
       Net Latency:+       0 (I)        0 (I) 
           Arrival:=   10000          123     
                                              
             Setup:-     199                  
       Uncertainty:-      50                  
     Required Time:=    9751                  
      Launch Clock:-     123                  
       Input Delay:-    2000                  
         Data Path:-    7334                  
             Slack:=     295                  

Exceptions/Constraints:
  input_delay             2000            proj.sdc_line_15_30_1 

#------------------------------------------------------------------------------------------------------------------
#                  Timing Point                   Flags    Arc    Edge      Cell        Fanout Trans Delay Arrival 
#                                                                                               (ps)  (ps)   (ps)  
#------------------------------------------------------------------------------------------------------------------
  in_signature[1]                                 (u)     -       R     (arrival)           96   138     0    2123 
  lt_39_68_I2/g36/z                               (u)     in_0->z F     unmapped_nor2        1     0    52    2175 
  lt_39_68_I2/g98/z                               (u)     in_0->z R     unmapped_not         1     0    36    2211 
  lt_39_68_I2/g99/z                               (u)     in_1->z F     unmapped_nand2       1     0    52    2263 
  lt_39_68_I2/g100/z                              (u)     in_1->z R     unmapped_nand2       1     0    52    2315 
  lt_39_68_I2/g164/z                              (u)     in_1->z F     unmapped_nand2       1     0    52    2368 
  lt_39_68_I2/g165/z                              (u)     in_1->z R     unmapped_nand2       1     0    52    2420 
  lt_39_68_I2/g245/z                              (u)     in_0->z F     unmapped_nand2       1     0    52    2472 
  lt_39_68_I2/g246/z                              (u)     in_1->z R     unmapped_nand2       1     0    52    2524 
  lt_39_68_I2/g315/z                              (u)     in_1->z F     unmapped_nand2       1     0    52    2577 
  lt_39_68_I2/g316/z                              (u)     in_1->z R     unmapped_nand2       1     0    52    2629 
  lt_39_68_I2/g398/z                              (u)     in_0->z F     unmapped_nand2       1     0    52    2681 
  lt_39_68_I2/g399/z                              (u)     in_1->z R     unmapped_nand2       1     0    52    2734 
  lt_39_68_I2/g34/z                               (u)     in_0->z F     unmapped_not         1     0    36    2770 
  mux_39_107/g1/z                                 (u)     sel0->z F     unmapped_bmux3       2     0   117    2886 
  add_40_35_I2/g2/z                               (u)     in_1->z R     unmapped_nand2       1     0    52    2939 
  add_40_35_I2/g55/z                              (u)     in_0->z F     unmapped_not         2     0    48    2987 
  add_40_35_I2/g38/z                              (u)     in_0->z F     unmapped_xnor2       3     0   127    3114 
  add_40_35_I3/g17/z                              (u)     in_1->z R     unmapped_nand2       1     0    52    3166 
  add_40_35_I3/g57/z                              (u)     in_0->z F     unmapped_not         3     0    58    3225 
  add_40_35_I3/g40/z                              (u)     in_0->z F     unmapped_xnor2       3     0   127    3352 
  add_40_35_I4/g51/z                              (u)     in_0->z R     unmapped_not         2     0    48    3400 
  add_40_35_I4/g40/z                              (u)     in_1->z F     unmapped_xnor2       3     0   127    3528 
  add_40_35_I5/g51/z                              (u)     in_0->z R     unmapped_not         2     0    48    3576 
  add_40_35_I5/g40/z                              (u)     in_1->z F     unmapped_xnor2       3     0   127    3703 
  add_40_35_I6/g51/z                              (u)     in_0->z R     unmapped_not         2     0    48    3751 
  add_40_35_I6/g40/z                              (u)     in_1->z F     unmapped_xnor2       3     0   127    3878 
  add_40_35_I7/g51/z                              (u)     in_0->z R     unmapped_not         2     0    48    3926 
  add_40_35_I7/g40/z                              (u)     in_1->z F     unmapped_xnor2       3     0   127    4054 
  add_40_35_I8/g51/z                              (u)     in_0->z R     unmapped_not         2     0    48    4102 
  add_40_35_I8/g40/z                              (u)     in_1->z F     unmapped_xnor2       3     0   127    4229 
  add_40_35_I9/g51/z                              (u)     in_0->z R     unmapped_not         2     0    48    4277 
  add_40_35_I9/g40/z                              (u)     in_1->z F     unmapped_xnor2       3     0   127    4404 
  add_40_35_I10/g51/z                             (u)     in_0->z R     unmapped_not         2     0    48    4453 
  add_40_35_I10/g40/z                             (u)     in_1->z F     unmapped_xnor2       3     0   127    4580 
  add_40_35_I11/g51/z                             (u)     in_0->z R     unmapped_not         2     0    48    4628 
  add_40_35_I11/g40/z                             (u)     in_1->z F     unmapped_xnor2       3     0   127    4755 
  add_40_35_I12/g51/z                             (u)     in_0->z R     unmapped_not         2     0    48    4804 
  add_40_35_I12/g40/z                             (u)     in_1->z F     unmapped_xnor2       3     0   127    4931 
  add_40_35_I13/g51/z                             (u)     in_0->z R     unmapped_not         2     0    48    4979 
  add_40_35_I13/g40/z                             (u)     in_1->z F     unmapped_xnor2       3     0   127    5106 
  add_40_35_I14/g51/z                             (u)     in_0->z R     unmapped_not         2     0    48    5154 
  add_40_35_I14/g40/z                             (u)     in_1->z F     unmapped_xnor2       3     0   127    5282 
  add_40_35_I15/g51/z                             (u)     in_0->z R     unmapped_not         2     0    48    5330 
  add_40_35_I15/g40/z                             (u)     in_1->z F     unmapped_xnor2       3     0   127    5457 
  add_40_35_I16/g51/z                             (u)     in_0->z R     unmapped_not         2     0    48    5505 
  add_40_35_I16/g40/z                             (u)     in_1->z F     unmapped_xnor2       3     0   127    5632 
  add_40_35_I17/g51/z                             (u)     in_0->z R     unmapped_not         2     0    48    5680 
  add_40_35_I17/g40/z                             (u)     in_1->z F     unmapped_xnor2       3     0   127    5808 
  add_40_35_I18/g51/z                             (u)     in_0->z R     unmapped_not         2     0    48    5856 
  add_40_35_I18/g40/z                             (u)     in_1->z F     unmapped_xnor2       3     0   127    5983 
  add_40_35_I19/g51/z                             (u)     in_0->z R     unmapped_not         2     0    48    6031 
  add_40_35_I19/g40/z                             (u)     in_1->z F     unmapped_xnor2       3     0   127    6158 
  add_40_35_I20/g51/z                             (u)     in_0->z R     unmapped_not         2     0    48    6207 
  add_40_35_I20/g40/z                             (u)     in_1->z F     unmapped_xnor2       3     0   127    6334 
  add_40_35_I21/g51/z                             (u)     in_0->z R     unmapped_not         2     0    48    6382 
  add_40_35_I21/g40/z                             (u)     in_1->z F     unmapped_xnor2       3     0   127    6509 
  add_40_35_I22/g51/z                             (u)     in_0->z R     unmapped_not         2     0    48    6558 
  add_40_35_I22/g40/z                             (u)     in_1->z F     unmapped_xnor2       3     0   127    6685 
  add_40_35_I23/g51/z                             (u)     in_0->z R     unmapped_not         2     0    48    6733 
  add_40_35_I23/g40/z                             (u)     in_1->z F     unmapped_xnor2       3     0   127    6860 
  add_40_35_I24/g51/z                             (u)     in_0->z R     unmapped_not         2     0    48    6908 
  add_40_35_I24/g40/z                             (u)     in_1->z F     unmapped_xnor2       3     0   127    7036 
  add_40_35_I25/g51/z                             (u)     in_0->z R     unmapped_not         2     0    48    7084 
  add_40_35_I25/g40/z                             (u)     in_1->z F     unmapped_xnor2       3     0   127    7211 
  add_40_35_I26/g51/z                             (u)     in_0->z R     unmapped_not         2     0    48    7259 
  add_40_35_I26/g40/z                             (u)     in_1->z F     unmapped_xnor2       3     0   127    7386 
  add_40_35_I27/g51/z                             (u)     in_0->z R     unmapped_not         2     0    48    7434 
  add_40_35_I27/g40/z                             (u)     in_1->z F     unmapped_xnor2       3     0   127    7562 
  add_40_35_I28/g51/z                             (u)     in_0->z R     unmapped_not         2     0    48    7610 
  add_40_35_I28/g40/z                             (u)     in_1->z F     unmapped_xnor2       3     0   127    7737 
  add_40_35_I29/g51/z                             (u)     in_0->z R     unmapped_not         2     0    48    7785 
  add_40_35_I29/g40/z                             (u)     in_1->z F     unmapped_xnor2       3     0   127    7912 
  add_40_35_I30/g51/z                             (u)     in_0->z R     unmapped_not         2     0    48    7961 
  add_40_35_I30/g40/z                             (u)     in_1->z R     unmapped_xnor2       3     0   127    8088 
  add_40_35_I31/g28/z                             (u)     in_1->z F     unmapped_nand2       1     0    52    8140 
  add_40_35_I31/g58/z                             (u)     in_0->z R     unmapped_not         1     0    36    8176 
  add_40_35_I31/g43/z                             (u)     in_0->z R     unmapped_xnor2       2     0   117    8293 
  add_40_35_I32/g52/z                             (u)     in_0->z F     unmapped_not         2     0    48    8341 
  add_40_35_I32/g22/z                             (u)     in_1->z R     unmapped_nor2        1     0    52    8393 
  add_40_35_I32/g30/z                             (u)     in_0->z F     unmapped_nand2       1     0    52    8446 
  add_40_35_I32/g59/z                             (u)     in_0->z R     unmapped_not         2     0    48    8494 
  add_40_35_I32/g45/z                             (u)     in_0->z R     unmapped_xnor2       2     0   117    8611 
  sub_54_43/g3/z                                  (u)     in_0->z F     unmapped_not         2     0    48    8659 
  sub_54_43/g16/z                                 (u)     in_1->z R     unmapped_nor2        1     0    52    8711 
  sub_54_43/g36/z                                 (u)     in_0->z F     unmapped_not         2     0    48    8760 
  sub_54_43/g48/z                                 (u)     in_0->z R     unmapped_nand2       1     0    52    8812 
  sub_54_43/g49/z                                 (u)     in_1->z R     unmapped_xnor2       4     0   136    8948 
  g437/z                                          (u)     in_0->z F     unmapped_not        24     0   114    9062 
  g662/z                                          (u)     in_0->z R     unmapped_not         1     0    36    9098 
  g661/z                                          (u)     in_0->z R     unmapped_and2        1     0    52    9150 
  g664/z                                          (u)     in_2->z R     unmapped_and4       41     0   201    9352 
  mux_smallest_idx_curr[31][signature]_77_41/g1/z (u)     sel0->z R     unmapped_bmux3       1     0   104    9456 
  smallest_idx_curr_reg[31][signature][31]/d      -       -       R     unmapped_d_flop      1     -     0    9456 
#------------------------------------------------------------------------------------------------------------------

(u) : Net has unmapped pin(s).

