============================================================
  Generated by:           Genus(TM) Synthesis Solution 21.15-s080_1
  Generated on:           Aug 11 2024  07:30:54 pm
  Module:                 proj_sorter
  Operating conditions:   ss_typical_max_0p90v_125c 
  Interconnect mode:      global
  Area mode:              physical library
============================================================


Path 1: MET (2003 ps) Setup Check with Pin smallest_idx_curr_reg[31][signature][31]/clk->d
          Group: reg2reg
     Startpoint: (R) smallest_idx_curr_reg[1][signature][1]/clk
          Clock: (R) clk
       Endpoint: (R) smallest_idx_curr_reg[31][signature][31]/d
          Clock: (R) clk

                     Capture       Launch     
        Clock Edge:+   10000            0     
       Src Latency:+       0            0     
       Net Latency:+       0 (I)        0 (I) 
           Arrival:=   10000            0     
                                              
             Setup:-     199                  
       Uncertainty:-      50                  
     Required Time:=    9751                  
      Launch Clock:-       0                  
         Data Path:-    7748                  
             Slack:=    2003                  

#------------------------------------------------------------------------------------------------------------------
#                  Timing Point                   Flags    Arc    Edge      Cell        Fanout Trans Delay Arrival 
#                                                                                               (ps)  (ps)   (ps)  
#------------------------------------------------------------------------------------------------------------------
  smallest_idx_curr_reg[1][signature][1]/clk      -       -       R     (arrival)         1312     0     0       0 
  smallest_idx_curr_reg[1][signature][1]/q        (u)     clk->q  R     unmapped_d_flop      3     0   366     366 
  lt_39_68_I2/g32/z                               (u)     in_0->z F     unmapped_not         2     0    48     415 
  lt_39_68_I2/g36/z                               (u)     in_1->z R     unmapped_nor2        1     0    52     467 
  lt_39_68_I2/g98/z                               (u)     in_0->z F     unmapped_not         1     0    36     503 
  lt_39_68_I2/g99/z                               (u)     in_1->z R     unmapped_nand2       1     0    52     555 
  lt_39_68_I2/g100/z                              (u)     in_1->z F     unmapped_nand2       1     0    52     607 
  lt_39_68_I2/g164/z                              (u)     in_1->z R     unmapped_nand2       1     0    52     660 
  lt_39_68_I2/g165/z                              (u)     in_1->z F     unmapped_nand2       1     0    52     712 
  lt_39_68_I2/g245/z                              (u)     in_0->z R     unmapped_nand2       1     0    52     764 
  lt_39_68_I2/g246/z                              (u)     in_1->z F     unmapped_nand2       1     0    52     817 
  lt_39_68_I2/g315/z                              (u)     in_1->z R     unmapped_nand2       1     0    52     869 
  lt_39_68_I2/g316/z                              (u)     in_1->z F     unmapped_nand2       1     0    52     921 
  lt_39_68_I2/g398/z                              (u)     in_0->z R     unmapped_nand2       1     0    52     974 
  lt_39_68_I2/g399/z                              (u)     in_1->z F     unmapped_nand2       1     0    52    1026 
  lt_39_68_I2/g34/z                               (u)     in_0->z R     unmapped_not         1     0    36    1062 
  mux_39_107/g1/z                                 (u)     sel0->z F     unmapped_bmux3       2     0   117    1178 
  add_40_35_I2/g2/z                               (u)     in_1->z R     unmapped_nand2       1     0    52    1231 
  add_40_35_I2/g55/z                              (u)     in_0->z F     unmapped_not         2     0    48    1279 
  add_40_35_I2/g38/z                              (u)     in_0->z F     unmapped_xnor2       3     0   127    1406 
  add_40_35_I3/g17/z                              (u)     in_1->z R     unmapped_nand2       1     0    52    1458 
  add_40_35_I3/g57/z                              (u)     in_0->z F     unmapped_not         3     0    58    1517 
  add_40_35_I3/g40/z                              (u)     in_0->z F     unmapped_xnor2       3     0   127    1644 
  add_40_35_I4/g51/z                              (u)     in_0->z R     unmapped_not         2     0    48    1692 
  add_40_35_I4/g40/z                              (u)     in_1->z F     unmapped_xnor2       3     0   127    1820 
  add_40_35_I5/g51/z                              (u)     in_0->z R     unmapped_not         2     0    48    1868 
  add_40_35_I5/g40/z                              (u)     in_1->z F     unmapped_xnor2       3     0   127    1995 
  add_40_35_I6/g51/z                              (u)     in_0->z R     unmapped_not         2     0    48    2043 
  add_40_35_I6/g40/z                              (u)     in_1->z F     unmapped_xnor2       3     0   127    2170 
  add_40_35_I7/g51/z                              (u)     in_0->z R     unmapped_not         2     0    48    2219 
  add_40_35_I7/g40/z                              (u)     in_1->z F     unmapped_xnor2       3     0   127    2346 
  add_40_35_I8/g51/z                              (u)     in_0->z R     unmapped_not         2     0    48    2394 
  add_40_35_I8/g40/z                              (u)     in_1->z F     unmapped_xnor2       3     0   127    2521 
  add_40_35_I9/g51/z                              (u)     in_0->z R     unmapped_not         2     0    48    2569 
  add_40_35_I9/g40/z                              (u)     in_1->z F     unmapped_xnor2       3     0   127    2697 
  add_40_35_I10/g51/z                             (u)     in_0->z R     unmapped_not         2     0    48    2745 
  add_40_35_I10/g40/z                             (u)     in_1->z F     unmapped_xnor2       3     0   127    2872 
  add_40_35_I11/g51/z                             (u)     in_0->z R     unmapped_not         2     0    48    2920 
  add_40_35_I11/g40/z                             (u)     in_1->z F     unmapped_xnor2       3     0   127    3047 
  add_40_35_I12/g51/z                             (u)     in_0->z R     unmapped_not         2     0    48    3096 
  add_40_35_I12/g40/z                             (u)     in_1->z F     unmapped_xnor2       3     0   127    3223 
  add_40_35_I13/g51/z                             (u)     in_0->z R     unmapped_not         2     0    48    3271 
  add_40_35_I13/g40/z                             (u)     in_1->z F     unmapped_xnor2       3     0   127    3398 
  add_40_35_I14/g51/z                             (u)     in_0->z R     unmapped_not         2     0    48    3446 
  add_40_35_I14/g40/z                             (u)     in_1->z F     unmapped_xnor2       3     0   127    3574 
  add_40_35_I15/g51/z                             (u)     in_0->z R     unmapped_not         2     0    48    3622 
  add_40_35_I15/g40/z                             (u)     in_1->z F     unmapped_xnor2       3     0   127    3749 
  add_40_35_I16/g51/z                             (u)     in_0->z R     unmapped_not         2     0    48    3797 
  add_40_35_I16/g40/z                             (u)     in_1->z F     unmapped_xnor2       3     0   127    3924 
  add_40_35_I17/g51/z                             (u)     in_0->z R     unmapped_not         2     0    48    3973 
  add_40_35_I17/g40/z                             (u)     in_1->z F     unmapped_xnor2       3     0   127    4100 
  add_40_35_I18/g51/z                             (u)     in_0->z R     unmapped_not         2     0    48    4148 
  add_40_35_I18/g40/z                             (u)     in_1->z F     unmapped_xnor2       3     0   127    4275 
  add_40_35_I19/g51/z                             (u)     in_0->z R     unmapped_not         2     0    48    4323 
  add_40_35_I19/g40/z                             (u)     in_1->z F     unmapped_xnor2       3     0   127    4451 
  add_40_35_I20/g51/z                             (u)     in_0->z R     unmapped_not         2     0    48    4499 
  add_40_35_I20/g40/z                             (u)     in_1->z F     unmapped_xnor2       3     0   127    4626 
  add_40_35_I21/g51/z                             (u)     in_0->z R     unmapped_not         2     0    48    4674 
  add_40_35_I21/g40/z                             (u)     in_1->z F     unmapped_xnor2       3     0   127    4801 
  add_40_35_I22/g51/z                             (u)     in_0->z R     unmapped_not         2     0    48    4850 
  add_40_35_I22/g40/z                             (u)     in_1->z F     unmapped_xnor2       3     0   127    4977 
  add_40_35_I23/g51/z                             (u)     in_0->z R     unmapped_not         2     0    48    5025 
  add_40_35_I23/g40/z                             (u)     in_1->z F     unmapped_xnor2       3     0   127    5152 
  add_40_35_I24/g51/z                             (u)     in_0->z R     unmapped_not         2     0    48    5200 
  add_40_35_I24/g40/z                             (u)     in_1->z F     unmapped_xnor2       3     0   127    5328 
  add_40_35_I25/g51/z                             (u)     in_0->z R     unmapped_not         2     0    48    5376 
  add_40_35_I25/g40/z                             (u)     in_1->z F     unmapped_xnor2       3     0   127    5503 
  add_40_35_I26/g51/z                             (u)     in_0->z R     unmapped_not         2     0    48    5551 
  add_40_35_I26/g40/z                             (u)     in_1->z F     unmapped_xnor2       3     0   127    5678 
  add_40_35_I27/g51/z                             (u)     in_0->z R     unmapped_not         2     0    48    5727 
  add_40_35_I27/g40/z                             (u)     in_1->z F     unmapped_xnor2       3     0   127    5854 
  add_40_35_I28/g51/z                             (u)     in_0->z R     unmapped_not         2     0    48    5902 
  add_40_35_I28/g40/z                             (u)     in_1->z F     unmapped_xnor2       3     0   127    6029 
  add_40_35_I29/g51/z                             (u)     in_0->z R     unmapped_not         2     0    48    6077 
  add_40_35_I29/g40/z                             (u)     in_1->z F     unmapped_xnor2       3     0   127    6205 
  add_40_35_I30/g51/z                             (u)     in_0->z R     unmapped_not         2     0    48    6253 
  add_40_35_I30/g40/z                             (u)     in_1->z R     unmapped_xnor2       3     0   127    6380 
  add_40_35_I31/g28/z                             (u)     in_1->z F     unmapped_nand2       1     0    52    6432 
  add_40_35_I31/g58/z                             (u)     in_0->z R     unmapped_not         1     0    36    6468 
  add_40_35_I31/g43/z                             (u)     in_0->z R     unmapped_xnor2       2     0   117    6585 
  add_40_35_I32/g52/z                             (u)     in_0->z F     unmapped_not         2     0    48    6633 
  add_40_35_I32/g22/z                             (u)     in_1->z R     unmapped_nor2        1     0    52    6686 
  add_40_35_I32/g30/z                             (u)     in_0->z F     unmapped_nand2       1     0    52    6738 
  add_40_35_I32/g59/z                             (u)     in_0->z R     unmapped_not         2     0    48    6786 
  add_40_35_I32/g45/z                             (u)     in_0->z R     unmapped_xnor2       2     0   117    6903 
  sub_54_43/g3/z                                  (u)     in_0->z F     unmapped_not         2     0    48    6951 
  sub_54_43/g16/z                                 (u)     in_1->z R     unmapped_nor2        1     0    52    7003 
  sub_54_43/g36/z                                 (u)     in_0->z F     unmapped_not         2     0    48    7052 
  sub_54_43/g48/z                                 (u)     in_0->z R     unmapped_nand2       1     0    52    7104 
  sub_54_43/g49/z                                 (u)     in_1->z R     unmapped_xnor2       4     0   136    7240 
  g437/z                                          (u)     in_0->z F     unmapped_not        24     0   114    7354 
  g662/z                                          (u)     in_0->z R     unmapped_not         1     0    36    7390 
  g661/z                                          (u)     in_0->z R     unmapped_and2        1     0    52    7442 
  g664/z                                          (u)     in_2->z R     unmapped_and4       41     0   201    7644 
  mux_smallest_idx_curr[31][signature]_77_41/g1/z (u)     sel0->z R     unmapped_bmux3       1     0   104    7748 
  smallest_idx_curr_reg[31][signature][31]/d      -       -       R     unmapped_d_flop      1     -     0    7748 
#------------------------------------------------------------------------------------------------------------------

(u) : Net has unmapped pin(s).

