============================================================
  Generated by:           Genus(TM) Synthesis Solution 21.15-s080_1
  Generated on:           Aug 13 2024  11:16:18 am
  Module:                 proj_top
  Operating conditions:   ss_typical_max_0p90v_125c 
  Interconnect mode:      global
  Area mode:              physical library
============================================================


Path 1: MET (424 ps) Setup Check with Pin u_sorter_new_pack_r_reg[signature][31]/CK->B
          Group: reg2reg
     Startpoint: (R) u_kmer_buffer/kmer_buffer_reg[14]/CK
          Clock: (R) clk
       Endpoint: (F) u_sorter_new_pack_r_reg[signature][31]/B
          Clock: (R) clk

                     Capture       Launch     
        Clock Edge:+   10000            0     
       Src Latency:+       0            0     
       Net Latency:+       0 (I)        0 (I) 
           Arrival:=   10000            0     
                                              
             Setup:-     146                  
       Uncertainty:-      50                  
     Required Time:=    9804                  
      Launch Clock:-       0                  
         Data Path:-    8780                  
             Slack:=    1024                  

#------------------------------------------------------------------------------------------------------------------------
#                    Timing Point                     Flags    Arc   Edge        Cell         Fanout Trans Delay Arrival 
#                                                                                                     (ps)  (ps)   (ps)  
#------------------------------------------------------------------------------------------------------------------------
  u_kmer_buffer/kmer_buffer_reg[14]/CK                -       -      R     (arrival)            3434     0     0       0 
  u_kmer_buffer/kmer_buffer_reg[14]/Q                 -       CK->Q  R     DFFRPQ_X2M_A9TL         8   208   373     373 
  u_hasher/const_mul_27_13_g7523/Y                    -       A->Y   F     INV_X4M_A9TL            5    84    90     463 
  u_hasher/const_mul_27_13_g7499__7482/Y              -       A->Y   R     NOR2_X2A_A9TL           2   145   115     578 
  u_hasher/const_mul_27_13_g7566__4733/Y              -       B0->Y  R     AO21_X1M_A9TL           2   137   180     758 
  u_hasher/const_mul_27_13_g7361__7482/Y              -       A->Y   R     XOR2_X1M_A9TL           1   242   144     902 
  u_hasher/const_mul_27_13_g7261__5122/S              -       CI->S  F     ADDF_X1P4M_A9TL         2   132   368    1270 
  u_hasher/const_mul_27_13_g7258/Y                    -       A->Y   R     INV_X3M_A9TL            1    68    74    1344 
  u_hasher/const_mul_27_13_g7222__8428/Y              -       A->Y   R     XOR2_X3M_A9TL           3   201    96    1440 
  u_hasher/const_mul_27_13_g7183__1666/Y              -       AN->Y  R     NOR2B_X4M_A9TL          2    93   165    1604 
  u_hasher/const_mul_27_13_g7167__8246/Y              -       A->Y   F     NOR2_X3M_A9TL           2    73    74    1679 
  u_hasher/const_mul_27_13_g7133__6131/Y              -       B->Y   R     NAND2_X3M_A9TL          2    94    88    1767 
  u_hasher/const_mul_27_13_g7099__6161/Y              -       B->Y   F     NOR2_X3B_A9TL           1    89    92    1859 
  u_hasher/const_mul_27_13_g7080__8428/Y              -       A->Y   F     OR4_X6M_A9TL            4    71   136    1995 
  u_hasher/const_mul_27_13_g2__2802/Y                 -       A1->Y  F     AO21_X2M_A9TL           2    72   169    2164 
  u_hasher/const_mul_27_13_g7053__3680/Y              -       B1->Y  F     AO1B2_X2M_A9TL          1    93   100    2304 
  u_hasher/const_mul_27_13_g7044__6417/Y              -       S0->Y  R     MXT2_X3M_A9TL          11   216   244    2547 
  u_hasher/const_mul_29_12_g9423/Y                    -       A->Y   F     INV_X2M_A9TL            9   151   153    2700 
  u_hasher/const_mul_29_12_g9263/Y                    -       A1->Y  R     OAI211_X1M_A9TL         1   287   243    2943 
  u_hasher/const_mul_29_12_g9185__5526/S              -       A->S   F     ADDF_X1M_A9TL           1   108   368    3311 
  u_hasher/const_mul_29_12_g9134__7098/S              -       CI->S  R     ADDF_X1P4M_A9TR         2   129   249    3761 
  u_hasher/const_mul_29_12_g9125__8428/Y              -       B->Y   R     OR2_X0P5M_A9TL          3   240   233    3994 
  u_hasher/const_mul_29_12_g9106__1881/Y              -       B->Y   F     NAND2_X1A_A9TL          2   145   154    4148 
  u_hasher/const_mul_29_12_g9082__9315/Y              -       A1->Y  F     OA211_X0P7M_A9TL        3   146   271    4418 
  u_hasher/const_mul_29_12_g9019__6161/Y              -       A0->Y  F     OA211_X0P7M_A9TL        1    85   226    4644 
  u_hasher/const_mul_29_12_g9010__1705/Y              -       B0->Y  F     OA21_X1M_A9TL           5   152   195    4840 
  u_hasher/const_mul_29_12_g8976__3680/Y              -       B->Y   R     NOR2_X1P4A_A9TL         2   166   152    4991 
  u_hasher/const_mul_29_12_g8971/Y                    -       A->Y   F     INV_X1M_A9TL            1    73    81    5072 
  u_hasher/const_mul_29_12_g8968__2398/Y              -       A->Y   R     NAND2_X1B_A9TL          3   171   113    5185 
  u_hasher/const_mul_29_12_g8957__7482/Y              -       A1N->Y R     OAI2XB1_X0P5M_A9TL      1   265   167    5452 
  u_hasher/const_mul_29_12_g8944__5526/Y              -       B->Y   R     XOR2_X0P7M_A9TL         1   249   216    5669 
  u_hasher/g83/Y                                      -       A->Y   F     INV_X1M_A9TL            3   135   146    5815 
  u_hasher/WALLACE_CSA_DUMMY_OP_groupi_g1309__2802/Y  -       B->Y   R     NOR2_X1B_A9TL           3   274   214    6029 
  u_hasher/WALLACE_CSA_DUMMY_OP_groupi_g1287__1881/Y  -       B0->Y  R     AO21_X1M_A9TL           2   109   207    6236 
  u_hasher/WALLACE_CSA_DUMMY_OP_groupi_g1251__2802/Y  -       B->Y   R     OR2_X0P5M_A9TL          3   221   216    6452 
  u_hasher/WALLACE_CSA_DUMMY_OP_groupi_g1189__6783/Y  -       A1N->Y R     OAI2XB1_X1M_A9TL        2   233   190    6722 
  u_hasher/WALLACE_CSA_DUMMY_OP_groupi_g1172__4733/Y  -       A1->Y  F     AOI22_X1M_A9TL          1   148   150    6872 
  u_hasher/WALLACE_CSA_DUMMY_OP_groupi_g1148__2346/Y  -       B0->Y  F     OA211_X0P7M_A9TL        4   182   254    7126 
  u_hasher/WALLACE_CSA_DUMMY_OP_groupi_g1144__6161/Y  -       A->Y   R     NOR3_X1M_A9TL           2   313   246    7372 
  u_hasher/WALLACE_CSA_DUMMY_OP_groupi_g1138__7098/Y  -       A1->Y  R     AO21B_X1M_A9TL          5   228   215    7667 
  u_hasher/WALLACE_CSA_DUMMY_OP_groupi_g1129__8428/Y  -       A1->Y  R     AO21_X1M_A9TL           4   184   148    7915 
  u_hasher/WALLACE_CSA_DUMMY_OP_groupi_g1122__7410/Y  -       B->Y   F     NAND2_X1M_A9TL          1   109   105    8020 
  u_hasher/WALLACE_CSA_DUMMY_OP_groupi_g1104__3680/Y  -       A1->Y  F     OA211_X0P7M_A9TL        2   127   246    8166 
  u_hasher/WALLACE_CSA_DUMMY_OP_groupi_g1313__8246/Y  -       A1->Y  R     OAI21_X1M_A9TL          2   248   206    8304 
  u_hasher/WALLACE_CSA_DUMMY_OP_groupi_g1097__6260/Y  -       A1N->Y R     OAI2XB1_X1M_A9TL        1   256   294    8598 
  g191607/Y                                           -       B->Y   F     OR2_X0P5M_A9TL          1    90   182    8780 
  u_sorter_new_pack_r_reg[signature][31]/B            -       -      F     A2DFFQ_X3M_A9TL         1     -     0    8780 
#------------------------------------------------------------------------------------------------------------------------

