============================================================
  Generated by:           Genus(TM) Synthesis Solution 21.15-s080_1
  Generated on:           Aug 11 2024  07:29:11 pm
  Module:                 proj_counter
  Operating conditions:   ss_typical_max_0p90v_125c 
  Interconnect mode:      global
  Area mode:              physical library
============================================================


Path 1: MET (7280 ps) Setup Check with Pin out_index_reg[8]/clk->sena
          Group: in2reg
     Startpoint: (R) start
          Clock: (R) clk
       Endpoint: (F) out_index_reg[8]/sena
          Clock: (R) clk

                     Capture       Launch     
        Clock Edge:+   10000            0     
        Drv Adjust:+       0           15     
       Src Latency:+       0            0     
       Net Latency:+       0 (I)        0 (I) 
           Arrival:=   10000           15     
                                              
             Setup:-     284                  
       Uncertainty:-      50                  
     Required Time:=    9666                  
      Launch Clock:-      15                  
       Input Delay:-    2000                  
         Data Path:-     371                  
             Slack:=    7280                  

Exceptions/Constraints:
  input_delay             2000            proj.sdc_line_15_1_1 

#----------------------------------------------------------------------------------------
#     Timing Point      Flags    Arc    Edge      Cell        Fanout Trans Delay Arrival 
#                                                                     (ps)  (ps)   (ps)  
#----------------------------------------------------------------------------------------
  start                 (u)     -       R     (arrival)            2    52     0    2015 
  g6/z                  (u)     in_0->z R     unmapped_and2       12     0   130    2146 
  g11/z                 (u)     in_0->z F     unmapped_not         1     0    36    2181 
  g16/z                 (u)     in_1->z F     unmapped_and2        1     0    52    2234 
  g17/z                 (u)     in_0->z F     unmapped_or2         9     0   152    2386 
  out_index_reg[8]/sena -       -       F     unmapped_d_flop      9     -     0    2386 
#----------------------------------------------------------------------------------------

(u) : Net has unmapped pin(s).

