============================================================
  Generated by:           Genus(TM) Synthesis Solution 21.15-s080_1
  Generated on:           Aug 11 2024  07:29:11 pm
  Module:                 proj_counter
  Operating conditions:   ss_typical_max_0p90v_125c 
  Interconnect mode:      global
  Area mode:              physical library
============================================================


Path 1: MET (7262 ps) Late External Delay Assertion at pin finished_count
          Group: reg2out
     Startpoint: (R) out_index_reg[6]/clk
          Clock: (R) clk
       Endpoint: (R) finished_count
          Clock: (R) clk

                     Capture       Launch     
        Clock Edge:+   10000            0     
       Src Latency:+       0            0     
       Net Latency:+       0 (I)        0 (I) 
           Arrival:=   10000            0     
                                              
      Output Delay:-    2000                  
       Uncertainty:-      50                  
     Required Time:=    7950                  
      Launch Clock:-       0                  
         Data Path:-     688                  
             Slack:=    7262                  

Exceptions/Constraints:
  output_delay             2000            proj.sdc_line_17_9_1 

#---------------------------------------------------------------------------------------
#    Timing Point      Flags    Arc    Edge      Cell        Fanout Trans Delay Arrival 
#                                                                    (ps)  (ps)   (ps)  
#---------------------------------------------------------------------------------------
  out_index_reg[6]/clk -       -       R     (arrival)           11     0     0       0 
  out_index_reg[6]/q   (u)     clk->q  R     unmapped_d_flop      5     0   384     384 
  g48/z                (u)     in_2->z F     unmapped_nand4       1     0    99     483 
  g50/z                (u)     in_2->z R     unmapped_nor3        1     0    78     560 
  mux_23_38/g1/z       (u)     sel0->z R     unmapped_bmux3       3     0   127     688 
  finished_count       -       -       R     (port)               -     -     0     688 
#---------------------------------------------------------------------------------------

(u) : Net has unmapped pin(s).

