============================================================
  Generated by:           Genus(TM) Synthesis Solution 21.15-s080_1
  Generated on:           Aug 11 2024  11:18:51 am
  Module:                 proj_sorter
  Operating conditions:   ss_typical_max_0p90v_125c 
  Interconnect mode:      global
  Area mode:              physical library
============================================================


Summary
-------
-----------------------------------------------------------------------------
             Category              Number     %    Average Toggle Saving %   
-----------------------------------------------------------------------------
 Total Clock Gating Instances           0  100.00                         -  
-----------------------------------------------------------------------------
 RC Clock Gating Instances              0    0.00                      0.00  
 Non-RC Clock Gating Instances          0    0.00                      0.00  
-----------------------------------------------------------------------------
 RC Gated Flip-flops                    0    0.00                      0.00  
 Non-RC Gated Flip-flops                0    0.00                      0.00  
-----------------------------------------------------------------------------
 Total Gated Flip-flops                 0    0.00                         -  
 Total Ungated Flip-flops             352  100.00                         -  
 Timing exception in enable logic     308   87.50                         -  
 Enable signal is constant             44   12.50                         -  
-----------------------------------------------------------------------------
 Total Flip-flops                     352  100.00                         -  
-----------------------------------------------------------------------------
Multibit Flip-flop Summary
--------------------------
-------------------------------------------------------
Width     Number     Bits     RC Gated     Ungated     
-------------------------------------------------------
1-bit     352        352      0 (0.00%)    352 (100.00%) 
---------------------------------------------------------


