============================================================
  Generated by:           Genus(TM) Synthesis Solution 21.15-s080_1
  Generated on:           Aug 11 2024  07:36:18 pm
  Module:                 proj_sorter
  Operating conditions:   ss_typical_max_0p90v_125c 
  Interconnect mode:      global
  Area mode:              physical library
============================================================

Max_transition design rule (violation total = 3412)
Pin                               Slew           Max     Violation
--------------------------------------------------------------------
lt_39_68_I32_g546/A                436           350            86
  --> Other violations on net              1470
lt_39_68_I29_g546/A                436           350            86
  --> Other violations on net              1470
lt_39_68_I31_g546/A                436           350            86
  --> Other violations on net              1470
lt_39_68_I28_g546/A                436           350            86
  --> Other violations on net              1470
lt_39_68_I27_g546/A                436           350            86
  --> Other violations on net              1470
lt_39_68_I30_g546/CI               436           350            86
  --> Other violations on net              1470
lt_39_68_I26_g1280/A               436           350            86
  --> Other violations on net              1470
lt_39_68_I26_g1291/A0              436           350            86
  --> Other violations on net              1470
lt_39_68_I25_g1280/A               436           350            86
  --> Other violations on net              1470
lt_39_68_I25_g1291/A0              436           350            86
  --> Other violations on net              1470
lt_39_68_I24_g1280/A               436           350            86
  --> Other violations on net              1470
lt_39_68_I24_g1291/A0              436           350            86
  --> Other violations on net              1470
lt_39_68_I23_g1280/A               436           350            86
  --> Other violations on net              1470
lt_39_68_I23_g1291/A0              436           350            86
  --> Other violations on net              1470
lt_39_68_I22_g1280/A               436           350            86
  --> Other violations on net              1470
lt_39_68_I22_g1291/A0              436           350            86
  --> Other violations on net              1470
g51322/A                           436           350            86
  --> Other violations on net              1470
g19098/Y                           436           350            86
  --> Other violations on net              1470
lt_39_68_I29_g548/A                410           350            60
  --> Other violations on net              1012
lt_39_68_I32_g548/A                410           350            60
  --> Other violations on net              1012
lt_39_68_I31_g548/CI               410           350            60
  --> Other violations on net              1012
lt_39_68_I28_g548/A                410           350            60
  --> Other violations on net              1012
lt_39_68_I27_g548/A                410           350            60
  --> Other violations on net              1012
lt_39_68_I30_g548/CI               410           350            60
  --> Other violations on net              1012
lt_39_68_I26_g1264/A1              410           350            60
  --> Other violations on net              1012
lt_39_68_I26_g1270/A1              410           350            60
  --> Other violations on net              1012
lt_39_68_I25_g1264/A1              410           350            60
  --> Other violations on net              1012
lt_39_68_I25_g1270/A1              410           350            60
  --> Other violations on net              1012
lt_39_68_I24_g1264/A1              410           350            60
  --> Other violations on net              1012
lt_39_68_I24_g1270/A1              410           350            60
  --> Other violations on net              1012
lt_39_68_I23_g1264/A1              410           350            60
  --> Other violations on net              1012
lt_39_68_I23_g1270/A1              410           350            60
  --> Other violations on net              1012
lt_39_68_I22_g1264/A1              410           350            60
  --> Other violations on net              1012
lt_39_68_I22_g1270/A1              410           350            60
  --> Other violations on net              1012
g50547/A                           410           350            60
  --> Other violations on net              1012
g19115/Y                           410           350            60
  --> Other violations on net              1012
lt_39_68_I32_g550/A                383           350            33
  --> Other violations on net              563
lt_39_68_I31_g550/CI               383           350            33
  --> Other violations on net              563
lt_39_68_I28_g550/A                383           350            33
  --> Other violations on net              563
lt_39_68_I27_g550/A                383           350            33
  --> Other violations on net              563
lt_39_68_I30_g550/CI               383           350            33
  --> Other violations on net              563
lt_39_68_I29_g550/CI               383           350            33
  --> Other violations on net              563
lt_39_68_I26_g1276/A               383           350            33
  --> Other violations on net              563
lt_39_68_I26_g1293/A0              383           350            33
  --> Other violations on net              563
lt_39_68_I25_g1276/A               383           350            33
  --> Other violations on net              563
lt_39_68_I25_g1293/A0              383           350            33
  --> Other violations on net              563
lt_39_68_I24_g1276/A               383           350            33
  --> Other violations on net              563
lt_39_68_I24_g1293/A0              383           350            33
  --> Other violations on net              563
lt_39_68_I23_g1276/A               383           350            33
  --> Other violations on net              563
lt_39_68_I23_g1293/A0              383           350            33
  --> Other violations on net              563
lt_39_68_I22_g1276/A               383           350            33
  --> Other violations on net              563
lt_39_68_I22_g1293/A0              383           350            33
  --> Other violations on net              563
g50544/A                           383           350            33
  --> Other violations on net              563
g19131/Y                           383           350            33
  --> Other violations on net              563
lt_39_68_I4_g1246/A1               402           350            52
  --> Other violations on net              52
lt_39_68_I4_g1293/Y                402           350            52
  --> Other violations on net              52
lt_39_68_I30_g560/A                356           350             6
  --> Other violations on net              53
lt_39_68_I29_g560/A                356           350             6
  --> Other violations on net              53
lt_39_68_I28_g560/A                356           350             6
  --> Other violations on net              53
lt_39_68_I27_g612/A                356           350             6
  --> Other violations on net              53
lt_39_68_I17_g1305/A               356           350             6
  --> Other violations on net              53
lt_39_68_I17_g1275/A               356           350             6
  --> Other violations on net              53
lt_39_68_I16_g1305/A               356           350             6
  --> Other violations on net              53
lt_39_68_I16_g1275/A               356           350             6
  --> Other violations on net              53
g19412/A                           356           350             6
  --> Other violations on net              53
g19413/Y                           356           350             6
  --> Other violations on net              53
lt_39_68_I28_g554/A                351           350             1
  --> Other violations on net              24
lt_39_68_I31_g554/CI               351           350             1
  --> Other violations on net              24
lt_39_68_I27_g554/CI               351           350             1
  --> Other violations on net              24
lt_39_68_I32_g554/CI               351           350             1
  --> Other violations on net              24
lt_39_68_I30_g554/CI               351           350             1
  --> Other violations on net              24
lt_39_68_I29_g554/CI               351           350             1
  --> Other violations on net              24
lt_39_68_I26_g1281/A               351           350             1
  --> Other violations on net              24
lt_39_68_I26_g1289/A0              351           350             1
  --> Other violations on net              24
lt_39_68_I25_g1281/A               351           350             1
  --> Other violations on net              24
lt_39_68_I25_g1289/A0              351           350             1
  --> Other violations on net              24
lt_39_68_I24_g1281/A               351           350             1
  --> Other violations on net              24
lt_39_68_I24_g1289/A0              351           350             1
  --> Other violations on net              24
lt_39_68_I23_g1281/A               351           350             1
  --> Other violations on net              24
lt_39_68_I23_g1289/A0              351           350             1
  --> Other violations on net              24
lt_39_68_I22_g1281/A               351           350             1
  --> Other violations on net              24
lt_39_68_I22_g1289/A0              351           350             1
  --> Other violations on net              24
g51326/A                           351           350             1
  --> Other violations on net              24
g19155/Y                           351           350             1
  --> Other violations on net              24


Max_capacitance design rule: no violations.


Max_fanout design rule (violation total = 88.000)
Pin                              Fanout           Max     Violation
---------------------------------------------------------------------
g19172/Y                         25.000        16.000         9.000
g19172/Y                         25.000        16.000         9.000
g19172/Y                         25.000        16.000         9.000
g19172/Y                         25.000        16.000         9.000
g19172/Y                         25.000        16.000         9.000
g19172/Y                         25.000        16.000         9.000
g19172/Y                         25.000        16.000         9.000
g19172/Y                         25.000        16.000         9.000
g19172/Y                         25.000        16.000         9.000
g19172/Y                         25.000        16.000         9.000
g19172/Y                         25.000        16.000         9.000
g19172/Y                         25.000        16.000         9.000
g19172/Y                         25.000        16.000         9.000
g19172/Y                         25.000        16.000         9.000
g19172/Y                         25.000        16.000         9.000
g19172/Y                         25.000        16.000         9.000
g19172/Y                         25.000        16.000         9.000
g19172/Y                         25.000        16.000         9.000
g19172/Y                         25.000        16.000         9.000
g19172/Y                         25.000        16.000         9.000
g19172/Y                         25.000        16.000         9.000
g19172/Y                         25.000        16.000         9.000
g19172/Y                         25.000        16.000         9.000
g19172/Y                         25.000        16.000         9.000
g19172/Y                         25.000        16.000         9.000
g19172/Y                         25.000        16.000         9.000
g19242/Y                         21.000        16.000         5.000
g19242/Y                         21.000        16.000         5.000
g19242/Y                         21.000        16.000         5.000
g19242/Y                         21.000        16.000         5.000
g19242/Y                         21.000        16.000         5.000
g19242/Y                         21.000        16.000         5.000
g19242/Y                         21.000        16.000         5.000
g19242/Y                         21.000        16.000         5.000
g19242/Y                         21.000        16.000         5.000
g19242/Y                         21.000        16.000         5.000
g19242/Y                         21.000        16.000         5.000
g19242/Y                         21.000        16.000         5.000
g19242/Y                         21.000        16.000         5.000
g19242/Y                         21.000        16.000         5.000
g19242/Y                         21.000        16.000         5.000
g19242/Y                         21.000        16.000         5.000
g19242/Y                         21.000        16.000         5.000
g19242/Y                         21.000        16.000         5.000
g19242/Y                         21.000        16.000         5.000
g19242/Y                         21.000        16.000         5.000
g19242/Y                         21.000        16.000         5.000
g19242/Y                         21.000        16.000         5.000
g52378/Y                         21.000        16.000         5.000
g52378/Y                         21.000        16.000         5.000
g52378/Y                         21.000        16.000         5.000
g52378/Y                         21.000        16.000         5.000
g52378/Y                         21.000        16.000         5.000
g52378/Y                         21.000        16.000         5.000
g52378/Y                         21.000        16.000         5.000
g52378/Y                         21.000        16.000         5.000
g52378/Y                         21.000        16.000         5.000
g52378/Y                         21.000        16.000         5.000
g52378/Y                         21.000        16.000         5.000
g52378/Y                         21.000        16.000         5.000
g52378/Y                         21.000        16.000         5.000
g52378/Y                         21.000        16.000         5.000
g52378/Y                         21.000        16.000         5.000
g52378/Y                         21.000        16.000         5.000
g52378/Y                         21.000        16.000         5.000
g52378/Y                         21.000        16.000         5.000
g52378/Y                         21.000        16.000         5.000
g52378/Y                         21.000        16.000         5.000
g52378/Y                         21.000        16.000         5.000
g52378/Y                         21.000        16.000         5.000
g52336/Y                         21.000        16.000         5.000
g52336/Y                         21.000        16.000         5.000
g52336/Y                         21.000        16.000         5.000
g52336/Y                         21.000        16.000         5.000
g52336/Y                         21.000        16.000         5.000
g52336/Y                         21.000        16.000         5.000
g52336/Y                         21.000        16.000         5.000
g52336/Y                         21.000        16.000         5.000
g52336/Y                         21.000        16.000         5.000
g52336/Y                         21.000        16.000         5.000
g52336/Y                         21.000        16.000         5.000
g52336/Y                         21.000        16.000         5.000
g52336/Y                         21.000        16.000         5.000
g52336/Y                         21.000        16.000         5.000
g52336/Y                         21.000        16.000         5.000
g52336/Y                         21.000        16.000         5.000
g52336/Y                         21.000        16.000         5.000
g52336/Y                         21.000        16.000         5.000
g52336/Y                         21.000        16.000         5.000
g52336/Y                         21.000        16.000         5.000
g52336/Y                         21.000        16.000         5.000
g52336/Y                         21.000        16.000         5.000
g52202/Y                         21.000        16.000         5.000
g52202/Y                         21.000        16.000         5.000
g52202/Y                         21.000        16.000         5.000
g52202/Y                         21.000        16.000         5.000
g52202/Y                         21.000        16.000         5.000
g52202/Y                         21.000        16.000         5.000
g52202/Y                         21.000        16.000         5.000
g52202/Y                         21.000        16.000         5.000
g52202/Y                         21.000        16.000         5.000
g52202/Y                         21.000        16.000         5.000
g52202/Y                         21.000        16.000         5.000
g52202/Y                         21.000        16.000         5.000
g52202/Y                         21.000        16.000         5.000
g52202/Y                         21.000        16.000         5.000
g52202/Y                         21.000        16.000         5.000
g52202/Y                         21.000        16.000         5.000
g52202/Y                         21.000        16.000         5.000
g52202/Y                         21.000        16.000         5.000
g52202/Y                         21.000        16.000         5.000
g52202/Y                         21.000        16.000         5.000
g52202/Y                         21.000        16.000         5.000
g52202/Y                         21.000        16.000         5.000
g51387/Y                         21.000        16.000         5.000
g51387/Y                         21.000        16.000         5.000
g51387/Y                         21.000        16.000         5.000
g51387/Y                         21.000        16.000         5.000
g51387/Y                         21.000        16.000         5.000
g51387/Y                         21.000        16.000         5.000
g51387/Y                         21.000        16.000         5.000
g51387/Y                         21.000        16.000         5.000
g51387/Y                         21.000        16.000         5.000
g51387/Y                         21.000        16.000         5.000
g51387/Y                         21.000        16.000         5.000
g51387/Y                         21.000        16.000         5.000
g51387/Y                         21.000        16.000         5.000
g51387/Y                         21.000        16.000         5.000
g51387/Y                         21.000        16.000         5.000
g51387/Y                         21.000        16.000         5.000
g51387/Y                         21.000        16.000         5.000
g51387/Y                         21.000        16.000         5.000
g51387/Y                         21.000        16.000         5.000
g51387/Y                         21.000        16.000         5.000
g51387/Y                         21.000        16.000         5.000
g51387/Y                         21.000        16.000         5.000
g51373/Y                         21.000        16.000         5.000
g51373/Y                         21.000        16.000         5.000
g51373/Y                         21.000        16.000         5.000
g51373/Y                         21.000        16.000         5.000
g51373/Y                         21.000        16.000         5.000
g51373/Y                         21.000        16.000         5.000
g51373/Y                         21.000        16.000         5.000
g51373/Y                         21.000        16.000         5.000
g51373/Y                         21.000        16.000         5.000
g51373/Y                         21.000        16.000         5.000
g51373/Y                         21.000        16.000         5.000
g51373/Y                         21.000        16.000         5.000
g51373/Y                         21.000        16.000         5.000
g51373/Y                         21.000        16.000         5.000
g51373/Y                         21.000        16.000         5.000
g51373/Y                         21.000        16.000         5.000
g51373/Y                         21.000        16.000         5.000
g51373/Y                         21.000        16.000         5.000
g51373/Y                         21.000        16.000         5.000
g51373/Y                         21.000        16.000         5.000
g51373/Y                         21.000        16.000         5.000
g51373/Y                         21.000        16.000         5.000
g19190/Y                         21.000        16.000         5.000
g19190/Y                         21.000        16.000         5.000
g19190/Y                         21.000        16.000         5.000
g19190/Y                         21.000        16.000         5.000
g19190/Y                         21.000        16.000         5.000
g19190/Y                         21.000        16.000         5.000
g19190/Y                         21.000        16.000         5.000
g19190/Y                         21.000        16.000         5.000
g19190/Y                         21.000        16.000         5.000
g19190/Y                         21.000        16.000         5.000
g19190/Y                         21.000        16.000         5.000
g19190/Y                         21.000        16.000         5.000
g19190/Y                         21.000        16.000         5.000
g19190/Y                         21.000        16.000         5.000
g19190/Y                         21.000        16.000         5.000
g19190/Y                         21.000        16.000         5.000
g19190/Y                         21.000        16.000         5.000
g19190/Y                         21.000        16.000         5.000
g19190/Y                         21.000        16.000         5.000
g19190/Y                         21.000        16.000         5.000
g19190/Y                         21.000        16.000         5.000
g19190/Y                         21.000        16.000         5.000
g19412/Y                         21.000        16.000         5.000
g19412/Y                         21.000        16.000         5.000
g19412/Y                         21.000        16.000         5.000
g19412/Y                         21.000        16.000         5.000
g19412/Y                         21.000        16.000         5.000
g19412/Y                         21.000        16.000         5.000
g19412/Y                         21.000        16.000         5.000
g19412/Y                         21.000        16.000         5.000
g19412/Y                         21.000        16.000         5.000
g19412/Y                         21.000        16.000         5.000
g19412/Y                         21.000        16.000         5.000
g19412/Y                         21.000        16.000         5.000
g19412/Y                         21.000        16.000         5.000
g19412/Y                         21.000        16.000         5.000
g19412/Y                         21.000        16.000         5.000
g19412/Y                         21.000        16.000         5.000
g19412/Y                         21.000        16.000         5.000
g19412/Y                         21.000        16.000         5.000
g19412/Y                         21.000        16.000         5.000
g19412/Y                         21.000        16.000         5.000
g19412/Y                         21.000        16.000         5.000
g19412/Y                         21.000        16.000         5.000
g52608/Y                         20.000        16.000         4.000
g52608/Y                         20.000        16.000         4.000
g52608/Y                         20.000        16.000         4.000
g52608/Y                         20.000        16.000         4.000
g52608/Y                         20.000        16.000         4.000
g52608/Y                         20.000        16.000         4.000
g52608/Y                         20.000        16.000         4.000
g52608/Y                         20.000        16.000         4.000
g52608/Y                         20.000        16.000         4.000
g52608/Y                         20.000        16.000         4.000
g52608/Y                         20.000        16.000         4.000
g52608/Y                         20.000        16.000         4.000
g52608/Y                         20.000        16.000         4.000
g52608/Y                         20.000        16.000         4.000
g52608/Y                         20.000        16.000         4.000
g52608/Y                         20.000        16.000         4.000
g52608/Y                         20.000        16.000         4.000
g52608/Y                         20.000        16.000         4.000
g52608/Y                         20.000        16.000         4.000
g52608/Y                         20.000        16.000         4.000
g52608/Y                         20.000        16.000         4.000
g47997_0/Y                       19.000        16.000         3.000
g47997_0/Y                       19.000        16.000         3.000
g47997_0/Y                       19.000        16.000         3.000
g47997_0/Y                       19.000        16.000         3.000
g47997_0/Y                       19.000        16.000         3.000
g47997_0/Y                       19.000        16.000         3.000
g47997_0/Y                       19.000        16.000         3.000
g47997_0/Y                       19.000        16.000         3.000
g47997_0/Y                       19.000        16.000         3.000
g47997_0/Y                       19.000        16.000         3.000
g47997_0/Y                       19.000        16.000         3.000
g47997_0/Y                       19.000        16.000         3.000
g47997_0/Y                       19.000        16.000         3.000
g47997_0/Y                       19.000        16.000         3.000
g47997_0/Y                       19.000        16.000         3.000
g47997_0/Y                       19.000        16.000         3.000
g47997_0/Y                       19.000        16.000         3.000
g47997_0/Y                       19.000        16.000         3.000
g47997_0/Y                       19.000        16.000         3.000
g47997_0/Y                       19.000        16.000         3.000
g19317/Y                         19.000        16.000         3.000
g19317/Y                         19.000        16.000         3.000
g19317/Y                         19.000        16.000         3.000
g19317/Y                         19.000        16.000         3.000
g19317/Y                         19.000        16.000         3.000
g19317/Y                         19.000        16.000         3.000
g19317/Y                         19.000        16.000         3.000
g19317/Y                         19.000        16.000         3.000
g19317/Y                         19.000        16.000         3.000
g19317/Y                         19.000        16.000         3.000
g19317/Y                         19.000        16.000         3.000
g19317/Y                         19.000        16.000         3.000
g19317/Y                         19.000        16.000         3.000
g19317/Y                         19.000        16.000         3.000
g19317/Y                         19.000        16.000         3.000
g19317/Y                         19.000        16.000         3.000
g19317/Y                         19.000        16.000         3.000
g19317/Y                         19.000        16.000         3.000
g19317/Y                         19.000        16.000         3.000
g19317/Y                         19.000        16.000         3.000
g19086/Y                         19.000        16.000         3.000
g19086/Y                         19.000        16.000         3.000
g19086/Y                         19.000        16.000         3.000
g19086/Y                         19.000        16.000         3.000
g19086/Y                         19.000        16.000         3.000
g19086/Y                         19.000        16.000         3.000
g19086/Y                         19.000        16.000         3.000
g19086/Y                         19.000        16.000         3.000
g19086/Y                         19.000        16.000         3.000
g19086/Y                         19.000        16.000         3.000
g19086/Y                         19.000        16.000         3.000
g19086/Y                         19.000        16.000         3.000
g19086/Y                         19.000        16.000         3.000
g19086/Y                         19.000        16.000         3.000
g19086/Y                         19.000        16.000         3.000
g19086/Y                         19.000        16.000         3.000
g19086/Y                         19.000        16.000         3.000
g19086/Y                         19.000        16.000         3.000
g19086/Y                         19.000        16.000         3.000
g19086/Y                         19.000        16.000         3.000
g19266/Y                         19.000        16.000         3.000
g19266/Y                         19.000        16.000         3.000
g19266/Y                         19.000        16.000         3.000
g19266/Y                         19.000        16.000         3.000
g19266/Y                         19.000        16.000         3.000
g19266/Y                         19.000        16.000         3.000
g19266/Y                         19.000        16.000         3.000
g19266/Y                         19.000        16.000         3.000
g19266/Y                         19.000        16.000         3.000
g19266/Y                         19.000        16.000         3.000
g19266/Y                         19.000        16.000         3.000
g19266/Y                         19.000        16.000         3.000
g19266/Y                         19.000        16.000         3.000
g19266/Y                         19.000        16.000         3.000
g19266/Y                         19.000        16.000         3.000
g19266/Y                         19.000        16.000         3.000
g19266/Y                         19.000        16.000         3.000
g19266/Y                         19.000        16.000         3.000
g19266/Y                         19.000        16.000         3.000
g19266/Y                         19.000        16.000         3.000
g19287/Y                         19.000        16.000         3.000
g19287/Y                         19.000        16.000         3.000
g19287/Y                         19.000        16.000         3.000
g19287/Y                         19.000        16.000         3.000
g19287/Y                         19.000        16.000         3.000
g19287/Y                         19.000        16.000         3.000
g19287/Y                         19.000        16.000         3.000
g19287/Y                         19.000        16.000         3.000
g19287/Y                         19.000        16.000         3.000
g19287/Y                         19.000        16.000         3.000
g19287/Y                         19.000        16.000         3.000
g19287/Y                         19.000        16.000         3.000
g19287/Y                         19.000        16.000         3.000
g19287/Y                         19.000        16.000         3.000
g19287/Y                         19.000        16.000         3.000
g19287/Y                         19.000        16.000         3.000
g19287/Y                         19.000        16.000         3.000
g19287/Y                         19.000        16.000         3.000
g19287/Y                         19.000        16.000         3.000
g19287/Y                         19.000        16.000         3.000
g19346/Y                         19.000        16.000         3.000
g19346/Y                         19.000        16.000         3.000
g19346/Y                         19.000        16.000         3.000
g19346/Y                         19.000        16.000         3.000
g19346/Y                         19.000        16.000         3.000
g19346/Y                         19.000        16.000         3.000
g19346/Y                         19.000        16.000         3.000
g19346/Y                         19.000        16.000         3.000
g19346/Y                         19.000        16.000         3.000
g19346/Y                         19.000        16.000         3.000
g19346/Y                         19.000        16.000         3.000
g19346/Y                         19.000        16.000         3.000
g19346/Y                         19.000        16.000         3.000
g19346/Y                         19.000        16.000         3.000
g19346/Y                         19.000        16.000         3.000
g19346/Y                         19.000        16.000         3.000
g19346/Y                         19.000        16.000         3.000
g19346/Y                         19.000        16.000         3.000
g19346/Y                         19.000        16.000         3.000
g19346/Y                         19.000        16.000         3.000
g52640/Y                         19.000        16.000         3.000
g52640/Y                         19.000        16.000         3.000
g52640/Y                         19.000        16.000         3.000
g52640/Y                         19.000        16.000         3.000
g52640/Y                         19.000        16.000         3.000
g52640/Y                         19.000        16.000         3.000
g52640/Y                         19.000        16.000         3.000
g52640/Y                         19.000        16.000         3.000
g52640/Y                         19.000        16.000         3.000
g52640/Y                         19.000        16.000         3.000
g52640/Y                         19.000        16.000         3.000
g52640/Y                         19.000        16.000         3.000
g52640/Y                         19.000        16.000         3.000
g52640/Y                         19.000        16.000         3.000
g52640/Y                         19.000        16.000         3.000
g52640/Y                         19.000        16.000         3.000
g52640/Y                         19.000        16.000         3.000
g52640/Y                         19.000        16.000         3.000
g52640/Y                         19.000        16.000         3.000
g52640/Y                         19.000        16.000         3.000
g52672/Y                         18.000        16.000         2.000
g52672/Y                         18.000        16.000         2.000
g52672/Y                         18.000        16.000         2.000
g52672/Y                         18.000        16.000         2.000
g52672/Y                         18.000        16.000         2.000
g52672/Y                         18.000        16.000         2.000
g52672/Y                         18.000        16.000         2.000
g52672/Y                         18.000        16.000         2.000
g52672/Y                         18.000        16.000         2.000
g52672/Y                         18.000        16.000         2.000
g52672/Y                         18.000        16.000         2.000
g52672/Y                         18.000        16.000         2.000
g52672/Y                         18.000        16.000         2.000
g52672/Y                         18.000        16.000         2.000
g52672/Y                         18.000        16.000         2.000
g52672/Y                         18.000        16.000         2.000
g52672/Y                         18.000        16.000         2.000
g52672/Y                         18.000        16.000         2.000
g52672/Y                         18.000        16.000         2.000
g52648/Y                         18.000        16.000         2.000
g52648/Y                         18.000        16.000         2.000
g52648/Y                         18.000        16.000         2.000
g52648/Y                         18.000        16.000         2.000
g52648/Y                         18.000        16.000         2.000
g52648/Y                         18.000        16.000         2.000
g52648/Y                         18.000        16.000         2.000
g52648/Y                         18.000        16.000         2.000
g52648/Y                         18.000        16.000         2.000
g52648/Y                         18.000        16.000         2.000
g52648/Y                         18.000        16.000         2.000
g52648/Y                         18.000        16.000         2.000
g52648/Y                         18.000        16.000         2.000
g52648/Y                         18.000        16.000         2.000
g52648/Y                         18.000        16.000         2.000
g52648/Y                         18.000        16.000         2.000
g52648/Y                         18.000        16.000         2.000
g52648/Y                         18.000        16.000         2.000
g52648/Y                         18.000        16.000         2.000
g52664/Y                         18.000        16.000         2.000
g52664/Y                         18.000        16.000         2.000
g52664/Y                         18.000        16.000         2.000
g52664/Y                         18.000        16.000         2.000
g52664/Y                         18.000        16.000         2.000
g52664/Y                         18.000        16.000         2.000
g52664/Y                         18.000        16.000         2.000
g52664/Y                         18.000        16.000         2.000
g52664/Y                         18.000        16.000         2.000
g52664/Y                         18.000        16.000         2.000
g52664/Y                         18.000        16.000         2.000
g52664/Y                         18.000        16.000         2.000
g52664/Y                         18.000        16.000         2.000
g52664/Y                         18.000        16.000         2.000
g52664/Y                         18.000        16.000         2.000
g52664/Y                         18.000        16.000         2.000
g52664/Y                         18.000        16.000         2.000
g52664/Y                         18.000        16.000         2.000
g52664/Y                         18.000        16.000         2.000
g19142/Y                         17.000        16.000         1.000
g19142/Y                         17.000        16.000         1.000
g19142/Y                         17.000        16.000         1.000
g19142/Y                         17.000        16.000         1.000
g19142/Y                         17.000        16.000         1.000
g19142/Y                         17.000        16.000         1.000
g19142/Y                         17.000        16.000         1.000
g19142/Y                         17.000        16.000         1.000
g19142/Y                         17.000        16.000         1.000
g19142/Y                         17.000        16.000         1.000
g19142/Y                         17.000        16.000         1.000
g19142/Y                         17.000        16.000         1.000
g19142/Y                         17.000        16.000         1.000
g19142/Y                         17.000        16.000         1.000
g19142/Y                         17.000        16.000         1.000
g19142/Y                         17.000        16.000         1.000
g19142/Y                         17.000        16.000         1.000
g19142/Y                         17.000        16.000         1.000
g19109/Y                         17.000        16.000         1.000
g19109/Y                         17.000        16.000         1.000
g19109/Y                         17.000        16.000         1.000
g19109/Y                         17.000        16.000         1.000
g19109/Y                         17.000        16.000         1.000
g19109/Y                         17.000        16.000         1.000
g19109/Y                         17.000        16.000         1.000
g19109/Y                         17.000        16.000         1.000
g19109/Y                         17.000        16.000         1.000
g19109/Y                         17.000        16.000         1.000
g19109/Y                         17.000        16.000         1.000
g19109/Y                         17.000        16.000         1.000
g19109/Y                         17.000        16.000         1.000
g19109/Y                         17.000        16.000         1.000
g19109/Y                         17.000        16.000         1.000
g19109/Y                         17.000        16.000         1.000
g19109/Y                         17.000        16.000         1.000
g19109/Y                         17.000        16.000         1.000
g19115/Y                         17.000        16.000         1.000
g19115/Y                         17.000        16.000         1.000
g19115/Y                         17.000        16.000         1.000
g19115/Y                         17.000        16.000         1.000
g19115/Y                         17.000        16.000         1.000
g19115/Y                         17.000        16.000         1.000
g19115/Y                         17.000        16.000         1.000
g19115/Y                         17.000        16.000         1.000
g19115/Y                         17.000        16.000         1.000
g19115/Y                         17.000        16.000         1.000
g19115/Y                         17.000        16.000         1.000
g19115/Y                         17.000        16.000         1.000
g19115/Y                         17.000        16.000         1.000
g19115/Y                         17.000        16.000         1.000
g19115/Y                         17.000        16.000         1.000
g19115/Y                         17.000        16.000         1.000
g19115/Y                         17.000        16.000         1.000
g19115/Y                         17.000        16.000         1.000
g19131/Y                         17.000        16.000         1.000
g19131/Y                         17.000        16.000         1.000
g19131/Y                         17.000        16.000         1.000
g19131/Y                         17.000        16.000         1.000
g19131/Y                         17.000        16.000         1.000
g19131/Y                         17.000        16.000         1.000
g19131/Y                         17.000        16.000         1.000
g19131/Y                         17.000        16.000         1.000
g19131/Y                         17.000        16.000         1.000
g19131/Y                         17.000        16.000         1.000
g19131/Y                         17.000        16.000         1.000
g19131/Y                         17.000        16.000         1.000
g19131/Y                         17.000        16.000         1.000
g19131/Y                         17.000        16.000         1.000
g19131/Y                         17.000        16.000         1.000
g19131/Y                         17.000        16.000         1.000
g19131/Y                         17.000        16.000         1.000
g19131/Y                         17.000        16.000         1.000
g19098/Y                         17.000        16.000         1.000
g19098/Y                         17.000        16.000         1.000
g19098/Y                         17.000        16.000         1.000
g19098/Y                         17.000        16.000         1.000
g19098/Y                         17.000        16.000         1.000
g19098/Y                         17.000        16.000         1.000
g19098/Y                         17.000        16.000         1.000
g19098/Y                         17.000        16.000         1.000
g19098/Y                         17.000        16.000         1.000
g19098/Y                         17.000        16.000         1.000
g19098/Y                         17.000        16.000         1.000
g19098/Y                         17.000        16.000         1.000
g19098/Y                         17.000        16.000         1.000
g19098/Y                         17.000        16.000         1.000
g19098/Y                         17.000        16.000         1.000
g19098/Y                         17.000        16.000         1.000
g19098/Y                         17.000        16.000         1.000
g19098/Y                         17.000        16.000         1.000
g19400/Y                         17.000        16.000         1.000
g19400/Y                         17.000        16.000         1.000
g19400/Y                         17.000        16.000         1.000
g19400/Y                         17.000        16.000         1.000
g19400/Y                         17.000        16.000         1.000
g19400/Y                         17.000        16.000         1.000
g19400/Y                         17.000        16.000         1.000
g19400/Y                         17.000        16.000         1.000
g19400/Y                         17.000        16.000         1.000
g19400/Y                         17.000        16.000         1.000
g19400/Y                         17.000        16.000         1.000
g19400/Y                         17.000        16.000         1.000
g19400/Y                         17.000        16.000         1.000
g19400/Y                         17.000        16.000         1.000
g19400/Y                         17.000        16.000         1.000
g19400/Y                         17.000        16.000         1.000
g19400/Y                         17.000        16.000         1.000
g19400/Y                         17.000        16.000         1.000
g19155/Y                         17.000        16.000         1.000
g19155/Y                         17.000        16.000         1.000
g19155/Y                         17.000        16.000         1.000
g19155/Y                         17.000        16.000         1.000
g19155/Y                         17.000        16.000         1.000
g19155/Y                         17.000        16.000         1.000
g19155/Y                         17.000        16.000         1.000
g19155/Y                         17.000        16.000         1.000
g19155/Y                         17.000        16.000         1.000
g19155/Y                         17.000        16.000         1.000
g19155/Y                         17.000        16.000         1.000
g19155/Y                         17.000        16.000         1.000
g19155/Y                         17.000        16.000         1.000
g19155/Y                         17.000        16.000         1.000
g19155/Y                         17.000        16.000         1.000
g19155/Y                         17.000        16.000         1.000
g19155/Y                         17.000        16.000         1.000
g19155/Y                         17.000        16.000         1.000
g19166/Y                         17.000        16.000         1.000
g19166/Y                         17.000        16.000         1.000
g19166/Y                         17.000        16.000         1.000
g19166/Y                         17.000        16.000         1.000
g19166/Y                         17.000        16.000         1.000
g19166/Y                         17.000        16.000         1.000
g19166/Y                         17.000        16.000         1.000
g19166/Y                         17.000        16.000         1.000
g19166/Y                         17.000        16.000         1.000
g19166/Y                         17.000        16.000         1.000
g19166/Y                         17.000        16.000         1.000
g19166/Y                         17.000        16.000         1.000
g19166/Y                         17.000        16.000         1.000
g19166/Y                         17.000        16.000         1.000
g19166/Y                         17.000        16.000         1.000
g19166/Y                         17.000        16.000         1.000
g19166/Y                         17.000        16.000         1.000
g19166/Y                         17.000        16.000         1.000



