============================================================
  Generated by:           Genus(TM) Synthesis Solution 21.15-s080_1
  Generated on:           Aug 11 2024  07:36:19 pm
  Module:                 proj_sorter
  Operating conditions:   ss_typical_max_0p90v_125c 
  Interconnect mode:      global
  Area mode:              physical library
============================================================

Timing
--------

Clock  Period 
--------------
clk   10000.0 


  Cost    Critical         Violating 
 Group   Path Slack  TNS     Paths   
-------------------------------------
clk        No paths   0.0            
default    No paths   0.0            
in2out       4940.2   0.0          0 
in2reg          5.5   0.0          0 
reg2out      7463.6   0.0          0 
reg2reg      1659.4   0.0          0 
-------------------------------------
Total                 0.0          0 

Instance Count
--------------
Leaf Instance Count             11342 
Physical Instance count             0 
Sequential Instance Count        1353 
Combinational Instance Count     9989 
Hierarchical Instance Count         0 

Area
----
Cell Area                          34791.480
Physical Cell Area                 0.000
Total Cell Area (Cell+Physical)    34791.480
Net Area                           16547.426
Total Area (Cell+Physical+Net)     51338.906

Max Fanout                         1312 (clk)
Min Fanout                         1 (in_index[0])
Average Fanout                     2.3
Terms to net ratio                 3.2270
Terms to instance ratio            3.2410
Runtime                            370.39967500000034 seconds
Elapsed Runtime                    384 seconds
Genus peak memory usage            6887.08 
Innovus peak memory usage          no_value 
Hostname                           ip-10-0-112-224.eu-central-1.compute.internal
