============================================================
  Generated by:           Genus(TM) Synthesis Solution 21.15-s080_1
  Generated on:           Aug 11 2024  07:14:08 pm
  Module:                 proj_kmer_buffer
  Operating conditions:   ss_typical_max_0p90v_125c 
  Interconnect mode:      global
  Area mode:              physical library
============================================================


Path 1: MET (7637 ps) Setup Check with Pin buffer_count_reg[3]/clk->srl
          Group: in2reg
     Startpoint: (R) start_over
          Clock: (R) clk
       Endpoint: (R) buffer_count_reg[3]/srl
          Clock: (R) clk

                     Capture       Launch     
        Clock Edge:+   10000            0     
        Drv Adjust:+       0          115     
       Src Latency:+       0            0     
       Net Latency:+       0 (I)        0 (I) 
           Arrival:=   10000          115     
                                              
             Setup:-     199                  
       Uncertainty:-      50                  
     Required Time:=    9751                  
      Launch Clock:-     115                  
       Input Delay:-    2000                  
         Data Path:-       0                  
             Slack:=    7637                  

Exceptions/Constraints:
  input_delay             2000            proj.sdc_line_15_3_1 

#----------------------------------------------------------------------------------------
#      Timing Point       Flags   Arc   Edge      Cell        Fanout Trans Delay Arrival 
#                                                                     (ps)  (ps)   (ps)  
#----------------------------------------------------------------------------------------
  start_over              (u)     -     R     (arrival)           36   127     0    2115 
  buffer_count_reg[3]/srl -       -     R     unmapped_d_flop     36     -     0    2115 
#----------------------------------------------------------------------------------------

(u) : Net has unmapped pin(s).

