============================================================
  Generated by:           Genus(TM) Synthesis Solution 21.15-s080_1
  Generated on:           Aug 11 2024  07:14:08 pm
  Module:                 proj_kmer_buffer
  Operating conditions:   ss_typical_max_0p90v_125c 
  Interconnect mode:      global
  Area mode:              physical library
============================================================


Path 1: MET (7295 ps) Late External Delay Assertion at pin full
          Group: reg2out
     Startpoint: (R) buffer_count_reg[2]/clk
          Clock: (R) clk
       Endpoint: (R) full
          Clock: (R) clk

                     Capture       Launch     
        Clock Edge:+   10000            0     
       Src Latency:+       0            0     
       Net Latency:+       0 (I)        0 (I) 
           Arrival:=   10000            0     
                                              
      Output Delay:-    2000                  
       Uncertainty:-      50                  
     Required Time:=    7950                  
      Launch Clock:-       0                  
         Data Path:-     655                  
             Slack:=    7295                  

Exceptions/Constraints:
  output_delay             2000            proj.sdc_line_17_34_1 

#------------------------------------------------------------------------------------------
#      Timing Point       Flags    Arc    Edge      Cell        Fanout Trans Delay Arrival 
#                                                                       (ps)  (ps)   (ps)  
#------------------------------------------------------------------------------------------
  buffer_count_reg[2]/clk -       -       R     (arrival)           36     0     0       0 
  buffer_count_reg[2]/q   (u)     clk->q  R     unmapped_d_flop      4     0   376     376 
  g5/z                    (u)     in_2->z F     unmapped_nand4       1     0    99     474 
  g6/z                    (u)     in_0->z R     unmapped_not         1     0    36     510 
  mux_26_40/g1/z          (u)     sel0->z R     unmapped_bmux3       5     0   145     655 
  full                    -       -       R     (port)               -     -     0     655 
#------------------------------------------------------------------------------------------

(u) : Net has unmapped pin(s).

