============================================================
  Generated by:           Genus(TM) Synthesis Solution 21.15-s080_1
  Generated on:           Aug 11 2024  07:14:08 pm
  Module:                 proj_kmer_buffer
  Operating conditions:   ss_typical_max_0p90v_125c 
  Interconnect mode:      global
  Area mode:              physical library
============================================================


Path 1: MET (8878 ps) Setup Check with Pin buffer_count_reg[3]/clk->d
          Group: reg2reg
     Startpoint: (R) buffer_count_reg[0]/clk
          Clock: (R) clk
       Endpoint: (R) buffer_count_reg[3]/d
          Clock: (R) clk

                     Capture       Launch     
        Clock Edge:+   10000            0     
       Src Latency:+       0            0     
       Net Latency:+       0 (I)        0 (I) 
           Arrival:=   10000            0     
                                              
             Setup:-     199                  
       Uncertainty:-      50                  
     Required Time:=    9751                  
      Launch Clock:-       0                  
         Data Path:-     874                  
             Slack:=    8878                  

#-----------------------------------------------------------------------------------------------
#        Timing Point         Flags     Arc    Edge      Cell        Fanout Trans Delay Arrival 
#                                                                            (ps)  (ps)   (ps)  
#-----------------------------------------------------------------------------------------------
  buffer_count_reg[0]/clk     -       -        R     (arrival)           36     0     0       0 
  buffer_count_reg[0]/q       (u)     clk->q   R     unmapped_d_flop      4     0   376     376 
  add_23_44/g2/z              (u)     in_0->z  F     unmapped_nand2       1     0    52     428 
  add_23_44/g35/z             (u)     in_0->z  R     unmapped_not         2     0    48     476 
  add_23_44/g13/z             (u)     in_0->z  F     unmapped_nand2       1     0    52     528 
  add_23_44/g37/z             (u)     in_0->z  R     unmapped_not         2     0    48     576 
  add_23_44/g20/z             (u)     in_0->z  F     unmapped_nand2       1     0    52     629 
  add_23_44/g38/z             (u)     in_0->z  R     unmapped_not         1     0    36     665 
  add_23_44/g30/z             (u)     in_0->z  R     unmapped_xnor2       1     0   104     769 
  mux_buffer_count_57_22/g1/z (u)     data0->z R     unmapped_bmux3       1     0   104     874 
  buffer_count_reg[3]/d       -       -        R     unmapped_d_flop      1     -     0     874 
#-----------------------------------------------------------------------------------------------

(u) : Net has unmapped pin(s).

