============================================================
  Generated by:           Genus(TM) Synthesis Solution 21.15-s080_1
  Generated on:           Aug 09 2024  06:05:46 am
  Module:                 proj_kmer_buffer
  Operating conditions:   ss_typical_max_0p90v_125c 
  Interconnect mode:      global
  Area mode:              physical library
============================================================


Path 1: MET (522 ps) Late External Delay Assertion at pin signature[31]
          Group: reg2out
     Startpoint: (R) kmer_buffer_reg[29]/CK
          Clock: (R) clk
       Endpoint: (F) signature[31]
          Clock: (R) clk

                     Capture       Launch     
        Clock Edge:+   10000            0     
       Src Latency:+       0            0     
       Net Latency:+       0 (I)        0 (I) 
           Arrival:=   10000            0     
                                              
      Output Delay:-    2500                  
       Uncertainty:-     125                  
     Required Time:=    7375                  
      Launch Clock:-       0                  
         Data Path:-    6853                  
             Slack:=     522                  

Exceptions/Constraints:
  output_delay             2500            proj_kmer_buffer.sdc_line_17_35_1 

#---------------------------------------------------------------------------------------------------------------
#               Timing Point                 Flags    Arc   Edge        Cell         Fanout Trans Delay Arrival 
#                                                                                            (ps)  (ps)   (ps)  
#---------------------------------------------------------------------------------------------------------------
  kmer_buffer_reg[29]/CK                     -       -      R     (arrival)              36     0     0       0 
  kmer_buffer_reg[29]/Q                      -       CK->Q  R     DFFRPQ_X1M_A9TL         4   177   362     362 
  const_mul_95_35_g13258/Y                   -       A->Y   R     BUFH_X2M_A9TL          10   288   238     600 
  const_mul_95_35_g13117__1705/CO            -       A->CO  R     ADDH_X1M_A9TL           1   124   225     825 
  const_mul_95_35_g13018__6260/S             -       A->S   F     ADDF_X1M_A9TL           1   118   331    1156 
  const_mul_95_35_g12944__4733/S             -       B->S   F     ADDF_X1M_A9TL           1   118   309    1465 
  const_mul_95_35_g12909__8246/S             -       A->S   R     ADDF_X1M_A9TL           2   118   353    1818 
  const_mul_95_35_g12891__1666/Y             -       B->Y   R     OR2_X0P5M_A9TL          4   282   252    2070 
  const_mul_95_35_g12856__7482/Y             -       A->Y   R     AND2_X1M_A9TL           2   116   208    2278 
  const_mul_95_35_g12849__1705/Y             -       B->Y   F     NAND2_X1A_A9TL          2   165   120    2398 
  const_mul_95_35_g12835__1666/Y             -       A1->Y  R     OAI21_X1M_A9TL          1   171   167    2565 
  const_mul_95_35_g12825__6131/Y             -       C0->Y  F     AOI221_X1M_A9TL         1   188   124    2689 
  const_mul_95_35_g12814__4319/Y             -       B0->Y  R     OAI21_X1M_A9TL          3   283   202    2891 
  const_mul_95_35_g12798__1881/Y             -       B->Y   R     AND2_X1M_A9TL           2   114   208    3098 
  const_mul_95_35_g12773__4733/Y             -       B->Y   F     NAND2_X1M_A9TL          3   169   129    3227 
  const_mul_95_35_g12736__1705/Y             -       B->Y   R     NOR2_X1A_A9TL           4   323   258    3486 
  const_mul_95_35_g12724__5477/Y             -       B->Y   R     OR2_X0P5M_A9TL          4   324   336    3822 
  const_mul_95_35_g12718__9945/Y             -       A1N->Y R     OAI2XB1_X0P5M_A9TL      1   268   310    4132 
  const_mul_95_35_g12713__5115/Y             -       B->Y   R     XNOR2_X0P7M_A9TL        1   276   230    4362 
  g368__1617/Y                               -       A->Y   F     XOR2_X0P7M_A9TL         1   146   137    4499 
  drc_bufs369/Y                              -       A->Y   F     BUFH_X0P7M_A9TL         3   147   187    4686 
  WALLACE_CSA_DUMMY_OP_groupi_g1339__5107/Y  -       A->Y   R     NOR2_X1M_A9TL           3   262   206    4892 
  WALLACE_CSA_DUMMY_OP_groupi_g1325__1881/Y  -       B0->Y  R     AO21_X1M_A9TL           2   108   203    5095 
  WALLACE_CSA_DUMMY_OP_groupi_g1284__4319/Y  -       B->Y   F     NOR2_X1M_A9TL           3   152   131    5226 
  WALLACE_CSA_DUMMY_OP_groupi_g1200__6783/Y  -       A0->Y  R     OAI21_X1M_A9TL          2   235   198    5424 
  WALLACE_CSA_DUMMY_OP_groupi_g1199/Y        -       A->Y   F     INV_X1M_A9TL            1    90    99    5523 
  WALLACE_CSA_DUMMY_OP_groupi_g1189__1666/Y  -       A1->Y  F     OA22_X1M_A9TL           1    75   192    5714 
  WALLACE_CSA_DUMMY_OP_groupi_g1129__1666/Y  -       B0->Y  F     OA211_X0P7M_A9TL        2   129   191    5905 
  WALLACE_CSA_DUMMY_OP_groupi_g1349__4319/Y  -       A1->Y  R     OAI21_X1M_A9TL          2   249   207    6112 
  WALLACE_CSA_DUMMY_OP_groupi_g1122__6161/Y  -       A1N->Y R     OAI2XB1_X1M_A9TL        1   259   294    6406 
  WALLACE_CSA_DUMMY_OP_groupi_g1121__4733/CO -       A->CO  R     ADDF_X1M_A9TL           1    93   239    6645 
  WALLACE_CSA_DUMMY_OP_groupi_g1120__7482/Y  -       A->Y   F     XNOR3_X0P5M_A9TL        1   154   208    6853 
  signature[31]                              <<<     -      F     (port)                  -     -     0    6853 
#---------------------------------------------------------------------------------------------------------------

