============================================================
  Generated by:           Genus(TM) Synthesis Solution 21.15-s080_1
  Generated on:           Aug 09 2024  08:58:04 am
  Module:                 proj_hasher
  Operating conditions:   ss_typical_max_0p90v_125c 
  Interconnect mode:      global
  Area mode:              physical library
============================================================


Path 1: VIOLATED (-2033 ps) Late External Delay Assertion at pin signature[31]
          Group: in2out
     Startpoint: (R) kmer[19]
          Clock: (R) clk
       Endpoint: (F) signature[31]
          Clock: (R) clk

                        Capture       Launch     
           Path Delay:+    1650            -     
           Drv Adjust:+       0           34     
          Src Latency:+       0            0     
          Net Latency:+       0 (I)        0 (I) 
        Capture Clock:+       0                  
              Arrival:=    1650           34     
                                                 
         Output Delay:-     412                  
          Uncertainty:-     125                  
        Required Time:=    1112                  
         Launch Clock:-      34                  
          Input Delay:-     412                  
            Data Path:-    2699                  
                Slack:=   -2033                  

Exceptions/Constraints:
  max_delay                1650            proj_hasher.sdc_line_18      
  input_delay              412             proj_hasher.sdc_line_15_45_1 
  output_delay             412             proj_hasher.sdc_line_17      

#------------------------------------------------------------------------------------------------------------
#               Timing Point                Flags    Arc   Edge       Cell        Fanout Trans Delay Arrival 
#                                                                                         (ps)  (ps)   (ps)  
#------------------------------------------------------------------------------------------------------------
  kmer[19]                                  -       -      R     (arrival)             1    78     0     447 
  g137/Y                                    -       A->Y   R     BUFH_X16M_A9TL        8    67    94     540 
  const_mul_28_35_g13687__2398/Y            -       B->Y   F     XOR3_X4M_A9TL         3   104   261     801 
  const_mul_28_35_g13359__1881/Y            -       C->Y   F     XOR3_X4M_A9TL         3    89   284    1085 
  const_mul_28_35_g13074__3680/Y            -       C->Y   F     XOR3_X4M_A9TL         2    84   272    1356 
  const_mul_28_35_g14356/Y                  -       A1N->Y F     AOI2XB1_X8M_A9TL      2    66   140    1496 
  const_mul_28_35_g12881__8246/Y            -       BN->Y  F     NOR2XB_X8M_A9TL       3    67   132    1628 
  const_mul_28_35_g12853__7410/Y            -       A->Y   R     NOR2_X3A_A9TL         1    96    85    1713 
  const_mul_28_35_g12819__5526/Y            -       A0->Y  F     AOI21_X4M_A9TL        1    59    67    1781 
  const_mul_28_35_g12788__1881/Y            -       BN->Y  F     NOR2XB_X8M_A9TL       2    61   125    1906 
  const_mul_28_35_g12761__6417/Y            -       A->Y   F     AND2_X11M_A9TL        4    46   105    2011 
  const_mul_28_35_g12750__7482/Y            -       A0->Y  R     OAI2XB1_X6M_A9TL      1    87    78    2089 
  const_mul_28_35_g12744__5122/Y            -       S0->Y  R     MXIT2_X3M_A9TL        1   148    96    2185 
  g177__7410/Y                              -       A->Y   R     XOR2_X4M_A9TL         4   279   164    2349 
  WALLACE_CSA_DUMMY_OP_groupi_g2278__5526/Y -       A0->Y  R     AO21B_X6M_A9TL        2    76   193    2542 
  WALLACE_CSA_DUMMY_OP_groupi_g2215__8428/Y -       A->Y   F     NOR2_X8A_A9TL         2    47    55    2597 
  WALLACE_CSA_DUMMY_OP_groupi_g2185__8246/Y -       A->Y   R     NOR2XB_X8M_A9TL       3    66    58    2655 
  WALLACE_CSA_DUMMY_OP_groupi_g2131__5477/Y -       BN->Y  R     NOR2XB_X8M_A9TL       7   154   170    2826 
  WALLACE_CSA_DUMMY_OP_groupi_g2123/Y       -       A->Y   F     INV_X4M_A9TL          1    53    55    2881 
  WALLACE_CSA_DUMMY_OP_groupi_g2072__8246/Y -       A2->Y  R     OAI31_X6M_A9TL        1   116   127    3008 
  WALLACE_CSA_DUMMY_OP_groupi_g2007__5122/Y -       A->Y   F     NOR2_X4A_A9TL         1    55    64    3072 
  WALLACE_CSA_DUMMY_OP_groupi_g2000__8428/Y -       A->Y   F     XOR2_X3M_A9TL         1    96    74    3146 
  signature[31]                             <<<     -      F     (port)                -     -     0    3146 
#------------------------------------------------------------------------------------------------------------

