============================================================
  Generated by:           Genus(TM) Synthesis Solution 21.15-s080_1
  Generated on:           Aug 11 2024  07:14:38 pm
  Module:                 proj_kmer_buffer
  Operating conditions:   ss_typical_max_0p90v_125c 
  Interconnect mode:      global
  Area mode:              physical library
============================================================

Timing
--------

Clock  Period 
--------------
clk   10000.0 


  Cost    Critical         Violating 
 Group   Path Slack  TNS     Paths   
-------------------------------------
clk        No paths   0.0            
default    No paths   0.0            
in2out     No paths   0.0            
in2reg       7458.9   0.0          0 
reg2out      7333.5   0.0          0 
reg2reg      8489.7   0.0          0 
-------------------------------------
Total                 0.0          0 

Instance Count
--------------
Leaf Instance Count             51 
Physical Instance count          0 
Sequential Instance Count       20 
Combinational Instance Count    31 
Hierarchical Instance Count      0 

Area
----
Cell Area                          231.480
Physical Cell Area                 0.000
Total Cell Area (Cell+Physical)    231.480
Net Area                           71.794
Total Area (Cell+Physical+Net)     303.274

Max Fanout                         20 (clk)
Min Fanout                         0 (n_31)
Average Fanout                     2.2
Terms to net ratio                 2.8983
Terms to instance ratio            3.3529
Runtime                            70.980836 seconds
Elapsed Runtime                    105 seconds
Genus peak memory usage            6876.73 
Innovus peak memory usage          no_value 
Hostname                           ip-10-0-112-224.eu-central-1.compute.internal
