============================================================
  Generated by:           Genus(TM) Synthesis Solution 21.15-s080_1
  Generated on:           Aug 11 2024  07:14:38 pm
  Module:                 proj_kmer_buffer
  Operating conditions:   ss_typical_max_0p90v_125c 
  Interconnect mode:      global
  Area mode:              physical library
============================================================

Max_transition design rule: no violations.


Max_capacitance design rule: no violations.


Max_fanout design rule (violation total = 1.000)
Pin                    Fanout           Max     Violation
-----------------------------------------------------------
g200/Y                 17.000        16.000         1.000
g200/Y                 17.000        16.000         1.000
g200/Y                 17.000        16.000         1.000
g200/Y                 17.000        16.000         1.000
g200/Y                 17.000        16.000         1.000
g200/Y                 17.000        16.000         1.000
g200/Y                 17.000        16.000         1.000
g200/Y                 17.000        16.000         1.000
g200/Y                 17.000        16.000         1.000
g200/Y                 17.000        16.000         1.000
g200/Y                 17.000        16.000         1.000
g200/Y                 17.000        16.000         1.000
g200/Y                 17.000        16.000         1.000
g200/Y                 17.000        16.000         1.000
g200/Y                 17.000        16.000         1.000
g200/Y                 17.000        16.000         1.000
g200/Y                 17.000        16.000         1.000
g200/Y                 17.000        16.000         1.000



