============================================================
  Generated by:           Genus(TM) Synthesis Solution 21.15-s080_1
  Generated on:           Aug 11 2024  01:43:23 pm
  Module:                 proj_kmer_buffer
  Operating conditions:   ss_typical_max_0p90v_125c 
  Interconnect mode:      global
  Area mode:              physical library
============================================================

                                     
      Gate        Instances   Area                        Library                      
---------------------------------------------------------------------------------------
DFFRPQN_X1M_A9TL          2   16.560    sc9_cln65lp_base_lvt_ss_typical_max_0p90v_125c 
DFFRPQ_X1M_A9TL           8   69.120    sc9_cln65lp_base_lvt_ss_typical_max_0p90v_125c 
INV_X0P5B_A9TH            1    1.080    sc9_cln65lp_base_hvt_ss_typical_max_0p90v_125c 
NOR2B_X1M_A9TL            2    4.320    sc9_cln65lp_base_lvt_ss_typical_max_0p90v_125c 
NOR2XB_X1M_A9TL           6   12.960    sc9_cln65lp_base_lvt_ss_typical_max_0p90v_125c 
NOR2_X1A_A9TL             1    1.440    sc9_cln65lp_base_lvt_ss_typical_max_0p90v_125c 
NOR2_X1B_A9TL             2    2.880    sc9_cln65lp_base_lvt_ss_typical_max_0p90v_125c 
NOR2_X1M_A9TL             1    1.440    sc9_cln65lp_base_lvt_ss_typical_max_0p90v_125c 
XOR2_X0P7M_A9TL           1    3.240    sc9_cln65lp_base_lvt_ss_typical_max_0p90v_125c 
---------------------------------------------------------------------------------------
total                    24  113.040                                                   


                    Library                    Instances   Area  Instances % 
-----------------------------------------------------------------------------
sc9_cln65lp_base_hvt_ss_typical_max_0p90v_125c         1   1.080         4.2 
sc9_cln65lp_base_lvt_ss_typical_max_0p90v_125c        23 111.960        95.8 

                                        
     Type      Instances   Area  Area % 
----------------------------------------
sequential            10  85.680   75.8 
inverter               1   1.080    1.0 
logic                 13  26.280   23.2 
physical_cells         0   0.000    0.0 
----------------------------------------
total                 24 113.040  100.0 

