============================================================
  Generated by:           Genus(TM) Synthesis Solution 21.15-s080_1
  Generated on:           Aug 11 2024  12:18:34 pm
  Module:                 proj_hasher
  Operating conditions:   ss_typical_max_0p90v_125c 
  Interconnect mode:      global
  Area mode:              physical library
============================================================

                                        
       Gate         Instances    Area                        Library                      
------------------------------------------------------------------------------------------
ADDFH_X1M_A9TL             13   145.080    sc9_cln65lp_base_lvt_ss_typical_max_0p90v_125c 
ADDFH_X1P4M_A9TL            1    11.880    sc9_cln65lp_base_lvt_ss_typical_max_0p90v_125c 
ADDFH_X2M_A9TL             10   118.800    sc9_cln65lp_base_lvt_ss_typical_max_0p90v_125c 
ADDF_X1M_A9TL              38   300.960    sc9_cln65lp_base_lvt_ss_typical_max_0p90v_125c 
ADDF_X1P4M_A9TL             3    28.080    sc9_cln65lp_base_lvt_ss_typical_max_0p90v_125c 
ADDF_X2M_A9TL               7    65.520    sc9_cln65lp_base_lvt_ss_typical_max_0p90v_125c 
ADDH_X1M_A9TL              24   112.320    sc9_cln65lp_base_lvt_ss_typical_max_0p90v_125c 
ADDH_X1P4M_A9TL             1     5.760    sc9_cln65lp_base_lvt_ss_typical_max_0p90v_125c 
ADDH_X2M_A9TL               5    28.800    sc9_cln65lp_base_lvt_ss_typical_max_0p90v_125c 
AND2_X1M_A9TL              19    34.200    sc9_cln65lp_base_lvt_ss_typical_max_0p90v_125c 
AND2_X2M_A9TL               3     7.560    sc9_cln65lp_base_lvt_ss_typical_max_0p90v_125c 
AND2_X3M_A9TL              11    43.560    sc9_cln65lp_base_lvt_ss_typical_max_0p90v_125c 
AND2_X4M_A9TL               3    12.960    sc9_cln65lp_base_lvt_ss_typical_max_0p90v_125c 
AND2_X6M_A9TL               1     6.120    sc9_cln65lp_base_lvt_ss_typical_max_0p90v_125c 
AND2_X8M_A9TL               1     7.920    sc9_cln65lp_base_lvt_ss_typical_max_0p90v_125c 
AND3_X1M_A9TL               1     2.520    sc9_cln65lp_base_lvt_ss_typical_max_0p90v_125c 
AND3_X2M_A9TL               3    12.960    sc9_cln65lp_base_lvt_ss_typical_max_0p90v_125c 
AND3_X3M_A9TL               1     5.760    sc9_cln65lp_base_lvt_ss_typical_max_0p90v_125c 
AND3_X4M_A9TL               2    12.960    sc9_cln65lp_base_lvt_ss_typical_max_0p90v_125c 
AND3_X6M_A9TL               1    10.080    sc9_cln65lp_base_lvt_ss_typical_max_0p90v_125c 
AO1B2_X1M_A9TL             12    30.240    sc9_cln65lp_base_lvt_ss_typical_max_0p90v_125c 
AO1B2_X2M_A9TL              5    18.000    sc9_cln65lp_base_lvt_ss_typical_max_0p90v_125c 
AO1B2_X3M_A9TL             10    54.000    sc9_cln65lp_base_lvt_ss_typical_max_0p90v_125c 
AO1B2_X4M_A9TL              6    36.720    sc9_cln65lp_base_lvt_ss_typical_max_0p90v_125c 
AO1B2_X6M_A9TL              1     9.000    sc9_cln65lp_base_lvt_ss_typical_max_0p90v_125c 
AO21B_X1M_A9TL              5    12.600    sc9_cln65lp_base_lvt_ss_typical_max_0p90v_125c 
AO21B_X2M_A9TL              8    28.800    sc9_cln65lp_base_lvt_ss_typical_max_0p90v_125c 
AO21B_X3M_A9TL             14    75.600    sc9_cln65lp_base_lvt_ss_typical_max_0p90v_125c 
AO21B_X4M_A9TL             12    73.440    sc9_cln65lp_base_lvt_ss_typical_max_0p90v_125c 
AO21B_X6M_A9TL              4    36.000    sc9_cln65lp_base_lvt_ss_typical_max_0p90v_125c 
AO21_X1M_A9TL               6    17.280    sc9_cln65lp_base_lvt_ss_typical_max_0p90v_125c 
AO22_X1M_A9TL               2     6.480    sc9_cln65lp_base_lvt_ss_typical_max_0p90v_125c 
AOI211_X1P4M_A9TL           1     3.960    sc9_cln65lp_base_lvt_ss_typical_max_0p90v_125c 
AOI21B_X1M_A9TL             1     2.880    sc9_cln65lp_base_lvt_ss_typical_max_0p90v_125c 
AOI21B_X2M_A9TL             1     4.320    sc9_cln65lp_base_lvt_ss_typical_max_0p90v_125c 
AOI21B_X3M_A9TL             1     5.760    sc9_cln65lp_base_lvt_ss_typical_max_0p90v_125c 
AOI21_X1M_A9TL              6    12.960    sc9_cln65lp_base_lvt_ss_typical_max_0p90v_125c 
AOI21_X2M_A9TL              5    18.000    sc9_cln65lp_base_lvt_ss_typical_max_0p90v_125c 
AOI21_X2M_A9TR              2     7.200    sc9_cln65lp_base_rvt_ss_typical_max_0p90v_125c 
AOI21_X3M_A9TL              6    28.080    sc9_cln65lp_base_lvt_ss_typical_max_0p90v_125c 
AOI21_X4M_A9TL              8    48.960    sc9_cln65lp_base_lvt_ss_typical_max_0p90v_125c 
AOI21_X6M_A9TL             10    90.000    sc9_cln65lp_base_lvt_ss_typical_max_0p90v_125c 
AOI21_X6M_A9TR              1     9.000    sc9_cln65lp_base_rvt_ss_typical_max_0p90v_125c 
AOI221_X2M_A9TL             1     5.760    sc9_cln65lp_base_lvt_ss_typical_max_0p90v_125c 
AOI22_X1M_A9TL              1     2.520    sc9_cln65lp_base_lvt_ss_typical_max_0p90v_125c 
AOI22_X2M_A9TL              1     4.320    sc9_cln65lp_base_lvt_ss_typical_max_0p90v_125c 
AOI2XB1_X1M_A9TL            1     2.880    sc9_cln65lp_base_lvt_ss_typical_max_0p90v_125c 
AOI2XB1_X2M_A9TL            3    12.960    sc9_cln65lp_base_lvt_ss_typical_max_0p90v_125c 
AOI2XB1_X3M_A9TL           10    57.600    sc9_cln65lp_base_lvt_ss_typical_max_0p90v_125c 
AOI2XB1_X4M_A9TL           15   113.400    sc9_cln65lp_base_lvt_ss_typical_max_0p90v_125c 
AOI2XB1_X6M_A9TL            8    83.520    sc9_cln65lp_base_lvt_ss_typical_max_0p90v_125c 
AOI2XB1_X8M_A9TL            1    13.680    sc9_cln65lp_base_lvt_ss_typical_max_0p90v_125c 
BMXIT_X1M_A9TL              1    10.080    sc9_cln65lp_base_lvt_ss_typical_max_0p90v_125c 
BUFH_X0P7M_A9TL             1     1.440    sc9_cln65lp_base_lvt_ss_typical_max_0p90v_125c 
BUFH_X0P7M_A9TR             1     1.440    sc9_cln65lp_base_rvt_ss_typical_max_0p90v_125c 
BUFH_X0P8M_A9TL             1     1.440    sc9_cln65lp_base_lvt_ss_typical_max_0p90v_125c 
BUFH_X11M_A9TL              1     9.000    sc9_cln65lp_base_lvt_ss_typical_max_0p90v_125c 
BUFH_X1M_A9TH               1     1.440    sc9_cln65lp_base_hvt_ss_typical_max_0p90v_125c 
BUFH_X2M_A9TL               1     2.520    sc9_cln65lp_base_lvt_ss_typical_max_0p90v_125c 
BUFH_X2P5M_A9TL             2     5.760    sc9_cln65lp_base_lvt_ss_typical_max_0p90v_125c 
BUFH_X3M_A9TL               1     2.880    sc9_cln65lp_base_lvt_ss_typical_max_0p90v_125c 
BUFH_X6M_A9TL               1     5.400    sc9_cln65lp_base_lvt_ss_typical_max_0p90v_125c 
BUFH_X9M_A9TL               2    15.120    sc9_cln65lp_base_lvt_ss_typical_max_0p90v_125c 
BUF_X13M_A9TL               1     8.640    sc9_cln65lp_base_lvt_ss_typical_max_0p90v_125c 
BUF_X16M_A9TL               2    20.880    sc9_cln65lp_base_lvt_ss_typical_max_0p90v_125c 
BUF_X2M_A9TL                1     2.160    sc9_cln65lp_base_lvt_ss_typical_max_0p90v_125c 
BUF_X3M_A9TL                1     2.520    sc9_cln65lp_base_lvt_ss_typical_max_0p90v_125c 
BUF_X6M_A9TL                4    17.280    sc9_cln65lp_base_lvt_ss_typical_max_0p90v_125c 
CGENI_X1M_A9TL             15    43.200    sc9_cln65lp_base_lvt_ss_typical_max_0p90v_125c 
CGENI_X2M_A9TL             15    81.000    sc9_cln65lp_base_lvt_ss_typical_max_0p90v_125c 
CGEN_X1M_A9TL              35   126.000    sc9_cln65lp_base_lvt_ss_typical_max_0p90v_125c 
CGEN_X1M_A9TR               1     3.600    sc9_cln65lp_base_rvt_ss_typical_max_0p90v_125c 
CGEN_X1P4M_A9TL             1     3.960    sc9_cln65lp_base_lvt_ss_typical_max_0p90v_125c 
CGEN_X1P4M_A9TR             1     3.960    sc9_cln65lp_base_rvt_ss_typical_max_0p90v_125c 
CGEN_X2M_A9TL              14    55.440    sc9_cln65lp_base_lvt_ss_typical_max_0p90v_125c 
INV_X11M_A9TL               8    46.080    sc9_cln65lp_base_lvt_ss_typical_max_0p90v_125c 
INV_X13M_A9TL               4    27.360    sc9_cln65lp_base_lvt_ss_typical_max_0p90v_125c 
INV_X1M_A9TL               84    90.720    sc9_cln65lp_base_lvt_ss_typical_max_0p90v_125c 
INV_X2M_A9TL               81   116.640    sc9_cln65lp_base_lvt_ss_typical_max_0p90v_125c 
INV_X3M_A9TL               53   114.480    sc9_cln65lp_base_lvt_ss_typical_max_0p90v_125c 
INV_X3P5M_A9TR              1     2.520    sc9_cln65lp_base_rvt_ss_typical_max_0p90v_125c 
INV_X4M_A9TL               44   110.880    sc9_cln65lp_base_lvt_ss_typical_max_0p90v_125c 
INV_X5B_A9TL                1     2.880    sc9_cln65lp_base_lvt_ss_typical_max_0p90v_125c 
INV_X5M_A9TL               26    74.880    sc9_cln65lp_base_lvt_ss_typical_max_0p90v_125c 
INV_X6M_A9TL                9    32.400    sc9_cln65lp_base_lvt_ss_typical_max_0p90v_125c 
INV_X7P5M_A9TL              8    34.560    sc9_cln65lp_base_lvt_ss_typical_max_0p90v_125c 
INV_X9M_A9TL                4    18.720    sc9_cln65lp_base_lvt_ss_typical_max_0p90v_125c 
MX2_X4B_A9TL                2    18.720    sc9_cln65lp_base_lvt_ss_typical_max_0p90v_125c 
MX2_X4M_A9TL                2    18.720    sc9_cln65lp_base_lvt_ss_typical_max_0p90v_125c 
MXIT2_X0P5M_A9TL            1     3.240    sc9_cln65lp_base_lvt_ss_typical_max_0p90v_125c 
MXIT2_X1M_A9TL              7    25.200    sc9_cln65lp_base_lvt_ss_typical_max_0p90v_125c 
MXIT2_X2M_A9TL             22   142.560    sc9_cln65lp_base_lvt_ss_typical_max_0p90v_125c 
MXIT2_X3M_A9TL             52   393.120    sc9_cln65lp_base_lvt_ss_typical_max_0p90v_125c 
MXIT2_X4M_A9TL              7    70.560    sc9_cln65lp_base_lvt_ss_typical_max_0p90v_125c 
MXT2_X0P7M_A9TL             1     3.600    sc9_cln65lp_base_lvt_ss_typical_max_0p90v_125c 
MXT2_X1M_A9TL               1     4.320    sc9_cln65lp_base_lvt_ss_typical_max_0p90v_125c 
MXT2_X1P4M_A9TL             6    30.240    sc9_cln65lp_base_lvt_ss_typical_max_0p90v_125c 
MXT2_X2M_A9TL               1     6.840    sc9_cln65lp_base_lvt_ss_typical_max_0p90v_125c 
MXT2_X3M_A9TL              10    82.800    sc9_cln65lp_base_lvt_ss_typical_max_0p90v_125c 
MXT2_X4M_A9TL              13   126.360    sc9_cln65lp_base_lvt_ss_typical_max_0p90v_125c 
MXT2_X6M_A9TL              14   146.160    sc9_cln65lp_base_lvt_ss_typical_max_0p90v_125c 
NAND2B_X1M_A9TL            24    51.840    sc9_cln65lp_base_lvt_ss_typical_max_0p90v_125c 
NAND2B_X2M_A9TL             7    20.160    sc9_cln65lp_base_lvt_ss_typical_max_0p90v_125c 
NAND2B_X2M_A9TR             1     2.880    sc9_cln65lp_base_rvt_ss_typical_max_0p90v_125c 
NAND2B_X3M_A9TL             4    15.840    sc9_cln65lp_base_lvt_ss_typical_max_0p90v_125c 
NAND2B_X4M_A9TL             4    18.720    sc9_cln65lp_base_lvt_ss_typical_max_0p90v_125c 
NAND2B_X8M_A9TL             1     8.640    sc9_cln65lp_base_lvt_ss_typical_max_0p90v_125c 
NAND2XB_X1M_A9TL           11    23.760    sc9_cln65lp_base_lvt_ss_typical_max_0p90v_125c 
NAND2XB_X2M_A9TL           27    77.760    sc9_cln65lp_base_lvt_ss_typical_max_0p90v_125c 
NAND2XB_X3M_A9TL           26   102.960    sc9_cln65lp_base_lvt_ss_typical_max_0p90v_125c 
NAND2XB_X4M_A9TL           21    98.280    sc9_cln65lp_base_lvt_ss_typical_max_0p90v_125c 
NAND2XB_X6M_A9TL           17   116.280    sc9_cln65lp_base_lvt_ss_typical_max_0p90v_125c 
NAND2XB_X8M_A9TL            1     8.640    sc9_cln65lp_base_lvt_ss_typical_max_0p90v_125c 
NAND2_X1A_A9TL             57    82.080    sc9_cln65lp_base_lvt_ss_typical_max_0p90v_125c 
NAND2_X1B_A9TL              5     7.200    sc9_cln65lp_base_lvt_ss_typical_max_0p90v_125c 
NAND2_X1M_A9TL             24    34.560    sc9_cln65lp_base_lvt_ss_typical_max_0p90v_125c 
NAND2_X1P4A_A9TL            1     2.520    sc9_cln65lp_base_lvt_ss_typical_max_0p90v_125c 
NAND2_X1P4M_A9TL           23    49.680    sc9_cln65lp_base_lvt_ss_typical_max_0p90v_125c 
NAND2_X2A_A9TL             32    80.640    sc9_cln65lp_base_lvt_ss_typical_max_0p90v_125c 
NAND2_X2B_A9TR              1     2.520    sc9_cln65lp_base_rvt_ss_typical_max_0p90v_125c 
NAND2_X2M_A9TL              8    20.160    sc9_cln65lp_base_lvt_ss_typical_max_0p90v_125c 
NAND2_X2M_A9TR              2     5.040    sc9_cln65lp_base_rvt_ss_typical_max_0p90v_125c 
NAND2_X3A_A9TL             34   122.400    sc9_cln65lp_base_lvt_ss_typical_max_0p90v_125c 
NAND2_X3B_A9TL              1     3.600    sc9_cln65lp_base_lvt_ss_typical_max_0p90v_125c 
NAND2_X3M_A9TL             14    50.400    sc9_cln65lp_base_lvt_ss_typical_max_0p90v_125c 
NAND2_X4A_A9TL             11    47.520    sc9_cln65lp_base_lvt_ss_typical_max_0p90v_125c 
NAND2_X4B_A9TL             11    47.520    sc9_cln65lp_base_lvt_ss_typical_max_0p90v_125c 
NAND2_X4M_A9TL             18    71.280    sc9_cln65lp_base_lvt_ss_typical_max_0p90v_125c 
NAND2_X4M_A9TR              1     3.960    sc9_cln65lp_base_rvt_ss_typical_max_0p90v_125c 
NAND2_X6A_A9TL              8    48.960    sc9_cln65lp_base_lvt_ss_typical_max_0p90v_125c 
NAND2_X6M_A9TL             11    67.320    sc9_cln65lp_base_lvt_ss_typical_max_0p90v_125c 
NAND2_X8A_A9TL              1     8.280    sc9_cln65lp_base_lvt_ss_typical_max_0p90v_125c 
NAND2_X8B_A9TL              1     8.280    sc9_cln65lp_base_lvt_ss_typical_max_0p90v_125c 
NAND2_X8M_A9TL              7    52.920    sc9_cln65lp_base_lvt_ss_typical_max_0p90v_125c 
NAND3B_X1M_A9TL             1     2.520    sc9_cln65lp_base_lvt_ss_typical_max_0p90v_125c 
NAND3B_X1P4M_A9TL           1     3.600    sc9_cln65lp_base_lvt_ss_typical_max_0p90v_125c 
NAND3B_X6M_A9TL             1     9.000    sc9_cln65lp_base_lvt_ss_typical_max_0p90v_125c 
NAND3XXB_X1M_A9TL           1     2.520    sc9_cln65lp_base_lvt_ss_typical_max_0p90v_125c 
NAND3XXB_X2M_A9TL           5    19.800    sc9_cln65lp_base_lvt_ss_typical_max_0p90v_125c 
NAND3XXB_X3M_A9TL           1     5.040    sc9_cln65lp_base_lvt_ss_typical_max_0p90v_125c 
NAND3XXB_X4M_A9TL           9    55.080    sc9_cln65lp_base_lvt_ss_typical_max_0p90v_125c 
NAND3XXB_X6M_A9TL           5    45.000    sc9_cln65lp_base_lvt_ss_typical_max_0p90v_125c 
NAND3_X1M_A9TL              2     4.320    sc9_cln65lp_base_lvt_ss_typical_max_0p90v_125c 
NAND3_X2A_A9TL              1     3.240    sc9_cln65lp_base_lvt_ss_typical_max_0p90v_125c 
NAND3_X2M_A9TL              4    12.960    sc9_cln65lp_base_lvt_ss_typical_max_0p90v_125c 
NAND3_X4M_A9TL              9    51.840    sc9_cln65lp_base_lvt_ss_typical_max_0p90v_125c 
NAND3_X6A_A9TL              2    15.840    sc9_cln65lp_base_lvt_ss_typical_max_0p90v_125c 
NAND3_X6M_A9TL              1     8.640    sc9_cln65lp_base_lvt_ss_typical_max_0p90v_125c 
NAND4XXXB_X3M_A9TL          1     6.120    sc9_cln65lp_base_lvt_ss_typical_max_0p90v_125c 
NAND4XXXB_X4M_A9TL          1     7.560    sc9_cln65lp_base_lvt_ss_typical_max_0p90v_125c 
NAND4_X4A_A9TL              1     7.200    sc9_cln65lp_base_lvt_ss_typical_max_0p90v_125c 
NOR2B_X1M_A9TL             16    34.560    sc9_cln65lp_base_lvt_ss_typical_max_0p90v_125c 
NOR2B_X2M_A9TL              2     5.760    sc9_cln65lp_base_lvt_ss_typical_max_0p90v_125c 
NOR2B_X6M_A9TL              1     6.840    sc9_cln65lp_base_lvt_ss_typical_max_0p90v_125c 
NOR2B_X8M_A9TL              1     8.280    sc9_cln65lp_base_lvt_ss_typical_max_0p90v_125c 
NOR2XB_X1M_A9TL             3     6.480    sc9_cln65lp_base_lvt_ss_typical_max_0p90v_125c 
NOR2XB_X2M_A9TL            13    37.440    sc9_cln65lp_base_lvt_ss_typical_max_0p90v_125c 
NOR2XB_X3M_A9TL            14    50.400    sc9_cln65lp_base_lvt_ss_typical_max_0p90v_125c 
NOR2XB_X4M_A9TL            12    51.840    sc9_cln65lp_base_lvt_ss_typical_max_0p90v_125c 
NOR2XB_X6M_A9TL            16   103.680    sc9_cln65lp_base_lvt_ss_typical_max_0p90v_125c 
NOR2XB_X8M_A9TL             4    33.120    sc9_cln65lp_base_lvt_ss_typical_max_0p90v_125c 
NOR2_X1A_A9TL              12    17.280    sc9_cln65lp_base_lvt_ss_typical_max_0p90v_125c 
NOR2_X1B_A9TL               2     2.880    sc9_cln65lp_base_lvt_ss_typical_max_0p90v_125c 
NOR2_X1M_A9TL               2     2.880    sc9_cln65lp_base_lvt_ss_typical_max_0p90v_125c 
NOR2_X1P4A_A9TL            16    34.560    sc9_cln65lp_base_lvt_ss_typical_max_0p90v_125c 
NOR2_X1P4M_A9TL             1     2.160    sc9_cln65lp_base_lvt_ss_typical_max_0p90v_125c 
NOR2_X2A_A9TL              13    32.760    sc9_cln65lp_base_lvt_ss_typical_max_0p90v_125c 
NOR2_X2B_A9TL               2     5.040    sc9_cln65lp_base_lvt_ss_typical_max_0p90v_125c 
NOR2_X2B_A9TR               1     2.520    sc9_cln65lp_base_rvt_ss_typical_max_0p90v_125c 
NOR2_X2M_A9TL               1     2.520    sc9_cln65lp_base_lvt_ss_typical_max_0p90v_125c 
NOR2_X3A_A9TL               9    29.160    sc9_cln65lp_base_lvt_ss_typical_max_0p90v_125c 
NOR2_X3M_A9TL               1     3.240    sc9_cln65lp_base_lvt_ss_typical_max_0p90v_125c 
NOR2_X4A_A9TL               4    15.840    sc9_cln65lp_base_lvt_ss_typical_max_0p90v_125c 
NOR2_X4B_A9TL               1     3.960    sc9_cln65lp_base_lvt_ss_typical_max_0p90v_125c 
NOR2_X4M_A9TL               5    19.800    sc9_cln65lp_base_lvt_ss_typical_max_0p90v_125c 
NOR2_X6A_A9TL               3    18.360    sc9_cln65lp_base_lvt_ss_typical_max_0p90v_125c 
NOR2_X6B_A9TL               1     6.120    sc9_cln65lp_base_lvt_ss_typical_max_0p90v_125c 
NOR2_X6M_A9TL               1     6.120    sc9_cln65lp_base_lvt_ss_typical_max_0p90v_125c 
NOR2_X8B_A9TL               1     7.560    sc9_cln65lp_base_lvt_ss_typical_max_0p90v_125c 
NOR2_X8M_A9TL               1     7.560    sc9_cln65lp_base_lvt_ss_typical_max_0p90v_125c 
OA211_X0P7M_A9TL            1     3.240    sc9_cln65lp_base_lvt_ss_typical_max_0p90v_125c 
OA211_X2M_A9TL              1     5.760    sc9_cln65lp_base_lvt_ss_typical_max_0p90v_125c 
OA211_X4M_A9TL              2    20.880    sc9_cln65lp_base_lvt_ss_typical_max_0p90v_125c 
OA21_X1M_A9TL               3     8.640    sc9_cln65lp_base_lvt_ss_typical_max_0p90v_125c 
OA21_X1P4M_A9TL             1     3.960    sc9_cln65lp_base_lvt_ss_typical_max_0p90v_125c 
OA21_X2M_A9TL               1     4.680    sc9_cln65lp_base_lvt_ss_typical_max_0p90v_125c 
OA22_X1M_A9TL               3     9.720    sc9_cln65lp_base_lvt_ss_typical_max_0p90v_125c 
OAI211_X1M_A9TL             4    10.080    sc9_cln65lp_base_lvt_ss_typical_max_0p90v_125c 
OAI211_X1P4M_A9TL           1     3.960    sc9_cln65lp_base_lvt_ss_typical_max_0p90v_125c 
OAI211_X2M_A9TL             1     4.320    sc9_cln65lp_base_lvt_ss_typical_max_0p90v_125c 
OAI211_X3M_A9TL             1     6.120    sc9_cln65lp_base_lvt_ss_typical_max_0p90v_125c 
OAI21B_X1M_A9TL             2     5.760    sc9_cln65lp_base_lvt_ss_typical_max_0p90v_125c 
OAI21B_X3M_A9TL             1     5.760    sc9_cln65lp_base_lvt_ss_typical_max_0p90v_125c 
OAI21B_X4M_A9TL             2    14.400    sc9_cln65lp_base_lvt_ss_typical_max_0p90v_125c 
OAI21_X1M_A9TL              8    17.280    sc9_cln65lp_base_lvt_ss_typical_max_0p90v_125c 
OAI21_X1P4M_A9TL            4    12.960    sc9_cln65lp_base_lvt_ss_typical_max_0p90v_125c 
OAI21_X2M_A9TL              4    14.400    sc9_cln65lp_base_lvt_ss_typical_max_0p90v_125c 
OAI21_X2M_A9TR              1     3.600    sc9_cln65lp_base_rvt_ss_typical_max_0p90v_125c 
OAI21_X3M_A9TL              7    32.760    sc9_cln65lp_base_lvt_ss_typical_max_0p90v_125c 
OAI21_X4M_A9TL              9    55.080    sc9_cln65lp_base_lvt_ss_typical_max_0p90v_125c 
OAI21_X6M_A9TL              8    66.240    sc9_cln65lp_base_lvt_ss_typical_max_0p90v_125c 
OAI21_X8M_A9TL              1    11.160    sc9_cln65lp_base_lvt_ss_typical_max_0p90v_125c 
OAI221_X1M_A9TL             1     3.240    sc9_cln65lp_base_lvt_ss_typical_max_0p90v_125c 
OAI221_X1P4M_A9TL           1     5.040    sc9_cln65lp_base_lvt_ss_typical_max_0p90v_125c 
OAI22_X1M_A9TL              3     7.560    sc9_cln65lp_base_lvt_ss_typical_max_0p90v_125c 
OAI22_X3M_A9TL              1     6.120    sc9_cln65lp_base_lvt_ss_typical_max_0p90v_125c 
OAI2XB1_X1M_A9TL            1     2.880    sc9_cln65lp_base_lvt_ss_typical_max_0p90v_125c 
OAI2XB1_X1P4M_A9TL          1     3.600    sc9_cln65lp_base_lvt_ss_typical_max_0p90v_125c 
OAI2XB1_X2M_A9TL            5    21.600    sc9_cln65lp_base_lvt_ss_typical_max_0p90v_125c 
OAI2XB1_X3M_A9TL           12    69.120    sc9_cln65lp_base_lvt_ss_typical_max_0p90v_125c 
OAI2XB1_X4M_A9TL           14   105.840    sc9_cln65lp_base_lvt_ss_typical_max_0p90v_125c 
OAI2XB1_X6M_A9TL            4    37.440    sc9_cln65lp_base_lvt_ss_typical_max_0p90v_125c 
OAI2XB1_X8M_A9TL            1    12.960    sc9_cln65lp_base_lvt_ss_typical_max_0p90v_125c 
OR2_X0P5M_A9TL              9    16.200    sc9_cln65lp_base_lvt_ss_typical_max_0p90v_125c 
OR2_X1M_A9TL                7    15.120    sc9_cln65lp_base_lvt_ss_typical_max_0p90v_125c 
OR2_X1P4M_A9TL              5    12.600    sc9_cln65lp_base_lvt_ss_typical_max_0p90v_125c 
OR2_X2M_A9TL                7    22.680    sc9_cln65lp_base_lvt_ss_typical_max_0p90v_125c 
OR2_X3M_A9TL                5    18.000    sc9_cln65lp_base_lvt_ss_typical_max_0p90v_125c 
OR2_X4M_A9TL                3    15.120    sc9_cln65lp_base_lvt_ss_typical_max_0p90v_125c 
OR2_X4M_A9TR                1     5.040    sc9_cln65lp_base_rvt_ss_typical_max_0p90v_125c 
OR4_X8M_A9TL                1    16.920    sc9_cln65lp_base_lvt_ss_typical_max_0p90v_125c 
XNOR2_X0P7M_A9TL           10    32.400    sc9_cln65lp_base_lvt_ss_typical_max_0p90v_125c 
XNOR2_X1M_A9TL              8    28.800    sc9_cln65lp_base_lvt_ss_typical_max_0p90v_125c 
XNOR2_X2M_A9TL             21   128.520    sc9_cln65lp_base_lvt_ss_typical_max_0p90v_125c 
XNOR2_X3M_A9TL              8    63.360    sc9_cln65lp_base_lvt_ss_typical_max_0p90v_125c 
XNOR2_X4M_A9TL              6    60.480    sc9_cln65lp_base_lvt_ss_typical_max_0p90v_125c 
XNOR3_X0P5M_A9TL           14    85.680    sc9_cln65lp_base_lvt_ss_typical_max_0p90v_125c 
XNOR3_X0P7M_A9TL            1     6.480    sc9_cln65lp_base_lvt_ss_typical_max_0p90v_125c 
XNOR3_X1M_A9TL             14    90.720    sc9_cln65lp_base_lvt_ss_typical_max_0p90v_125c 
XNOR3_X1P4M_A9TL            1    10.080    sc9_cln65lp_base_lvt_ss_typical_max_0p90v_125c 
XNOR3_X3M_A9TL             20   280.800    sc9_cln65lp_base_lvt_ss_typical_max_0p90v_125c 
XNOR3_X4M_A9TL             19   348.840    sc9_cln65lp_base_lvt_ss_typical_max_0p90v_125c 
XOR2_X0P7M_A9TL            18    58.320    sc9_cln65lp_base_lvt_ss_typical_max_0p90v_125c 
XOR2_X1M_A9TL              16    57.600    sc9_cln65lp_base_lvt_ss_typical_max_0p90v_125c 
XOR2_X1P4M_A9TL             2    12.240    sc9_cln65lp_base_lvt_ss_typical_max_0p90v_125c 
XOR2_X2M_A9TL              29   177.480    sc9_cln65lp_base_lvt_ss_typical_max_0p90v_125c 
XOR2_X3M_A9TL              51   403.920    sc9_cln65lp_base_lvt_ss_typical_max_0p90v_125c 
XOR2_X4M_A9TL              27   272.160    sc9_cln65lp_base_lvt_ss_typical_max_0p90v_125c 
XOR3_X0P5M_A9TL             3    18.360    sc9_cln65lp_base_lvt_ss_typical_max_0p90v_125c 
XOR3_X1M_A9TL               4    25.920    sc9_cln65lp_base_lvt_ss_typical_max_0p90v_125c 
XOR3_X1P4M_A9TL             1    10.080    sc9_cln65lp_base_lvt_ss_typical_max_0p90v_125c 
XOR3_X3M_A9TL              21   294.840    sc9_cln65lp_base_lvt_ss_typical_max_0p90v_125c 
XOR3_X4M_A9TL              11   201.960    sc9_cln65lp_base_lvt_ss_typical_max_0p90v_125c 
------------------------------------------------------------------------------------------
total                    1955  9637.920                                                   


                    Library                    Instances   Area   Instances % 
------------------------------------------------------------------------------
sc9_cln65lp_base_hvt_ss_typical_max_0p90v_125c         1    1.440         0.1 
sc9_cln65lp_base_lvt_ss_typical_max_0p90v_125c      1939 9583.200        99.2 
sc9_cln65lp_base_rvt_ss_typical_max_0p90v_125c        15   53.280         0.8 

                                         
     Type      Instances   Area   Area % 
-----------------------------------------
inverter             323  672.120    7.0 
buffer                21   97.920    1.0 
logic               1611 8867.880   92.0 
physical_cells         0    0.000    0.0 
-----------------------------------------
total               1955 9637.920  100.0 

