============================================================
  Generated by:           Genus(TM) Synthesis Solution 21.15-s080_1
  Generated on:           Aug 11 2024  07:12:37 pm
  Module:                 proj_hasher
  Operating conditions:   ss_typical_max_0p90v_125c 
  Interconnect mode:      global
  Area mode:              physical library
============================================================

Timing
--------

Clock  Period 
--------------
clk   10000.0 


  Cost    Critical         Violating 
 Group   Path Slack  TNS     Paths   
-------------------------------------
clk        No paths   0.0            
default    No paths   0.0            
in2out          0.1   0.0          0 
-------------------------------------
Total                 0.0          0 

Instance Count
--------------
Leaf Instance Count             1955 
Physical Instance count            0 
Sequential Instance Count          0 
Combinational Instance Count    1955 
Hierarchical Instance Count        0 

Area
----
Cell Area                          9637.920
Physical Cell Area                 0.000
Total Cell Area (Cell+Physical)    9637.920
Net Area                           3116.839
Total Area (Cell+Physical+Net)     12754.759

Max Fanout                         16 (n_28)
Min Fanout                         1 (k[1]_131)
Average Fanout                     2.1
Terms to net ratio                 3.0246
Terms to instance ratio            3.2706
Runtime                            190.1914610000002 seconds
Elapsed Runtime                    213 seconds
Genus peak memory usage            6894.54 
Innovus peak memory usage          no_value 
Hostname                           ip-10-0-112-224.eu-central-1.compute.internal
