============================================================
  Generated by:           Genus(TM) Synthesis Solution 21.15-s080_1
  Generated on:           Aug 11 2024  07:23:07 pm
  Module:                 proj_extender
  Operating conditions:   ss_typical_max_0p90v_125c 
  Interconnect mode:      global
  Area mode:              physical library
============================================================


Summary
-------
--------------------------------------------------------------------------
            Category            Number     %    Average Toggle Saving %   
--------------------------------------------------------------------------
 Total Clock Gating Instances        1  100.00                         -  
--------------------------------------------------------------------------
 RC Clock Gating Instances           1  100.00                     50.00  
 Non-RC Clock Gating Instances       0    0.00                      0.00  
--------------------------------------------------------------------------
 RC Gated Flip-flops               288   97.30                     50.00  
 Non-RC Gated Flip-flops             0    0.00                      0.00  
--------------------------------------------------------------------------
 Total Gated Flip-flops            288   97.30                         -  
 Total Ungated Flip-flops            8    2.70                         -  
 Enable signal is constant           4   50.00                         -  
 Register bank width too small       4   50.00                         -  
--------------------------------------------------------------------------
 Total Flip-flops                  296  100.00                         -  
--------------------------------------------------------------------------
Multibit Flip-flop Summary
--------------------------
-------------------------------------------------------
Width     Number     Bits     RC Gated     Ungated     
-------------------------------------------------------
1-bit     296        296      288 (97.30%) 8 (2.70%)   
-------------------------------------------------------


