============================================================
  Generated by:           Genus(TM) Synthesis Solution 21.15-s080_1
  Generated on:           Aug 11 2024  01:49:25 pm
  Module:                 proj_extender
  Operating conditions:   ss_typical_max_0p90v_125c 
  Interconnect mode:      global
  Area mode:              physical library
============================================================

Timing
--------

Clock  Period 
--------------
clk   10000.0 


        Cost          Critical         Violating 
       Group         Path Slack  TNS     Paths   
-------------------------------------------------
cg_enable_group_clk      7734.2   0.0          0 
clk                    No paths   0.0            
default                No paths   0.0            
in2out                   4559.3   0.0          0 
in2reg                   7806.6   0.0          0 
reg2out                  6329.8   0.0          0 
reg2reg                  9105.8   0.0          0 
-------------------------------------------------
Total                             0.0          0 

Instance Count
--------------
Leaf Instance Count             83 
Physical Instance count          0 
Sequential Instance Count       32 
Combinational Instance Count    51 
Hierarchical Instance Count      1 

Area
----
Cell Area                          362.520
Physical Cell Area                 0.000
Total Cell Area (Cell+Physical)    362.520
Net Area                           147.594
Total Area (Cell+Physical+Net)     510.114

Max Fanout                         28 (rc_gclk)
Min Fanout                         0 (n_2)
Average Fanout                     2.0
Terms to net ratio                 2.5680
Terms to instance ratio            3.8675
Runtime                            72.805368 seconds
Elapsed Runtime                    83 seconds
Genus peak memory usage            6890.72 
Innovus peak memory usage          no_value 
Hostname                           ip-10-0-112-224.eu-central-1.compute.internal
