============================================================
  Generated by:           Genus(TM) Synthesis Solution 21.15-s080_1
  Generated on:           Aug 11 2024  07:10:05 pm
  Module:                 proj_hasher
  Operating conditions:   ss_typical_max_0p90v_125c 
  Interconnect mode:      global
  Area mode:              physical library
============================================================


Path 1: VIOLATED (-1045 ps) Late External Delay Assertion at pin signature[25]
          Group: in2out
     Startpoint: (R) kmer[1]
          Clock: (R) clk
       Endpoint: (R) signature[25]
          Clock: (R) clk

                        Capture       Launch     
           Path Delay:+    9000            -     
           Drv Adjust:+       0          106     
          Src Latency:+       0            0     
          Net Latency:+       0 (I)        0 (I) 
        Capture Clock:+       0                  
              Arrival:=    9000          106     
                                                 
         Output Delay:-    2000                  
          Uncertainty:-      50                  
        Required Time:=    6950                  
         Launch Clock:-     106                  
          Input Delay:-    2000                  
            Data Path:-    5889                  
                Slack:=   -1045                  

Exceptions/Constraints:
  max_delay                9000            proj.sdc_line_18      
  input_delay              2000            proj.sdc_line_15_63_1 
  output_delay             2000            proj.sdc_line_17_69_1 

#-----------------------------------------------------------------------------------
#   Timing Point    Flags    Arc    Edge      Cell       Fanout Trans Delay Arrival 
#                                                                (ps)  (ps)   (ps)  
#-----------------------------------------------------------------------------------
  kmer[1]           (u)     -       R     (arrival)          16   203     0    2106 
  mul_27_13/g1093/z (u)     in_1->z R     unmapped_xor2       2     0   117    2223 
  mul_27_13/g1099/z (u)     in_0->z F     unmapped_nand2      1     0    52    2276 
  mul_27_13/g1100/z (u)     in_1->z R     unmapped_nand2      3     0    75    2351 
  mul_27_13/g2172/z (u)     in_1->z F     unmapped_nand2      1     0    52    2403 
  mul_27_13/g2174/z (u)     in_1->z R     unmapped_nand3      3     0   100    2503 
  mul_27_13/g2245/z (u)     in_0->z F     unmapped_nand2      1     0    52    2556 
  mul_27_13/g2248/z (u)     in_0->z R     unmapped_nand3      3     0   100    2656 
  mul_27_13/g2321/z (u)     in_1->z R     unmapped_xor2       1     0   104    2760 
  mul_27_13/g2322/z (u)     in_0->z R     unmapped_xor2       3     0   127    2887 
  mul_27_13/g2333/z (u)     in_1->z R     unmapped_xor2       1     0   104    2992 
  mul_27_13/g2334/z (u)     in_0->z R     unmapped_xor2       3     0   127    3119 
  mul_27_13/g2339/z (u)     in_1->z R     unmapped_xor2       1     0   104    3224 
  mul_27_13/g2340/z (u)     in_0->z R     unmapped_xor2       2     0   117    3340 
  mul_27_13/g3023/z (u)     in_1->z F     unmapped_nand2      3     0    75    3416 
  mul_27_13/g3085/z (u)     in_0->z R     unmapped_nor2       1     0    52    3468 
  mul_27_13/g3087/z (u)     in_0->z F     unmapped_nor2       3     0    75    3543 
  mul_27_13/g3157/z (u)     in_0->z R     unmapped_nor2       1     0    52    3595 
  mul_27_13/g3159/z (u)     in_0->z F     unmapped_nor2       5     0    93    3688 
  mul_27_13/g3216/z (u)     in_1->z R     unmapped_nor2       1     0    52    3740 
  mul_27_13/g3218/z (u)     in_0->z F     unmapped_nor2       1     0    52    3792 
  mul_27_13/g3270/z (u)     in_0->z R     unmapped_not        1     0    36    3828 
  mul_27_13/g3271/z (u)     in_1->z F     unmapped_nor2       1     0    52    3880 
  mul_27_13/g3321/z (u)     in_0->z R     unmapped_nand2      1     0    52    3933 
  mul_27_13/g3401/z (u)     in_0->z R     unmapped_xnor2     11     0   179    4112 
  mul_29_12/g697/z  (u)     in_1->z R     unmapped_xor2       2     0   117    4229 
  mul_29_12/g698/z  (u)     in_0->z F     unmapped_nand2      1     0    52    4281 
  mul_29_12/g700/z  (u)     in_0->z R     unmapped_nand2      3     0    75    4356 
  mul_29_12/g2140/z (u)     in_1->z F     unmapped_nand2      1     0    52    4408 
  mul_29_12/g2142/z (u)     in_1->z R     unmapped_nand3      3     0   100    4508 
  mul_29_12/g2208/z (u)     in_1->z F     unmapped_nand2      1     0    52    4561 
  mul_29_12/g2210/z (u)     in_1->z R     unmapped_nand3      3     0   100    4661 
  mul_29_12/g2283/z (u)     in_1->z R     unmapped_xor2       1     0   104    4765 
  mul_29_12/g2284/z (u)     in_0->z R     unmapped_xor2       3     0   127    4893 
  mul_29_12/g2295/z (u)     in_1->z R     unmapped_xor2       1     0   104    4997 
  mul_29_12/g2296/z (u)     in_0->z R     unmapped_xor2       3     0   127    5124 
  mul_29_12/g2301/z (u)     in_1->z R     unmapped_xor2       1     0   104    5229 
  mul_29_12/g2302/z (u)     in_0->z R     unmapped_xor2       2     0   117    5346 
  mul_29_12/g2966/z (u)     in_1->z F     unmapped_nand2      3     0    75    5421 
  mul_29_12/g3028/z (u)     in_0->z R     unmapped_nor2       1     0    52    5473 
  mul_29_12/g3030/z (u)     in_0->z F     unmapped_nor2       3     0    75    5548 
  mul_29_12/g3100/z (u)     in_0->z R     unmapped_nor2       1     0    52    5600 
  mul_29_12/g3102/z (u)     in_0->z F     unmapped_nor2       5     0    93    5693 
  mul_29_12/g3164/z (u)     in_0->z R     unmapped_nor2       1     0    52    5745 
  mul_29_12/g3166/z (u)     in_0->z F     unmapped_nor2       1     0    52    5798 
  mul_29_12/g3218/z (u)     in_0->z R     unmapped_not        1     0    36    5833 
  mul_29_12/g3219/z (u)     in_1->z F     unmapped_nor2       1     0    52    5886 
  mul_29_12/g3267/z (u)     in_0->z R     unmapped_nand2      1     0    52    5938 
  mul_29_12/g3346/z (u)     in_0->z R     unmapped_xnor2      1     0   104    6042 
  g31/z             (u)     in_1->z R     unmapped_xor2       3     0   127    6170 
  mul_33_23/g12/z   (u)     in_0->z R     unmapped_and2       3     0    75    6245 
  mul_33_23/g174/z  (u)     in_0->z R     unmapped_xor2       1     0   104    6349 
  mul_33_23/g175/z  (u)     in_0->z R     unmapped_xor2       2     0   117    6466 
  mul_33_23/g320/z  (u)     in_1->z F     unmapped_nor2       3     0    75    6541 
  mul_33_23/g382/z  (u)     in_1->z R     unmapped_nor2       2     0    65    6606 
  mul_33_23/g409/z  (u)     in_0->z F     unmapped_not        1     0    36    6642 
  mul_33_23/g410/z  (u)     in_1->z R     unmapped_nor2       1     0    52    6694 
  mul_33_23/g412/z  (u)     in_0->z F     unmapped_nor2       5     0    93    6787 
  mul_33_23/g483/z  (u)     in_1->z R     unmapped_nor2       1     0    52    6839 
  mul_33_23/g485/z  (u)     in_0->z F     unmapped_nor2       1     0    52    6891 
  mul_33_23/g535/z  (u)     in_0->z R     unmapped_nand2     16     0   146    7037 
  mul_33_23/g573/z  (u)     in_0->z F     unmapped_nand2      1     0    52    7089 
  mul_33_23/g574/z  (u)     in_1->z R     unmapped_nand2      1     0    52    7141 
  mul_33_23/g653/z  (u)     in_0->z R     unmapped_xnor2      2     0   117    7258 
  add_33_27/g42/z   (u)     in_0->z F     unmapped_nor2       3     0    75    7333 
  add_33_27/g103/z  (u)     in_1->z R     unmapped_nor2       1     0    52    7386 
  add_33_27/g105/z  (u)     in_0->z F     unmapped_nor2       1     0    52    7438 
  add_33_27/g173/z  (u)     in_0->z R     unmapped_not        1     0    36    7474 
  add_33_27/g174/z  (u)     in_1->z F     unmapped_nor2       5     0    93    7566 
  add_33_27/g247/z  (u)     in_1->z R     unmapped_nor2       1     0    52    7619 
  add_33_27/g249/z  (u)     in_0->z F     unmapped_nor2       8     0   115    7734 
  add_33_27/g287/z  (u)     in_1->z R     unmapped_nor2       1     0    52    7786 
  add_33_27/g289/z  (u)     in_0->z F     unmapped_nor2       1     0    52    7839 
  add_33_27/g348/z  (u)     in_0->z R     unmapped_nand2      1     0    52    7891 
  add_33_27/g433/z  (u)     in_0->z R     unmapped_xnor2      1     0   104    7995 
  signature[25]     -       -       R     (port)              -     -     0    7995 
#-----------------------------------------------------------------------------------

(u) : Net has unmapped pin(s).

