============================================================
  Generated by:           Genus(TM) Synthesis Solution 21.15-s080_1
  Generated on:           Aug 11 2024  01:41:16 pm
  Module:                 proj_counter
  Operating conditions:   ss_typical_max_0p90v_125c 
  Interconnect mode:      global
  Area mode:              physical library
============================================================


Path 1: MET (7062 ps) Late External Delay Assertion at pin finished_count
          Group: reg2out
     Startpoint: (R) out_index_reg[3]/CK
          Clock: (R) clk
       Endpoint: (R) finished_count
          Clock: (R) clk

                     Capture       Launch     
        Clock Edge:+   10000            0     
       Src Latency:+       0            0     
       Net Latency:+       0 (I)        0 (I) 
           Arrival:=   10000            0     
                                              
      Output Delay:-    2000                  
       Uncertainty:-      50                  
     Required Time:=    7950                  
      Launch Clock:-       0                  
         Data Path:-     888                  
             Slack:=    7062                  

Exceptions/Constraints:
  output_delay             2000            proj.sdc_line_17_7_1 

#------------------------------------------------------------------------------------
#    Timing Point     Flags   Arc   Edge      Cell        Fanout Trans Delay Arrival 
#                                                                 (ps)  (ps)   (ps)  
#------------------------------------------------------------------------------------
  out_index_reg[3]/CK -       -     R     (arrival)            9     0     0       0 
  out_index_reg[3]/Q  -       CK->Q R     DFFRPQ_X1M_A9TL      4   197   373     373 
  g449__6417/Y        -       D->Y  R     AND4_X0P5M_A9TL      1   122   223     597 
  g446__1666/Y        -       D->Y  R     AND4_X0P5M_A9TL      3   265   291     888 
  finished_count      -       -     R     (port)               -     -     0     888 
#------------------------------------------------------------------------------------

