============================================================
  Generated by:           Genus(TM) Synthesis Solution 21.15-s080_1
  Generated on:           Aug 11 2024  12:18:33 pm
  Module:                 proj_hasher
  Operating conditions:   ss_typical_max_0p90v_125c 
  Interconnect mode:      global
  Area mode:              physical library
============================================================


Path 1: MET (0 ps) Late External Delay Assertion at pin signature[19]
          Group: in2out
     Startpoint: (F) kmer[13]
          Clock: (R) clk
       Endpoint: (F) signature[19]
          Clock: (R) clk

                        Capture       Launch     
           Path Delay:+    9000            -     
           Drv Adjust:+       0           16     
          Src Latency:+       0            0     
          Net Latency:+       0 (I)        0 (I) 
        Capture Clock:+       0                  
              Arrival:=    9000           16     
                                                 
         Output Delay:-    2000                  
          Uncertainty:-      50                  
        Required Time:=    6950                  
         Launch Clock:-      16                  
          Input Delay:-    2000                  
            Data Path:-    4934                  
                Slack:=       0                  

Exceptions/Constraints:
  max_delay                9000            proj.sdc_line_18      
  input_delay              2000            proj.sdc_line_15_51_1 
  output_delay             2000            proj.sdc_line_17_75_1 

#---------------------------------------------------------------------------------------------------------------
#               Timing Point                Flags    Arc    Edge        Cell         Fanout Trans Delay Arrival 
#                                                                                            (ps)  (ps)   (ps)  
#---------------------------------------------------------------------------------------------------------------
  kmer[13]                                  -       -       F     (arrival)               1    54     0    2016 
  g144/Y                                    -       A->Y    F     BUF_X16M_A9TL          12    62   117    2132 
  const_mul_30_13_g11239/Y                  -       A->Y    R     INV_X11M_A9TL           8    60    60    2193 
  const_mul_30_13_g11028__5115/Y            -       B->Y    R     MXT2_X4M_A9TL           2    72   125    2318 
  const_mul_30_13_g10830__2802/Y            -       S0->Y   F     MXT2_X3M_A9TL           2    79   164    2481 
  const_mul_30_13_g10673__7098/Y            -       A->Y    R     NAND2_X4M_A9TL          1    77    75    2556 
  const_mul_30_13_g10656__5526/Y            -       B0N->Y  F     AO21B_X6M_A9TL          3    71    67    2623 
  const_mul_30_13_g11331__7098/Y            -       A->Y    F     OR2_X3M_A9TL            1    51   120    2743 
  const_mul_30_13_g10459__5115/Y            -       B->Y    R     NAND2_X4B_A9TL          1    63    56    2799 
  const_mul_30_13_g10447__3680/Y            -       B0N->Y  F     AO21B_X6M_A9TL          2    60    57    2856 
  const_mul_30_13_g10410/Y                  -       A->Y    R     INV_X3M_A9TL            2    57    58    2914 
  const_mul_30_13_g10347__6161/Y            -       A1->Y   R     AO21B_X3M_A9TL          1    74   135    3049 
  const_mul_30_13_g10325__2802/Y            -       A->Y    F     NAND2XB_X6M_A9TL        2    42    44    3093 
  const_mul_30_13_g10279__6783/Y            -       BN->Y   F     NAND2XB_X4M_A9TL        2    54   113    3206 
  const_mul_30_13_g10273/Y                  -       A->Y    R     INV_X3M_A9TL            2    67    63    3269 
  const_mul_30_13_g10272/Y                  -       A->Y    F     INV_X5M_A9TL            3    42    48    3317 
  const_mul_30_13_g10213__9945/Y            -       A->Y    R     NAND3XXB_X6M_A9TL       3   130    80    3398 
  const_mul_30_13_g10212/Y                  -       A->Y    F     INV_X3M_A9TL            3    62    68    3466 
  const_mul_30_13_g10204__6131/Y            -       BN->Y   F     NOR2XB_X3M_A9TL         1    63   132    3597 
  const_mul_30_13_g10191__6260/Y            -       A->Y    R     NAND2XB_X3M_A9TL        1    77    64    3661 
  const_mul_30_13_g10176__1881/Y            -       A->Y    F     NAND4XXXB_X4M_A9TL      1   104    77    3738 
  const_mul_30_13_g10175__6131/Y            -       S0->Y   R     MXT2_X6M_A9TL          12   158   215    3953 
  const_mul_32_12_g9367/Y                   -       A->Y    F     NAND2_X1P4A_A9TL        2   130   119    4072 
  const_mul_32_12_g9204/Y                   -       C0->Y   F     OA211_X2M_A9TL          2    64   154    4226 
  const_mul_32_12_g9114/CON                 -       CI->CON R     CGENI_X2M_A9TL          1   134    96    4322 
  const_mul_32_12_g8902/SUM                 -       CI->SUM F     ADDFH_X2M_A9TL          2   106   274    4597 
  const_mul_32_12_g8887/Y                   -       A->Y    R     XOR2_X4M_A9TL           1   170    93    4690 
  const_mul_32_12_g8869/Y                   -       A->Y    R     XOR2_X3M_A9TL           2   185   122    4812 
  const_mul_32_12_g9434/Y                   -       BN->Y   R     NAND2XB_X3M_A9TL        3   118   186    4998 
  const_mul_32_12_g8822/Y                   -       A->Y    F     NAND2_X4M_A9TL          3    87    81    5079 
  const_mul_32_12_g8772/Y                   -       A->Y    R     NOR2_X4A_A9TL           2   101    92    5171 
  const_mul_32_12_g8762/Y                   -       A->Y    F     NAND2_X3A_A9TL          1    69    68    5240 
  const_mul_32_12_g8749/Y                   -       C0->Y   F     OA211_X4M_A9TL          2    65   128    5368 
  const_mul_32_12_g8748/Y                   -       A->Y    R     INV_X4M_A9TL            3    70    70    5438 
  const_mul_32_12_g8710/Y                   -       A0->Y   F     AOI2XB1_X4M_A9TL        1    74    64    5502 
  const_mul_32_12_g8707/Y                   -       B0->Y   R     OAI21_X4M_A9TL          1   110    76    5578 
  const_mul_32_12_g8705/Y                   -       S0->Y   R     MXIT2_X3M_A9TL          1   148    99    5677 
  g193__6260/Y                              -       A->Y    R     XOR2_X3M_A9TL           1   158   106    5783 
  WALLACE_CSA_DUMMY_OP_groupi_g2448/Y       -       A->Y    F     INV_X3M_A9TL            3    74    82    5864 
  WALLACE_CSA_DUMMY_OP_groupi_g2393__1617/S -       A->S    R     ADDH_X2M_A9TL           2    91   232    6097 
  WALLACE_CSA_DUMMY_OP_groupi_g2473__6260/Y -       BN->Y   R     NAND2XB_X3M_A9TL        2    99   145    6241 
  WALLACE_CSA_DUMMY_OP_groupi_g2265__2398/Y -       B0->Y   F     OAI21_X6M_A9TL          1    58    63    6305 
  WALLACE_CSA_DUMMY_OP_groupi_g2240__2802/Y -       B0->Y   R     AOI2XB1_X6M_A9TL        3   111    93    6398 
  WALLACE_CSA_DUMMY_OP_groupi_g2220__9945/Y -       A1->Y   R     OA211_X4M_A9TL          1    68   154    6552 
  WALLACE_CSA_DUMMY_OP_groupi_g2197__6260/Y -       B->Y    F     NAND2_X8M_A9TL         13   126    98    6650 
  WALLACE_CSA_DUMMY_OP_groupi_g2465__2883/Y -       A0->Y   R     AOI21_X3M_A9TL          1   134   127    6778 
  WALLACE_CSA_DUMMY_OP_groupi_g2154__6161/Y -       A0->Y   F     OAI2XB1_X4M_A9TL        1    99    83    6860 
  WALLACE_CSA_DUMMY_OP_groupi_g2144__2802/Y -       A->Y    F     XOR2_X3M_A9TL           1   100    90    6950 
  signature[19]                             -       -       F     (port)                  -     -     0    6950 
#---------------------------------------------------------------------------------------------------------------

