============================================================
  Generated by:           Genus(TM) Synthesis Solution 21.15-s080_1
  Generated on:           Aug 11 2024  01:34:41 pm
  Module:                 proj_fm
  Operating conditions:   ss_typical_max_0p90v_125c 
  Interconnect mode:      global
  Area mode:              physical library
============================================================

                                         
       Gate         Instances    Area                         Library                      
-------------------------------------------------------------------------------------------
AND2_X0P7M_A9TL             2      3.600    sc9_cln65lp_base_lvt_ss_typical_max_0p90v_125c 
AND2_X0P7M_A9TR            43     77.400    sc9_cln65lp_base_rvt_ss_typical_max_0p90v_125c 
AND2_X1M_A9TL               1      1.800    sc9_cln65lp_base_lvt_ss_typical_max_0p90v_125c 
AND2_X2M_A9TL               1      2.520    sc9_cln65lp_base_lvt_ss_typical_max_0p90v_125c 
AND2_X3M_A9TL               3     11.880    sc9_cln65lp_base_lvt_ss_typical_max_0p90v_125c 
AND3_X1M_A9TL               1      2.520    sc9_cln65lp_base_lvt_ss_typical_max_0p90v_125c 
AND3_X1M_A9TR               1      2.520    sc9_cln65lp_base_rvt_ss_typical_max_0p90v_125c 
AND3_X3M_A9TL               1      5.760    sc9_cln65lp_base_lvt_ss_typical_max_0p90v_125c 
AND4_X0P5M_A9TR             2      5.760    sc9_cln65lp_base_rvt_ss_typical_max_0p90v_125c 
AND4_X2M_A9TL              14     90.720    sc9_cln65lp_base_lvt_ss_typical_max_0p90v_125c 
AO1B2_X1M_A9TL              1      2.520    sc9_cln65lp_base_lvt_ss_typical_max_0p90v_125c 
AO21B_X0P5M_A9TL            3      7.560    sc9_cln65lp_base_lvt_ss_typical_max_0p90v_125c 
AO21_X1M_A9TR               1      2.880    sc9_cln65lp_base_rvt_ss_typical_max_0p90v_125c 
AOI211_X0P7M_A9TL         469   1181.880    sc9_cln65lp_base_lvt_ss_typical_max_0p90v_125c 
AOI211_X4M_A9TL             1      7.560    sc9_cln65lp_base_lvt_ss_typical_max_0p90v_125c 
AOI21B_X0P7M_A9TR           3      8.640    sc9_cln65lp_base_rvt_ss_typical_max_0p90v_125c 
AOI21_X0P7M_A9TL            4      8.640    sc9_cln65lp_base_lvt_ss_typical_max_0p90v_125c 
AOI21_X0P7M_A9TR           11     23.760    sc9_cln65lp_base_rvt_ss_typical_max_0p90v_125c 
AOI21_X1M_A9TL              9     19.440    sc9_cln65lp_base_lvt_ss_typical_max_0p90v_125c 
AOI21_X2M_A9TL              1      3.600    sc9_cln65lp_base_lvt_ss_typical_max_0p90v_125c 
AOI221_X0P7M_A9TL          68    220.320    sc9_cln65lp_base_lvt_ss_typical_max_0p90v_125c 
AOI221_X0P7M_A9TR         496   1607.040    sc9_cln65lp_base_rvt_ss_typical_max_0p90v_125c 
AOI221_X1M_A9TL             4     12.960    sc9_cln65lp_base_lvt_ss_typical_max_0p90v_125c 
AOI222_X0P7M_A9TL          30    118.800    sc9_cln65lp_base_lvt_ss_typical_max_0p90v_125c 
AOI22_X0P5M_A9TL           49    123.480    sc9_cln65lp_base_lvt_ss_typical_max_0p90v_125c 
AOI22_X1M_A9TL             64    161.280    sc9_cln65lp_base_lvt_ss_typical_max_0p90v_125c 
AOI31_X0P7M_A9TL           37     93.240    sc9_cln65lp_base_lvt_ss_typical_max_0p90v_125c 
AOI31_X1M_A9TL             31     78.120    sc9_cln65lp_base_lvt_ss_typical_max_0p90v_125c 
AOI32_X0P5M_A9TL           38    109.440    sc9_cln65lp_base_lvt_ss_typical_max_0p90v_125c 
AOI32_X1M_A9TL             44    126.720    sc9_cln65lp_base_lvt_ss_typical_max_0p90v_125c 
BUFH_X0P7M_A9TL            14     20.160    sc9_cln65lp_base_lvt_ss_typical_max_0p90v_125c 
BUFH_X4M_A9TL               4     15.840    sc9_cln65lp_base_lvt_ss_typical_max_0p90v_125c 
BUFH_X7P5M_A9TL             1      6.840    sc9_cln65lp_base_lvt_ss_typical_max_0p90v_125c 
DFFRPQN_X1M_A9TL            2     16.560    sc9_cln65lp_base_lvt_ss_typical_max_0p90v_125c 
DFFRPQN_X3M_A9TL            2     19.440    sc9_cln65lp_base_lvt_ss_typical_max_0p90v_125c 
DFFRPQ_X1M_A9TL             1      8.640    sc9_cln65lp_base_lvt_ss_typical_max_0p90v_125c 
DFFRPQ_X3M_A9TL             1      9.360    sc9_cln65lp_base_lvt_ss_typical_max_0p90v_125c 
INV_X0P5B_A9TH              1      1.080    sc9_cln65lp_base_hvt_ss_typical_max_0p90v_125c 
INV_X0P5M_A9TL              1      1.080    sc9_cln65lp_base_lvt_ss_typical_max_0p90v_125c 
INV_X11M_A9TL               1      5.760    sc9_cln65lp_base_lvt_ss_typical_max_0p90v_125c 
INV_X1M_A9TL              189    204.120    sc9_cln65lp_base_lvt_ss_typical_max_0p90v_125c 
INV_X2B_A9TL               25     36.000    sc9_cln65lp_base_lvt_ss_typical_max_0p90v_125c 
INV_X2M_A9TL              579    833.760    sc9_cln65lp_base_lvt_ss_typical_max_0p90v_125c 
INV_X3B_A9TL               16     34.560    sc9_cln65lp_base_lvt_ss_typical_max_0p90v_125c 
INV_X3M_A9TL               12     25.920    sc9_cln65lp_base_lvt_ss_typical_max_0p90v_125c 
INV_X4M_A9TL               12     30.240    sc9_cln65lp_base_lvt_ss_typical_max_0p90v_125c 
INV_X5B_A9TL                1      2.880    sc9_cln65lp_base_lvt_ss_typical_max_0p90v_125c 
INV_X5M_A9TL                9     25.920    sc9_cln65lp_base_lvt_ss_typical_max_0p90v_125c 
INV_X6B_A9TL                1      3.600    sc9_cln65lp_base_lvt_ss_typical_max_0p90v_125c 
INV_X6M_A9TL                1      3.600    sc9_cln65lp_base_lvt_ss_typical_max_0p90v_125c 
INV_X7P5B_A9TL              1      4.320    sc9_cln65lp_base_lvt_ss_typical_max_0p90v_125c 
INV_X7P5M_A9TL              4     17.280    sc9_cln65lp_base_lvt_ss_typical_max_0p90v_125c 
MXIT2_X0P5M_A9TL           45    145.800    sc9_cln65lp_base_lvt_ss_typical_max_0p90v_125c 
MXIT2_X0P5M_A9TR         1120   3628.800    sc9_cln65lp_base_rvt_ss_typical_max_0p90v_125c 
MXIT4_X0P5M_A9TL            3     27.000    sc9_cln65lp_base_lvt_ss_typical_max_0p90v_125c 
MXIT4_X0P5M_A9TR            4     36.000    sc9_cln65lp_base_rvt_ss_typical_max_0p90v_125c 
MXIT4_X0P7M_A9TL            3     28.080    sc9_cln65lp_base_lvt_ss_typical_max_0p90v_125c 
MXT2_X0P7M_A9TH             3     10.800    sc9_cln65lp_base_hvt_ss_typical_max_0p90v_125c 
MXT2_X0P7M_A9TL           110    396.000    sc9_cln65lp_base_lvt_ss_typical_max_0p90v_125c 
MXT4_X0P7M_A9TL             1     10.080    sc9_cln65lp_base_lvt_ss_typical_max_0p90v_125c 
MXT4_X0P7M_A9TR             1     10.080    sc9_cln65lp_base_rvt_ss_typical_max_0p90v_125c 
MXT4_X1M_A9TL               2     20.880    sc9_cln65lp_base_lvt_ss_typical_max_0p90v_125c 
NAND2B_X0P7M_A9TR           4      8.640    sc9_cln65lp_base_rvt_ss_typical_max_0p90v_125c 
NAND2XB_X2M_A9TL            2      5.760    sc9_cln65lp_base_lvt_ss_typical_max_0p90v_125c 
NAND2XB_X3M_A9TL            1      3.960    sc9_cln65lp_base_lvt_ss_typical_max_0p90v_125c 
NAND2XB_X4M_A9TL            1      4.680    sc9_cln65lp_base_lvt_ss_typical_max_0p90v_125c 
NAND2_X0P7B_A9TL         1053   1516.320    sc9_cln65lp_base_lvt_ss_typical_max_0p90v_125c 
NAND2_X1A_A9TL             22     31.680    sc9_cln65lp_base_lvt_ss_typical_max_0p90v_125c 
NAND2_X1B_A9TL             11     15.840    sc9_cln65lp_base_lvt_ss_typical_max_0p90v_125c 
NAND2_X1M_A9TL             12     17.280    sc9_cln65lp_base_lvt_ss_typical_max_0p90v_125c 
NAND2_X2A_A9TL              1      2.520    sc9_cln65lp_base_lvt_ss_typical_max_0p90v_125c 
NAND2_X3A_A9TL              1      3.600    sc9_cln65lp_base_lvt_ss_typical_max_0p90v_125c 
NAND2_X4A_A9TL              2      8.640    sc9_cln65lp_base_lvt_ss_typical_max_0p90v_125c 
NAND3B_X0P7M_A9TR           2      5.040    sc9_cln65lp_base_rvt_ss_typical_max_0p90v_125c 
NAND3_X0P5A_A9TL            1      2.160    sc9_cln65lp_base_lvt_ss_typical_max_0p90v_125c 
NAND3_X1A_A9TL              5     10.800    sc9_cln65lp_base_lvt_ss_typical_max_0p90v_125c 
NAND3_X1M_A9TL              3      6.480    sc9_cln65lp_base_lvt_ss_typical_max_0p90v_125c 
NAND3_X2M_A9TL              2      6.480    sc9_cln65lp_base_lvt_ss_typical_max_0p90v_125c 
NAND4XXXB_X1M_A9TL          2      5.760    sc9_cln65lp_base_lvt_ss_typical_max_0p90v_125c 
NAND4_X1A_A9TL            256    645.120    sc9_cln65lp_base_lvt_ss_typical_max_0p90v_125c 
NOR2_X0P7B_A9TL            38     54.720    sc9_cln65lp_base_lvt_ss_typical_max_0p90v_125c 
NOR2_X1A_A9TL               1      1.440    sc9_cln65lp_base_lvt_ss_typical_max_0p90v_125c 
NOR2_X1B_A9TL               3      4.320    sc9_cln65lp_base_lvt_ss_typical_max_0p90v_125c 
NOR2_X1M_A9TL               2      2.880    sc9_cln65lp_base_lvt_ss_typical_max_0p90v_125c 
NOR2_X2B_A9TL               1      2.520    sc9_cln65lp_base_lvt_ss_typical_max_0p90v_125c 
NOR2_X4A_A9TL               2      7.920    sc9_cln65lp_base_lvt_ss_typical_max_0p90v_125c 
NOR3_X0P7A_A9TL             3      6.480    sc9_cln65lp_base_lvt_ss_typical_max_0p90v_125c 
NOR3_X2M_A9TL               1      3.240    sc9_cln65lp_base_lvt_ss_typical_max_0p90v_125c 
OA211_X0P5M_A9TL            1      3.240    sc9_cln65lp_base_lvt_ss_typical_max_0p90v_125c 
OA211_X0P7M_A9TL            1      3.240    sc9_cln65lp_base_lvt_ss_typical_max_0p90v_125c 
OA211_X1P4M_A9TR            1      5.760    sc9_cln65lp_base_rvt_ss_typical_max_0p90v_125c 
OA211_X3M_A9TL              1      7.560    sc9_cln65lp_base_lvt_ss_typical_max_0p90v_125c 
OA21_X0P7M_A9TL             2      5.760    sc9_cln65lp_base_lvt_ss_typical_max_0p90v_125c 
OA21_X0P7M_A9TR             2      5.760    sc9_cln65lp_base_rvt_ss_typical_max_0p90v_125c 
OA21_X1M_A9TL               3      8.640    sc9_cln65lp_base_lvt_ss_typical_max_0p90v_125c 
OA21_X1P4M_A9TL             5     19.800    sc9_cln65lp_base_lvt_ss_typical_max_0p90v_125c 
OAI211_X1M_A9TL            10     25.200    sc9_cln65lp_base_lvt_ss_typical_max_0p90v_125c 
OAI21B_X0P7M_A9TL           1      2.880    sc9_cln65lp_base_lvt_ss_typical_max_0p90v_125c 
OAI21_X0P5M_A9TL           22     47.520    sc9_cln65lp_base_lvt_ss_typical_max_0p90v_125c 
OAI21_X0P7M_A9TL            1      2.160    sc9_cln65lp_base_lvt_ss_typical_max_0p90v_125c 
OAI21_X1M_A9TL             33     71.280    sc9_cln65lp_base_lvt_ss_typical_max_0p90v_125c 
OAI221_X0P5M_A9TL          72    233.280    sc9_cln65lp_base_lvt_ss_typical_max_0p90v_125c 
OAI221_X1M_A9TL            60    194.400    sc9_cln65lp_base_lvt_ss_typical_max_0p90v_125c 
OAI222_X1M_A9TL            35    138.600    sc9_cln65lp_base_lvt_ss_typical_max_0p90v_125c 
OAI22_X0P5M_A9TL         1038   2615.760    sc9_cln65lp_base_lvt_ss_typical_max_0p90v_125c 
OAI22_X1M_A9TL              6     15.120    sc9_cln65lp_base_lvt_ss_typical_max_0p90v_125c 
OAI2XB1_X0P5M_A9TL          1      2.520    sc9_cln65lp_base_lvt_ss_typical_max_0p90v_125c 
OAI2XB1_X0P5M_A9TR          3      7.560    sc9_cln65lp_base_rvt_ss_typical_max_0p90v_125c 
OAI31_X0P5M_A9TL           69    173.880    sc9_cln65lp_base_lvt_ss_typical_max_0p90v_125c 
OAI31_X0P7M_A9TL          128    322.560    sc9_cln65lp_base_lvt_ss_typical_max_0p90v_125c 
OAI31_X1M_A9TL             31     78.120    sc9_cln65lp_base_lvt_ss_typical_max_0p90v_125c 
OR2_X0P5M_A9TL              2      3.600    sc9_cln65lp_base_lvt_ss_typical_max_0p90v_125c 
OR2_X1M_A9TL                1      2.160    sc9_cln65lp_base_lvt_ss_typical_max_0p90v_125c 
OR2_X1P4M_A9TL              2      5.040    sc9_cln65lp_base_lvt_ss_typical_max_0p90v_125c 
OR2_X2M_A9TL                1      3.240    sc9_cln65lp_base_lvt_ss_typical_max_0p90v_125c 
OR2_X3M_A9TL                1      3.600    sc9_cln65lp_base_lvt_ss_typical_max_0p90v_125c 
SDFFQ_X1M_A9TL            512   4976.640    sc9_cln65lp_base_lvt_ss_typical_max_0p90v_125c 
SDFFRPQN_X1M_A9TL           1     10.440    sc9_cln65lp_base_lvt_ss_typical_max_0p90v_125c 
SDFFRPQN_X3M_A9TL           1     11.880    sc9_cln65lp_base_lvt_ss_typical_max_0p90v_125c 
XNOR2_X0P5M_A9TL            9     29.160    sc9_cln65lp_base_lvt_ss_typical_max_0p90v_125c 
-------------------------------------------------------------------------------------------
total                    7091  21183.480                                                   


                    Library                    Instances    Area   Instances % 
-------------------------------------------------------------------------------
sc9_cln65lp_base_hvt_ss_typical_max_0p90v_125c         4    11.880         0.1 
sc9_cln65lp_base_lvt_ss_typical_max_0p90v_125c      5393 15735.960        76.1 
sc9_cln65lp_base_rvt_ss_typical_max_0p90v_125c      1694  5435.640        23.9 

                                          
     Type      Instances    Area   Area % 
------------------------------------------
sequential           520  5052.960   23.9 
inverter             853  1230.120    5.8 
buffer                19    42.840    0.2 
logic               5699 14857.560   70.1 
physical_cells         0     0.000    0.0 
------------------------------------------
total               7091 21183.480  100.0 

