============================================================
  Generated by:           Genus(TM) Synthesis Solution 21.15-s080_1
  Generated on:           Aug 11 2024  01:34:45 pm
  Module:                 proj_fm
  Operating conditions:   ss_typical_max_0p90v_125c 
  Interconnect mode:      global
  Area mode:              physical library
============================================================

Max_transition design rule: no violations.


Max_capacitance design rule: no violations.


Max_fanout design rule (violation total = 4.000)
Pin                       Fanout           Max     Violation
--------------------------------------------------------------
drc_bufs43055/Y           20.000        16.000         4.000
drc_bufs43055/Y           20.000        16.000         4.000
drc_bufs43055/Y           20.000        16.000         4.000
drc_bufs43055/Y           20.000        16.000         4.000
drc_bufs43055/Y           20.000        16.000         4.000
drc_bufs43055/Y           20.000        16.000         4.000
drc_bufs43055/Y           20.000        16.000         4.000
drc_bufs43055/Y           20.000        16.000         4.000
drc_bufs43055/Y           20.000        16.000         4.000
drc_bufs43055/Y           20.000        16.000         4.000
drc_bufs43055/Y           20.000        16.000         4.000
drc_bufs43055/Y           20.000        16.000         4.000
drc_bufs43055/Y           20.000        16.000         4.000
drc_bufs43055/Y           20.000        16.000         4.000
drc_bufs43055/Y           20.000        16.000         4.000
drc_bufs43055/Y           20.000        16.000         4.000
drc_bufs43055/Y           20.000        16.000         4.000
drc_bufs43055/Y           20.000        16.000         4.000
drc_bufs43055/Y           20.000        16.000         4.000
drc_bufs43055/Y           20.000        16.000         4.000
drc_bufs43055/Y           20.000        16.000         4.000



