============================================================
  Generated by:           Genus(TM) Synthesis Solution 21.15-s080_1
  Generated on:           Aug 11 2024  01:34:46 pm
  Module:                 proj_fm
  Operating conditions:   ss_typical_max_0p90v_125c 
  Interconnect mode:      global
  Area mode:              physical library
============================================================

Timing
--------

Clock  Period 
--------------
clk   10000.0 


  Cost    Critical         Violating 
 Group   Path Slack  TNS     Paths   
-------------------------------------
clk        No paths   0.0            
default    No paths   0.0            
in2out       4573.5   0.0          0 
in2reg       6558.7   0.0          0 
reg2out      6530.2   0.0          0 
reg2reg      6476.5   0.0          0 
-------------------------------------
Total                 0.0          0 

Instance Count
--------------
Leaf Instance Count             7091 
Physical Instance count            0 
Sequential Instance Count        520 
Combinational Instance Count    6571 
Hierarchical Instance Count        0 

Area
----
Cell Area                          21183.480
Physical Cell Area                 0.000
Total Cell Area (Cell+Physical)    21183.480
Net Area                           13851.253
Total Area (Cell+Physical+Net)     35034.733

Max Fanout                         520 (clk)
Min Fanout                         0 (n_155)
Average Fanout                     3.3
Terms to net ratio                 4.2459
Terms to instance ratio            4.2201
Runtime                            429.83460099999996 seconds
Elapsed Runtime                    448 seconds
Genus peak memory usage            6893.78 
Innovus peak memory usage          no_value 
Hostname                           ip-10-0-112-224.eu-central-1.compute.internal
