============================================================
  Generated by:           Genus(TM) Synthesis Solution 21.15-s080_1
  Generated on:           Aug 11 2024  07:29:43 pm
  Module:                 proj_counter
  Operating conditions:   ss_typical_max_0p90v_125c 
  Interconnect mode:      global
  Area mode:              physical library
============================================================

Timing
--------

Clock  Period 
--------------
clk   10000.0 


        Cost          Critical         Violating 
       Group         Path Slack  TNS     Paths   
-------------------------------------------------
cg_enable_group_clk      7335.8   0.0          0 
clk                    No paths   0.0            
default                No paths   0.0            
in2out                 No paths   0.0            
in2reg                   7312.8   0.0          0 
reg2out                  6901.6   0.0          0 
reg2reg                  7296.5   0.0          0 
-------------------------------------------------
Total                             0.0          0 

Instance Count
--------------
Leaf Instance Count             45 
Physical Instance count          0 
Sequential Instance Count       12 
Combinational Instance Count    33 
Hierarchical Instance Count      1 

Area
----
Cell Area                          190.800
Physical Cell Area                 0.000
Total Cell Area (Cell+Physical)    190.800
Net Area                           71.222
Total Area (Cell+Physical+Net)     262.022

Max Fanout                         10 (n_37)
Min Fanout                         0 (n_0)
Average Fanout                     2.0
Terms to net ratio                 2.9643
Terms to instance ratio            3.6889
Runtime                            70.968653 seconds
Elapsed Runtime                    84 seconds
Genus peak memory usage            6896.72 
Innovus peak memory usage          no_value 
Hostname                           ip-10-0-112-224.eu-central-1.compute.internal
