============================================================
  Generated by:           Genus(TM) Synthesis Solution 21.15-s080_1
  Generated on:           Aug 09 2024  12:47:34 pm
  Module:                 proj_sorter
  Operating conditions:   ss_typical_max_0p90v_125c 
  Interconnect mode:      global
  Area mode:              physical library
============================================================


Path 1: MET (4763 ps) Late External Delay Assertion at pin sort_valid
          Group: in2out
     Startpoint: (R) end_sorting
          Clock: (R) clk
       Endpoint: (R) sort_valid
          Clock: (R) clk

                        Capture       Launch     
           Path Delay:+   10000            -     
           Drv Adjust:+       0            8     
          Src Latency:+       0            0     
          Net Latency:+       0 (I)        0 (I) 
        Capture Clock:+       0                  
              Arrival:=   10000            8     
                                                 
         Output Delay:-    2500                  
          Uncertainty:-     125                  
        Required Time:=    7375                  
         Launch Clock:-       8                  
          Input Delay:-    2500                  
            Data Path:-     104                  
                Slack:=    4763                  

Exceptions/Constraints:
  max_delay               10000            proj_sorter.sdc_line_18      
  input_delay              2500            proj_sorter.sdc_line_15_38_1 
  output_delay             2500            proj_sorter.sdc_line_17_57_1 

#--------------------------------------------------------------------------------
# Timing Point   Flags    Arc    Edge      Cell       Fanout Trans Delay Arrival 
#                                                             (ps)  (ps)   (ps)  
#--------------------------------------------------------------------------------
  end_sorting    (u)     -       R     (arrival)           1    42     0    2508 
  mux_67_25/g1/z (u)     sel0->z R     unmapped_bmux3      1     0   104    2612 
  sort_valid     -       -       R     (port)              -     -     0    2612 
#--------------------------------------------------------------------------------

(u) : Net has unmapped pin(s).

