============================================================
  Generated by:           Genus(TM) Synthesis Solution 21.15-s080_1
  Generated on:           Aug 09 2024  12:47:34 pm
  Module:                 proj_sorter
  Operating conditions:   ss_typical_max_0p90v_125c 
  Interconnect mode:      global
  Area mode:              physical library
============================================================


Path 1: MET (7230 ps) Setup Check with Pin smallest_idx_curr_reg[1][signature][31]/clk->d
          Group: reg2reg
     Startpoint: (R) smallest_idx_curr_reg[1][signature][1]/clk
          Clock: (R) clk
       Endpoint: (R) smallest_idx_curr_reg[1][signature][31]/d
          Clock: (R) clk

                     Capture       Launch     
        Clock Edge:+   10000            0     
       Src Latency:+       0            0     
       Net Latency:+       0 (I)        0 (I) 
           Arrival:=   10000            0     
                                              
             Setup:-     199                  
       Uncertainty:-     125                  
     Required Time:=    9676                  
      Launch Clock:-       0                  
         Data Path:-    2446                  
             Slack:=    7230                  

#-----------------------------------------------------------------------------------------------------------------
#                 Timing Point                   Flags    Arc    Edge      Cell        Fanout Trans Delay Arrival 
#                                                                                              (ps)  (ps)   (ps)  
#-----------------------------------------------------------------------------------------------------------------
  smallest_idx_curr_reg[1][signature][1]/clk     -       -       R     (arrival)          148     0     0       0 
  smallest_idx_curr_reg[1][signature][1]/q       (u)     clk->q  R     unmapped_d_flop      3     0   366     366 
  lt_40_68_I2/g32/z                              (u)     in_0->z F     unmapped_not         2     0    48     415 
  lt_40_68_I2/g36/z                              (u)     in_1->z R     unmapped_nor2        1     0    52     467 
  lt_40_68_I2/g98/z                              (u)     in_0->z F     unmapped_not         1     0    36     503 
  lt_40_68_I2/g99/z                              (u)     in_1->z R     unmapped_nand2       1     0    52     555 
  lt_40_68_I2/g100/z                             (u)     in_1->z F     unmapped_nand2       1     0    52     607 
  lt_40_68_I2/g164/z                             (u)     in_1->z R     unmapped_nand2       1     0    52     660 
  lt_40_68_I2/g165/z                             (u)     in_1->z F     unmapped_nand2       1     0    52     712 
  lt_40_68_I2/g245/z                             (u)     in_0->z R     unmapped_nand2       1     0    52     764 
  lt_40_68_I2/g246/z                             (u)     in_1->z F     unmapped_nand2       1     0    52     817 
  lt_40_68_I2/g315/z                             (u)     in_1->z R     unmapped_nand2       1     0    52     869 
  lt_40_68_I2/g316/z                             (u)     in_1->z F     unmapped_nand2       1     0    52     921 
  lt_40_68_I2/g398/z                             (u)     in_0->z R     unmapped_nand2       1     0    52     974 
  lt_40_68_I2/g399/z                             (u)     in_1->z F     unmapped_nand2       1     0    52    1026 
  lt_40_68_I2/g34/z                              (u)     in_0->z R     unmapped_not         1     0    36    1062 
  mux_40_23/g1/z                                 (u)     sel0->z F     unmapped_bmux3       2     0   117    1178 
  add_41_35_I2/g2/z                              (u)     in_1->z R     unmapped_nand2       1     0    52    1231 
  add_41_35_I2/g23/z                             (u)     in_0->z F     unmapped_not         2     0    48    1279 
  add_41_35_I2/g17/z                             (u)     in_0->z F     unmapped_xnor2       3     0   127    1406 
  add_41_35_I3/g24/z                             (u)     in_0->z R     unmapped_not         1     0    36    1442 
  add_41_35_I3/g17/z                             (u)     in_1->z F     unmapped_xnor2       3     0   127    1569 
  add_41_35_I4/g24/z                             (u)     in_0->z R     unmapped_not         1     0    36    1605 
  add_41_35_I4/g17/z                             (u)     in_1->z R     unmapped_xnor2       2     0   117    1722 
  sub_55_43/g3/z                                 (u)     in_0->z F     unmapped_not         2     0    48    1770 
  sub_55_43/g7/z                                 (u)     in_1->z R     unmapped_nor2        1     0    52    1822 
  sub_55_43/g11/z                                (u)     in_0->z F     unmapped_not         2     0    48    1871 
  sub_55_43/g17/z                                (u)     in_0->z R     unmapped_nand2       1     0    52    1923 
  sub_55_43/g18/z                                (u)     in_1->z F     unmapped_xnor2       3     0   127    2050 
  g36/z                                          (u)     in_0->z R     unmapped_not         2     0    48    2098 
  g56/z                                          (u)     in_1->z F     unmapped_nand2       1     0    52    2151 
  g57/z                                          (u)     in_0->z R     unmapped_not         1     0    36    2186 
  g5/z                                           (u)     in_0->z R     unmapped_and2       37     0   155    2341 
  mux_smallest_idx_curr[1][signature]_78_41/g1/z (u)     sel0->z R     unmapped_bmux3       1     0   104    2446 
  smallest_idx_curr_reg[1][signature][31]/d      -       -       R     unmapped_d_flop      1     -     0    2446 
#-----------------------------------------------------------------------------------------------------------------

(u) : Net has unmapped pin(s).

