============================================================
  Generated by:           Genus(TM) Synthesis Solution 21.15-s080_1
  Generated on:           Aug 08 2024  09:07:41 pm
  Module:                 proj_kmer_buffer
  Operating conditions:   ss_typical_max_0p90v_125c 
  Interconnect mode:      global
  Area mode:              physical library
============================================================


Path 1: VIOLATED (-2935 ps) Late External Delay Assertion at pin signature[31]
          Group: reg2out
     Startpoint: (R) kmer_buffer_reg[18]/clk
          Clock: (R) clk
       Endpoint: (R) signature[31]
          Clock: (R) clk

                     Capture       Launch     
        Clock Edge:+    1650            0     
       Src Latency:+       0            0     
       Net Latency:+       0 (I)        0 (I) 
           Arrival:=    1650            0     
                                              
      Output Delay:-     412                  
       Uncertainty:-     125                  
     Required Time:=    1112                  
      Launch Clock:-       0                  
         Data Path:-    4048                  
             Slack:=   -2935                  

Exceptions/Constraints:
  output_delay             412             proj_kmer_buffer.sdc_line_17_35_1 

#------------------------------------------------------------------------------------------
#      Timing Point       Flags    Arc    Edge      Cell        Fanout Trans Delay Arrival 
#                                                                       (ps)  (ps)   (ps)  
#------------------------------------------------------------------------------------------
  kmer_buffer_reg[18]/clk -       -       R     (arrival)           36     0     0       0 
  kmer_buffer_reg[18]/q   (u)     clk->q  R     unmapped_d_flop     17     0   440     440 
  mul_95_35/g989/z        (u)     in_1->z R     unmapped_xor2        2     0   117     557 
  mul_95_35/g995/z        (u)     in_0->z F     unmapped_nand2       1     0    52     610 
  mul_95_35/g996/z        (u)     in_1->z R     unmapped_nand2       3     0    75     685 
  mul_95_35/g1997/z       (u)     in_1->z R     unmapped_xor2        1     0   104     789 
  mul_95_35/g1998/z       (u)     in_0->z R     unmapped_xor2        3     0   127     916 
  mul_95_35/g2021/z       (u)     in_1->z R     unmapped_xor2        1     0   104    1021 
  mul_95_35/g2022/z       (u)     in_0->z R     unmapped_xor2        3     0   127    1148 
  mul_95_35/g2033/z       (u)     in_1->z R     unmapped_xor2        1     0   104    1252 
  mul_95_35/g2034/z       (u)     in_0->z R     unmapped_xor2        3     0   127    1380 
  mul_95_35/g2039/z       (u)     in_1->z R     unmapped_xor2        1     0   104    1484 
  mul_95_35/g2040/z       (u)     in_0->z R     unmapped_xor2        2     0   117    1601 
  mul_95_35/g2805/z       (u)     in_1->z F     unmapped_nor2        3     0    75    1676 
  mul_95_35/g2864/z       (u)     in_1->z R     unmapped_nor2        1     0    52    1728 
  mul_95_35/g2866/z       (u)     in_0->z F     unmapped_nor2        3     0    75    1803 
  mul_95_35/g2931/z       (u)     in_0->z R     unmapped_nor2        1     0    52    1856 
  mul_95_35/g2933/z       (u)     in_0->z F     unmapped_nor2        1     0    52    1908 
  mul_95_35/g2992/z       (u)     in_0->z R     unmapped_not         1     0    36    1944 
  mul_95_35/g2993/z       (u)     in_1->z F     unmapped_nor2        8     0   115    2059 
  mul_95_35/g3024/z       (u)     in_1->z R     unmapped_nor2        1     0    52    2112 
  mul_95_35/g3026/z       (u)     in_0->z F     unmapped_nor2        1     0    52    2164 
  mul_95_35/g3080/z       (u)     in_0->z R     unmapped_nand2       1     0    52    2216 
  mul_95_35/g3157/z       (u)     in_0->z R     unmapped_xnor2       1     0   104    2321 
  g4/g26/z                (u)     in_1->z R     unmapped_xor2        3     0   127    2448 
  mul_103_27/g26/z        (u)     in_0->z R     unmapped_and2        3     0    75    2523 
  mul_103_27/g258/z       (u)     in_0->z R     unmapped_xor2        1     0   104    2627 
  mul_103_27/g259/z       (u)     in_0->z R     unmapped_xor2        2     0   117    2744 
  mul_103_27/g348/z       (u)     in_1->z F     unmapped_nor2        3     0    75    2819 
  mul_103_27/g115/z       (u)     in_1->z R     unmapped_nor2        1     0    52    2872 
  mul_103_27/g117/z       (u)     in_0->z F     unmapped_nor2        3     0    75    2946 
  mul_103_27/g450/z       (u)     in_0->z R     unmapped_nor2        1     0    52    2999 
  mul_103_27/g452/z       (u)     in_0->z F     unmapped_nor2        4     0    84    3083 
  mul_103_27/g504/z       (u)     in_1->z R     unmapped_nor2        1     0    52    3135 
  mul_103_27/g506/z       (u)     in_0->z F     unmapped_nor2        1     0    52    3187 
  mul_103_27/g554/z       (u)     in_0->z R     unmapped_not         1     0    36    3223 
  mul_103_27/g555/z       (u)     in_1->z F     unmapped_nor2        1     0    52    3276 
  mul_103_27/g600/z       (u)     in_0->z R     unmapped_nand2       1     0    52    3328 
  mul_103_27/g680/z       (u)     in_0->z R     unmapped_xnor2       2     0   117    3445 
  add_103_31/g63/z        (u)     in_0->z F     unmapped_nand2       2     0    65    3509 
  add_103_31/g124/z       (u)     in_0->z R     unmapped_not         1     0    36    3545 
  add_103_31/g125/z       (u)     in_1->z F     unmapped_nor2        2     0    65    3610 
  add_103_31/g196/z       (u)     in_1->z R     unmapped_nor2        1     0    52    3662 
  add_103_31/g198/z       (u)     in_0->z F     unmapped_nor2        1     0    52    3714 
  add_103_31/g261/z       (u)     in_0->z R     unmapped_not         1     0    36    3750 
  add_103_31/g262/z       (u)     in_1->z F     unmapped_nor2        1     0    52    3803 
  add_103_31/g319/z       (u)     in_0->z R     unmapped_not         1     0    36    3838 
  add_103_31/g320/z       (u)     in_1->z F     unmapped_nor2        1     0    52    3891 
  add_103_31/g366/z       (u)     in_0->z R     unmapped_nand2       1     0    52    3943 
  add_103_31/g449/z       (u)     in_0->z R     unmapped_xnor2       1     0   104    4048 
  signature[31]           -       -       R     (port)               -     -     0    4048 
#------------------------------------------------------------------------------------------

(u) : Net has unmapped pin(s).

