============================================================
  Generated by:           Genus(TM) Synthesis Solution 21.15-s080_1
  Generated on:           Aug 09 2024  12:48:34 pm
  Module:                 proj_sorter
  Operating conditions:   ss_typical_max_0p90v_125c 
  Interconnect mode:      global
  Area mode:              physical library
============================================================


Path 1: MET (10 ps) Setup Check with Pin smallest_idx_curr_reg[0][signature][4]/CK->D
          Group: in2reg
     Startpoint: (F) in_signature[0]
          Clock: (R) clk
       Endpoint: (F) smallest_idx_curr_reg[0][signature][4]/D
          Clock: (R) clk

                     Capture       Launch     
        Clock Edge:+   10000            0     
        Drv Adjust:+       0           17     
       Src Latency:+       0            0     
       Net Latency:+       0 (I)        0 (I) 
           Arrival:=   10000           17     
                                              
             Setup:-      88                  
       Uncertainty:-     125                  
     Required Time:=    9788                  
      Launch Clock:-      17                  
       Input Delay:-    2500                  
         Data Path:-    7261                  
             Slack:=      10                  

Exceptions/Constraints:
  input_delay             2500            proj_sorter.sdc_line_15_31_1 

#------------------------------------------------------------------------------------------------------------
#              Timing Point                Flags    Arc    Edge       Cell        Fanout Trans Delay Arrival 
#                                                                                         (ps)  (ps)   (ps)  
#------------------------------------------------------------------------------------------------------------
  in_signature[0]                          -       -       F     (arrival)             3    55     0    2517 
  lt_40_68_I1_g584__8246/Y                 -       B->Y    R     NOR2_X2M_A9TL         1    99    91    2608 
  lt_40_68_I1_g578__6783/Y                 -       A1->Y   F     AOI21_X2M_A9TL        1   127    94    2702 
  lt_40_68_I1_g577__5526/Y                 -       A->Y    R     NOR2XB_X4M_A9TL       1    80    80    2782 
  lt_40_68_I1_g576__8428/Y                 -       A0->Y   F     OAI2XB1_X2M_A9TL      1    92    84    2866 
  lt_40_68_I1_g575__4319/Y                 -       A0->Y   R     AOI2XB1_X3M_A9TL      1   101   100    2966 
  lt_40_68_I1_g574__6260/CO                -       CIN->CO F     CGENCIN_X2M_A9TL      1   148    94    3059 
  lt_40_68_I1_g573__5107/Y                 -       B0->Y   R     OAI21_X4M_A9TL        1    90    86    3146 
  lt_40_68_I1_g572__2398/Y                 -       B0N->Y  F     AO21B_X2M_A9TL        1    80    75    3220 
  lt_40_68_I1_g571__5477/Y                 -       B0->Y   R     OAI21_X4M_A9TL        1   101    70    3291 
  lt_40_68_I1_g570__6417/Y                 -       B0N->Y  F     AO21B_X3M_A9TL        1    73    70    3361 
  lt_40_68_I1_g569__7410/CON               -       A->CON  R     CGENI_X2M_A9TL        1   133   121    3482 
  lt_40_68_I1_g568__1666/CON               -       A->CON  F     CGENI_X1M_A9TL        1   138   134    3616 
  lt_40_68_I1_g567__2346/CON               -       A->CON  R     CGENI_X1M_A9TL        1   207   182    3798 
  lt_40_68_I1_g566__2883/CON               -       A->CON  F     CGENI_X1M_A9TL        1   147   156    3954 
  lt_40_68_I1_g565__9945/CON               -       A->CON  R     CGENI_X1M_A9TL        1   208   186    4140 
  lt_40_68_I1_g564__9315/CON               -       A->CON  F     CGENI_X1M_A9TL        1   147   157    4297 
  lt_40_68_I1_g563__6161/CON               -       A->CON  R     CGENI_X1M_A9TL        1   208   186    4483 
  lt_40_68_I1_g562__4733/CON               -       A->CON  F     CGENI_X1M_A9TL        1   147   157    4639 
  lt_40_68_I1_g561__7482/CON               -       A->CON  R     CGENI_X1M_A9TL        1   208   186    4825 
  lt_40_68_I1_g560__5115/CON               -       A->CON  F     CGENI_X1M_A9TL        1   147   157    4982 
  lt_40_68_I1_g559__1881/CON               -       A->CON  R     CGENI_X1M_A9TL        1   208   186    5168 
  lt_40_68_I1_g558__6131/CON               -       A->CON  F     CGENI_X1M_A9TL        1   147   157    5324 
  lt_40_68_I1_g557__7098/CON               -       A->CON  R     CGENI_X1M_A9TL        1   208   186    5510 
  lt_40_68_I1_g556__8246/CON               -       A->CON  F     CGENI_X1M_A9TL        1   147   157    5667 
  lt_40_68_I1_g555__5122/CON               -       A->CON  R     CGENI_X1M_A9TL        1   208   186    5853 
  lt_40_68_I1_g554__1705/CON               -       A->CON  F     CGENI_X1M_A9TL        1   147   157    6009 
  lt_40_68_I1_g553__2802/CON               -       A->CON  R     CGENI_X1M_A9TL        1   208   186    6195 
  lt_40_68_I1_g552__1617/CON               -       A->CON  F     CGENI_X1M_A9TL        1   147   157    6352 
  lt_40_68_I1_g551__3680/CON               -       A->CON  R     CGENI_X1M_A9TL        1   208   186    6538 
  lt_40_68_I1_g550__6783/CON               -       A->CON  F     CGENI_X1M_A9TL        1   147   157    6694 
  lt_40_68_I1_g549__5526/CON               -       A->CON  R     CGENI_X1M_A9TL        1   208   186    6880 
  lt_40_68_I1_g548__8428/CON               -       A->CON  F     CGENI_X1M_A9TL        1   147   157    7037 
  lt_40_68_I1_g547__4319/CON               -       A->CON  R     CGENI_X1M_A9TL        1   194   178    7215 
  lt_40_68_I1_g546__6260/CON               -       CI->CON F     CGENI_X1P4M_A9TL      1   130   121    7335 
  lt_40_68_I1_g545__5107/CON               (i)     A->CON  R     CGENI_X1M_A9TL       38     0    95    7430 
  g4352__6417/S                            -       B->S    F     ADDH_X1M_A9TL         2    97   186    7616 
  g4349__1666/S                            -       B->S    R     ADDH_X1M_A9TL         2   124   234    7851 
  g4345__9945/CO                           -       B->CO   R     ADDH_X1M_A9TL         1    98   163    8014 
  g4343__9315/S                            -       A->S    F     ADDH_X1M_A9TL         4   152   248    8261 
  g4342/Y                                  -       A->Y    R     INV_X2M_A9TL          2    78    85    8346 
  g4340__4733/Y                            -       B->Y    F     NAND2_X1M_A9TL        2   153   114    8460 
  g4327__7098/Y                            -       B->Y    R     NOR2_X3A_A9TL        11   281   228    8688 
  g4499/Y                                  -       A->Y    F     INV_X0P5B_A9TH        1   299   333    9021 
  g4312__4319/Y                            -       B0N->Y  R     AO21B_X1M_A9TL        1   179   195    9216 
  g4304/Y                                  -       A->Y    F     INV_X5M_A9TL         15   120   119    9334 
  fopt/Y                                   -       A->Y    F     BUFH_X4M_A9TL        16   126   156    9490 
  g4158__4733/Y                            -       S0->Y   R     MXIT2_X0P5M_A9TL      1   265   162    9653 
  g4017__5107/Y                            -       B->Y    F     NAND2_X1M_A9TL        1   103   125    9778 
  smallest_idx_curr_reg[0][signature][4]/D -       -       F     DFFQ_X1M_A9TL         1     -     0    9778 
#------------------------------------------------------------------------------------------------------------

(i) : Net is ideal.

