============================================================
  Generated by:           Genus(TM) Synthesis Solution 21.15-s080_1
  Generated on:           Aug 09 2024  12:48:34 pm
  Module:                 proj_sorter
  Operating conditions:   ss_typical_max_0p90v_125c 
  Interconnect mode:      global
  Area mode:              physical library
============================================================


Path 1: MET (2124 ps) Setup Check with Pin smallest_idx_curr_reg[0][signature][4]/CK->D
          Group: reg2reg
     Startpoint: (R) smallest_idx_curr_reg[0][signature][0]/CK
          Clock: (R) clk
       Endpoint: (F) smallest_idx_curr_reg[0][signature][4]/D
          Clock: (R) clk

                     Capture       Launch     
        Clock Edge:+   10000            0     
       Src Latency:+       0            0     
       Net Latency:+       0 (I)        0 (I) 
           Arrival:=   10000            0     
                                              
             Setup:-      88                  
       Uncertainty:-     125                  
     Required Time:=    9788                  
      Launch Clock:-       0                  
         Data Path:-    7664                  
             Slack:=    2124                  

#---------------------------------------------------------------------------------------------------------------
#               Timing Point                Flags    Arc    Edge        Cell         Fanout Trans Delay Arrival 
#                                                                                            (ps)  (ps)   (ps)  
#---------------------------------------------------------------------------------------------------------------
  smallest_idx_curr_reg[0][signature][0]/CK -       -       R     (arrival)             148     0     0       0 
  smallest_idx_curr_reg[0][signature][0]/Q  -       CK->Q   R     DFFQ_X1M_A9TL           4   175   311     311 
  lt_40_68_I1_g579__3680/Y                  -       A1N->Y  R     OAI2XB1_X1P4M_A9TL      1   136   211     522 
  lt_40_68_I1_g577__5526/Y                  -       BN->Y   R     NOR2XB_X4M_A9TL         1    80   146     668 
  lt_40_68_I1_g576__8428/Y                  -       A0->Y   F     OAI2XB1_X2M_A9TL        1    92    84     752 
  lt_40_68_I1_g575__4319/Y                  -       A0->Y   R     AOI2XB1_X3M_A9TL        1   101   100     852 
  lt_40_68_I1_g574__6260/CO                 -       CIN->CO F     CGENCIN_X2M_A9TL        1   148    94     946 
  lt_40_68_I1_g573__5107/Y                  -       B0->Y   R     OAI21_X4M_A9TL          1    90    86    1032 
  lt_40_68_I1_g572__2398/Y                  -       B0N->Y  F     AO21B_X2M_A9TL          1    80    75    1107 
  lt_40_68_I1_g571__5477/Y                  -       B0->Y   R     OAI21_X4M_A9TL          1   101    70    1177 
  lt_40_68_I1_g570__6417/Y                  -       B0N->Y  F     AO21B_X3M_A9TL          1    73    70    1248 
  lt_40_68_I1_g569__7410/CON                -       A->CON  R     CGENI_X2M_A9TL          1   133   121    1368 
  lt_40_68_I1_g568__1666/CON                -       A->CON  F     CGENI_X1M_A9TL          1   138   134    1502 
  lt_40_68_I1_g567__2346/CON                -       A->CON  R     CGENI_X1M_A9TL          1   207   182    1684 
  lt_40_68_I1_g566__2883/CON                -       A->CON  F     CGENI_X1M_A9TL          1   147   156    1841 
  lt_40_68_I1_g565__9945/CON                -       A->CON  R     CGENI_X1M_A9TL          1   208   186    2027 
  lt_40_68_I1_g564__9315/CON                -       A->CON  F     CGENI_X1M_A9TL          1   147   157    2183 
  lt_40_68_I1_g563__6161/CON                -       A->CON  R     CGENI_X1M_A9TL          1   208   186    2369 
  lt_40_68_I1_g562__4733/CON                -       A->CON  F     CGENI_X1M_A9TL          1   147   157    2526 
  lt_40_68_I1_g561__7482/CON                -       A->CON  R     CGENI_X1M_A9TL          1   208   186    2712 
  lt_40_68_I1_g560__5115/CON                -       A->CON  F     CGENI_X1M_A9TL          1   147   157    2868 
  lt_40_68_I1_g559__1881/CON                -       A->CON  R     CGENI_X1M_A9TL          1   208   186    3054 
  lt_40_68_I1_g558__6131/CON                -       A->CON  F     CGENI_X1M_A9TL          1   147   157    3211 
  lt_40_68_I1_g557__7098/CON                -       A->CON  R     CGENI_X1M_A9TL          1   208   186    3397 
  lt_40_68_I1_g556__8246/CON                -       A->CON  F     CGENI_X1M_A9TL          1   147   157    3553 
  lt_40_68_I1_g555__5122/CON                -       A->CON  R     CGENI_X1M_A9TL          1   208   186    3739 
  lt_40_68_I1_g554__1705/CON                -       A->CON  F     CGENI_X1M_A9TL          1   147   157    3896 
  lt_40_68_I1_g553__2802/CON                -       A->CON  R     CGENI_X1M_A9TL          1   208   186    4082 
  lt_40_68_I1_g552__1617/CON                -       A->CON  F     CGENI_X1M_A9TL          1   147   157    4238 
  lt_40_68_I1_g551__3680/CON                -       A->CON  R     CGENI_X1M_A9TL          1   208   186    4424 
  lt_40_68_I1_g550__6783/CON                -       A->CON  F     CGENI_X1M_A9TL          1   147   157    4581 
  lt_40_68_I1_g549__5526/CON                -       A->CON  R     CGENI_X1M_A9TL          1   208   186    4767 
  lt_40_68_I1_g548__8428/CON                -       A->CON  F     CGENI_X1M_A9TL          1   147   157    4923 
  lt_40_68_I1_g547__4319/CON                -       A->CON  R     CGENI_X1M_A9TL          1   194   178    5101 
  lt_40_68_I1_g546__6260/CON                -       CI->CON F     CGENI_X1P4M_A9TL        1   130   121    5222 
  lt_40_68_I1_g545__5107/CON                (i)     A->CON  R     CGENI_X1M_A9TL         38     0    95    5317 
  g4352__6417/S                             -       B->S    F     ADDH_X1M_A9TL           2    97   186    5503 
  g4349__1666/S                             -       B->S    R     ADDH_X1M_A9TL           2   124   234    5737 
  g4345__9945/CO                            -       B->CO   R     ADDH_X1M_A9TL           1    98   163    5900 
  g4343__9315/S                             -       A->S    F     ADDH_X1M_A9TL           4   152   248    6148 
  g4342/Y                                   -       A->Y    R     INV_X2M_A9TL            2    78    85    6232 
  g4340__4733/Y                             -       B->Y    F     NAND2_X1M_A9TL          2   153   114    6346 
  g4327__7098/Y                             -       B->Y    R     NOR2_X3A_A9TL          11   281   228    6574 
  g4499/Y                                   -       A->Y    F     INV_X0P5B_A9TH          1   299   333    6907 
  g4312__4319/Y                             -       B0N->Y  R     AO21B_X1M_A9TL          1   179   195    7102 
  g4304/Y                                   -       A->Y    F     INV_X5M_A9TL           15   120   119    7220 
  fopt/Y                                    -       A->Y    F     BUFH_X4M_A9TL          16   126   156    7377 
  g4158__4733/Y                             -       S0->Y   R     MXIT2_X0P5M_A9TL        1   265   162    7539 
  g4017__5107/Y                             -       B->Y    F     NAND2_X1M_A9TL          1   103   125    7664 
  smallest_idx_curr_reg[0][signature][4]/D  -       -       F     DFFQ_X1M_A9TL           1     -     0    7664 
#---------------------------------------------------------------------------------------------------------------

(i) : Net is ideal.

