============================================================
  Generated by:           Genus(TM) Synthesis Solution 21.15-s080_1
  Generated on:           Aug 09 2024  03:36:29 pm
  Module:                 proj_extender
  Operating conditions:   ss_typical_max_0p90v_125c 
  Interconnect mode:      global
  Area mode:              physical library
============================================================


Path 1: MET (7290 ps) Setup Check with Pin indices_idx_reg[7]/CK->D
          Group: reg2reg
     Startpoint: (R) frag_parts_idx_reg[0]/CK
          Clock: (R) clk
       Endpoint: (R) indices_idx_reg[7]/D
          Clock: (R) clk

                     Capture       Launch     
        Clock Edge:+   10000            0     
       Src Latency:+       0            0     
       Net Latency:+       0 (I)        0 (I) 
           Arrival:=   10000            0     
                                              
             Setup:-     130                  
       Uncertainty:-      50                  
     Required Time:=    9820                  
      Launch Clock:-       0                  
         Data Path:-    2530                  
             Slack:=    7290                  

#-----------------------------------------------------------------------------------------
#      Timing Point        Flags   Arc   Edge      Cell        Fanout Trans Delay Arrival 
#                                                                      (ps)  (ps)   (ps)  
#-----------------------------------------------------------------------------------------
  frag_parts_idx_reg[0]/CK -       -     R     (arrival)           15     0     0       0 
  frag_parts_idx_reg[0]/Q  -       CK->Q R     DFFRPQ_X1M_A9TL      4   165   355     355 
  g12601/Y                 -       A->Y  R     AND2_X1M_A9TL        1    98   167     522 
  g8759/CO                 -       B->CO R     ADDH_X1M_A9TL        1    97   157     680 
  g8758/CO                 -       B->CO R     ADDH_X1M_A9TL        1    96   157     837 
  g8757/CO                 -       B->CO R     ADDH_X1M_A9TL        1    96   157     994 
  g8756/CO                 -       B->CO R     ADDH_X1M_A9TL        7   277   262    1256 
  g8743/CO                 -       B->CO R     ADDH_X1M_A9TL        1    99   206    1462 
  g8741/CO                 -       B->CO R     ADDH_X1M_A9TL        1    98   158    1620 
  g8739/CO                 -       B->CO R     ADDH_X1M_A9TL        1    99   157    1777 
  g8737/CO                 -       B->CO R     ADDH_X1M_A9TL        1   100   158    1935 
  g8735/CO                 -       B->CO R     ADDH_X1M_A9TL        1    98   158    2093 
  g8733/CO                 -       B->CO R     ADDH_X1M_A9TL        1    99   158    2251 
  g8731/CO                 -       B->CO R     ADDH_X1M_A9TL        1    96   156    2407 
  g8729/Y                  -       A->Y  R     XOR2_X0P7M_A9TL      1   235   123    2530 
  indices_idx_reg[7]/D     -       -     R     DFFRPQ_X1M_A9TL      1     -     0    2530 
#-----------------------------------------------------------------------------------------

